<?xml version="1.0" ?>
<coverage version="7.13.1" timestamp="1768470147947" lines-valid="2146" lines-covered="1251" line-rate="0.5829" branches-covered="0" branches-valid="0" branch-rate="0" complexity="0">
	<!-- Generated by coverage.py: https://coverage.readthedocs.io/en/7.13.1 -->
	<!-- Based on https://raw.githubusercontent.com/cobertura/web/master/htdocs/xml/coverage-04.dtd -->
	<sources>
		<source>/home/pcalnon/Development/python/Juniper/JuniperCascor/juniper_cascor</source>
	</sources>
	<packages>
		<package name="src.candidate_unit" line-rate="0.8114" branch-rate="0" complexity="0">
			<classes>
				<class name="candidate_unit.py" filename="src/candidate_unit/candidate_unit.py" complexity="0" line-rate="0.8114" branch-rate="0">
					<methods/>
					<lines>
						<line number="41" hits="1"/>
						<line number="42" hits="1"/>
						<line number="43" hits="1"/>
						<line number="45" hits="1"/>
						<line number="46" hits="1"/>
						<line number="48" hits="1"/>
						<line number="49" hits="1"/>
						<line number="51" hits="1"/>
						<line number="69" hits="1"/>
						<line number="70" hits="1"/>
						<line number="75" hits="1"/>
						<line number="76" hits="1"/>
						<line number="78" hits="1"/>
						<line number="79" hits="1"/>
						<line number="80" hits="1"/>
						<line number="81" hits="1"/>
						<line number="82" hits="1"/>
						<line number="83" hits="1"/>
						<line number="84" hits="1"/>
						<line number="85" hits="1"/>
						<line number="86" hits="1"/>
						<line number="87" hits="1"/>
						<line number="88" hits="1"/>
						<line number="89" hits="1"/>
						<line number="90" hits="1"/>
						<line number="92" hits="1"/>
						<line number="93" hits="1"/>
						<line number="94" hits="1"/>
						<line number="95" hits="1"/>
						<line number="96" hits="1"/>
						<line number="97" hits="1"/>
						<line number="98" hits="1"/>
						<line number="99" hits="1"/>
						<line number="100" hits="1"/>
						<line number="101" hits="1"/>
						<line number="102" hits="1"/>
						<line number="103" hits="1"/>
						<line number="105" hits="1"/>
						<line number="106" hits="1"/>
						<line number="107" hits="1"/>
						<line number="108" hits="1"/>
						<line number="109" hits="1"/>
						<line number="110" hits="1"/>
						<line number="111" hits="1"/>
						<line number="112" hits="1"/>
						<line number="113" hits="1"/>
						<line number="114" hits="1"/>
						<line number="116" hits="1"/>
						<line number="117" hits="1"/>
						<line number="118" hits="1"/>
						<line number="119" hits="1"/>
						<line number="120" hits="1"/>
						<line number="121" hits="1"/>
						<line number="125" hits="1"/>
						<line number="130" hits="1"/>
						<line number="152" hits="1"/>
						<line number="155" hits="1"/>
						<line number="156" hits="1"/>
						<line number="157" hits="1"/>
						<line number="158" hits="1"/>
						<line number="161" hits="1"/>
						<line number="162" hits="1"/>
						<line number="165" hits="1"/>
						<line number="166" hits="1"/>
						<line number="167" hits="1"/>
						<line number="168" hits="1"/>
						<line number="169" hits="1"/>
						<line number="170" hits="1"/>
						<line number="172" hits="1"/>
						<line number="173" hits="1"/>
						<line number="176" hits="1"/>
						<line number="177" hits="1"/>
						<line number="178" hits="1"/>
						<line number="179" hits="1"/>
						<line number="180" hits="1"/>
						<line number="181" hits="1"/>
						<line number="182" hits="1"/>
						<line number="185" hits="1"/>
						<line number="186" hits="1"/>
						<line number="189" hits="1"/>
						<line number="190" hits="1"/>
						<line number="191" hits="1"/>
						<line number="192" hits="1"/>
						<line number="195" hits="1"/>
						<line number="196" hits="1"/>
						<line number="197" hits="1"/>
						<line number="198" hits="1"/>
						<line number="201" hits="1"/>
						<line number="202" hits="1"/>
						<line number="203" hits="1"/>
						<line number="204" hits="1"/>
						<line number="207" hits="1"/>
						<line number="208" hits="1"/>
						<line number="209" hits="1"/>
						<line number="210" hits="1"/>
						<line number="213" hits="1"/>
						<line number="214" hits="1"/>
						<line number="222" hits="1"/>
						<line number="223" hits="1"/>
						<line number="226" hits="1"/>
						<line number="227" hits="1"/>
						<line number="228" hits="1"/>
						<line number="229" hits="1"/>
						<line number="232" hits="1"/>
						<line number="233" hits="1"/>
						<line number="234" hits="1"/>
						<line number="235" hits="1"/>
						<line number="237" hits="1"/>
						<line number="238" hits="1"/>
						<line number="243" hits="1"/>
						<line number="245" hits="0"/>
						<line number="247" hits="0"/>
						<line number="248" hits="0"/>
						<line number="249" hits="0"/>
						<line number="250" hits="0"/>
						<line number="252" hits="1"/>
						<line number="254" hits="0"/>
						<line number="256" hits="0"/>
						<line number="257" hits="0"/>
						<line number="263" hits="1"/>
						<line number="271" hits="1"/>
						<line number="272" hits="1"/>
						<line number="273" hits="1"/>
						<line number="276" hits="1"/>
						<line number="277" hits="1"/>
						<line number="278" hits="1"/>
						<line number="279" hits="1"/>
						<line number="280" hits="1"/>
						<line number="281" hits="1"/>
						<line number="282" hits="1"/>
						<line number="283" hits="1"/>
						<line number="284" hits="1"/>
						<line number="286" hits="1"/>
						<line number="287" hits="0"/>
						<line number="289" hits="0"/>
						<line number="290" hits="0"/>
						<line number="291" hits="0"/>
						<line number="294" hits="1"/>
						<line number="309" hits="1"/>
						<line number="310" hits="1"/>
						<line number="311" hits="0"/>
						<line number="312" hits="0"/>
						<line number="313" hits="1"/>
						<line number="314" hits="1"/>
						<line number="315" hits="1"/>
						<line number="316" hits="1"/>
						<line number="317" hits="1"/>
						<line number="320" hits="1"/>
						<line number="321" hits="1"/>
						<line number="322" hits="1"/>
						<line number="323" hits="1"/>
						<line number="326" hits="1"/>
						<line number="339" hits="1"/>
						<line number="340" hits="1"/>
						<line number="341" hits="1"/>
						<line number="342" hits="1"/>
						<line number="343" hits="1"/>
						<line number="344" hits="1"/>
						<line number="347" hits="1"/>
						<line number="354" hits="1"/>
						<line number="357" hits="1"/>
						<line number="369" hits="1"/>
						<line number="370" hits="1"/>
						<line number="371" hits="1"/>
						<line number="374" hits="1"/>
						<line number="375" hits="1"/>
						<line number="376" hits="1"/>
						<line number="377" hits="0"/>
						<line number="378" hits="0"/>
						<line number="379" hits="0"/>
						<line number="380" hits="0"/>
						<line number="381" hits="0"/>
						<line number="382" hits="0"/>
						<line number="383" hits="0"/>
						<line number="385" hits="0"/>
						<line number="386" hits="0"/>
						<line number="388" hits="1"/>
						<line number="389" hits="1"/>
						<line number="392" hits="1"/>
						<line number="393" hits="1"/>
						<line number="394" hits="1"/>
						<line number="398" hits="1"/>
						<line number="410" hits="1"/>
						<line number="411" hits="1"/>
						<line number="414" hits="1"/>
						<line number="415" hits="0"/>
						<line number="416" hits="0"/>
						<line number="418" hits="1"/>
						<line number="419" hits="1"/>
						<line number="420" hits="1"/>
						<line number="421" hits="1"/>
						<line number="422" hits="1"/>
						<line number="430" hits="1"/>
						<line number="457" hits="1"/>
						<line number="458" hits="1"/>
						<line number="459" hits="1"/>
						<line number="460" hits="1"/>
						<line number="461" hits="1"/>
						<line number="464" hits="1"/>
						<line number="465" hits="1"/>
						<line number="466" hits="1"/>
						<line number="467" hits="1"/>
						<line number="470" hits="1"/>
						<line number="471" hits="1"/>
						<line number="472" hits="1"/>
						<line number="473" hits="1"/>
						<line number="474" hits="1"/>
						<line number="477" hits="1"/>
						<line number="478" hits="1"/>
						<line number="479" hits="1"/>
						<line number="480" hits="1"/>
						<line number="481" hits="1"/>
						<line number="482" hits="1"/>
						<line number="483" hits="1"/>
						<line number="486" hits="1"/>
						<line number="487" hits="1"/>
						<line number="488" hits="1"/>
						<line number="489" hits="1"/>
						<line number="490" hits="1"/>
						<line number="491" hits="1"/>
						<line number="492" hits="1"/>
						<line number="493" hits="1"/>
						<line number="496" hits="1"/>
						<line number="497" hits="1"/>
						<line number="508" hits="1"/>
						<line number="509" hits="1"/>
						<line number="510" hits="1"/>
						<line number="511" hits="1"/>
						<line number="514" hits="1"/>
						<line number="517" hits="1"/>
						<line number="518" hits="1"/>
						<line number="519" hits="1"/>
						<line number="520" hits="1"/>
						<line number="521" hits="1"/>
						<line number="522" hits="1"/>
						<line number="524" hits="1"/>
						<line number="525" hits="1"/>
						<line number="527" hits="1"/>
						<line number="528" hits="1"/>
						<line number="529" hits="1"/>
						<line number="530" hits="1"/>
						<line number="533" hits="1"/>
						<line number="534" hits="1"/>
						<line number="535" hits="1"/>
						<line number="536" hits="1"/>
						<line number="537" hits="1"/>
						<line number="538" hits="1"/>
						<line number="539" hits="1"/>
						<line number="540" hits="1"/>
						<line number="541" hits="1"/>
						<line number="542" hits="1"/>
						<line number="543" hits="0"/>
						<line number="544" hits="0"/>
						<line number="545" hits="0"/>
						<line number="546" hits="0"/>
						<line number="547" hits="1"/>
						<line number="550" hits="1"/>
						<line number="551" hits="1"/>
						<line number="552" hits="1"/>
						<line number="555" hits="1"/>
						<line number="556" hits="1"/>
						<line number="557" hits="1"/>
						<line number="560" hits="1"/>
						<line number="561" hits="1"/>
						<line number="564" hits="1"/>
						<line number="565" hits="1"/>
						<line number="566" hits="1"/>
						<line number="568" hits="1"/>
						<line number="569" hits="1"/>
						<line number="571" hits="1"/>
						<line number="572" hits="1"/>
						<line number="575" hits="1"/>
						<line number="580" hits="1"/>
						<line number="582" hits="1"/>
						<line number="583" hits="1"/>
						<line number="585" hits="1"/>
						<line number="586" hits="0"/>
						<line number="587" hits="0"/>
						<line number="588" hits="0"/>
						<line number="591" hits="1"/>
						<line number="592" hits="0"/>
						<line number="594" hits="1"/>
						<line number="599" hits="1"/>
						<line number="620" hits="1"/>
						<line number="621" hits="1"/>
						<line number="622" hits="1"/>
						<line number="623" hits="1"/>
						<line number="626" hits="1"/>
						<line number="627" hits="1"/>
						<line number="628" hits="1"/>
						<line number="631" hits="1"/>
						<line number="632" hits="1"/>
						<line number="635" hits="1"/>
						<line number="636" hits="1"/>
						<line number="639" hits="1"/>
						<line number="640" hits="1"/>
						<line number="641" hits="1"/>
						<line number="642" hits="1"/>
						<line number="643" hits="1"/>
						<line number="644" hits="1"/>
						<line number="645" hits="1"/>
						<line number="646" hits="1"/>
						<line number="648" hits="0"/>
						<line number="649" hits="0"/>
						<line number="650" hits="0"/>
						<line number="651" hits="0"/>
						<line number="652" hits="0"/>
						<line number="653" hits="0"/>
						<line number="655" hits="1"/>
						<line number="656" hits="1"/>
						<line number="659" hits="1"/>
						<line number="660" hits="1"/>
						<line number="672" hits="1"/>
						<line number="673" hits="1"/>
						<line number="677" hits="1"/>
						<line number="696" hits="1"/>
						<line number="697" hits="1"/>
						<line number="698" hits="1"/>
						<line number="699" hits="1"/>
						<line number="700" hits="1"/>
						<line number="703" hits="1"/>
						<line number="704" hits="1"/>
						<line number="705" hits="1"/>
						<line number="708" hits="1"/>
						<line number="711" hits="1"/>
						<line number="712" hits="1"/>
						<line number="715" hits="1"/>
						<line number="716" hits="1"/>
						<line number="717" hits="1"/>
						<line number="719" hits="1"/>
						<line number="720" hits="1"/>
						<line number="721" hits="1"/>
						<line number="724" hits="1"/>
						<line number="725" hits="1"/>
						<line number="726" hits="1"/>
						<line number="727" hits="1"/>
						<line number="728" hits="1"/>
						<line number="729" hits="1"/>
						<line number="730" hits="1"/>
						<line number="734" hits="1"/>
						<line number="744" hits="1"/>
						<line number="745" hits="1"/>
						<line number="746" hits="1"/>
						<line number="748" hits="1"/>
						<line number="749" hits="1"/>
						<line number="750" hits="1"/>
						<line number="751" hits="1"/>
						<line number="755" hits="1"/>
						<line number="758" hits="1"/>
						<line number="776" hits="0"/>
						<line number="777" hits="0"/>
						<line number="778" hits="0"/>
						<line number="779" hits="0"/>
						<line number="782" hits="0"/>
						<line number="783" hits="0"/>
						<line number="784" hits="0"/>
						<line number="785" hits="0"/>
						<line number="786" hits="0"/>
						<line number="787" hits="0"/>
						<line number="788" hits="0"/>
						<line number="790" hits="0"/>
						<line number="791" hits="0"/>
						<line number="794" hits="0"/>
						<line number="795" hits="0"/>
						<line number="796" hits="0"/>
						<line number="799" hits="0"/>
						<line number="801" hits="1"/>
						<line number="814" hits="0"/>
						<line number="815" hits="0"/>
						<line number="816" hits="0"/>
						<line number="817" hits="0"/>
						<line number="819" hits="0"/>
						<line number="820" hits="0"/>
						<line number="824" hits="1"/>
						<line number="850" hits="1"/>
						<line number="851" hits="1"/>
						<line number="854" hits="1"/>
						<line number="855" hits="1"/>
						<line number="856" hits="1"/>
						<line number="860" hits="1"/>
						<line number="861" hits="1"/>
						<line number="862" hits="1"/>
						<line number="865" hits="1"/>
						<line number="866" hits="1"/>
						<line number="867" hits="1"/>
						<line number="868" hits="1"/>
						<line number="869" hits="1"/>
						<line number="870" hits="1"/>
						<line number="873" hits="1"/>
						<line number="874" hits="1"/>
						<line number="875" hits="1"/>
						<line number="876" hits="1"/>
						<line number="880" hits="1"/>
						<line number="881" hits="1"/>
						<line number="885" hits="1"/>
						<line number="886" hits="1"/>
						<line number="887" hits="1"/>
						<line number="888" hits="1"/>
						<line number="889" hits="1"/>
						<line number="892" hits="1"/>
						<line number="893" hits="1"/>
						<line number="894" hits="0"/>
						<line number="895" hits="0"/>
						<line number="898" hits="1"/>
						<line number="899" hits="1"/>
						<line number="900" hits="1"/>
						<line number="904" hits="1"/>
						<line number="906" hits="1"/>
						<line number="907" hits="1"/>
						<line number="908" hits="1"/>
						<line number="910" hits="1"/>
						<line number="911" hits="1"/>
						<line number="914" hits="1"/>
						<line number="923" hits="1"/>
						<line number="946" hits="1"/>
						<line number="947" hits="1"/>
						<line number="950" hits="1"/>
						<line number="951" hits="1"/>
						<line number="952" hits="1"/>
						<line number="955" hits="1"/>
						<line number="956" hits="1"/>
						<line number="957" hits="1"/>
						<line number="960" hits="1"/>
						<line number="963" hits="1"/>
						<line number="965" hits="0"/>
						<line number="966" hits="0"/>
						<line number="967" hits="0"/>
						<line number="969" hits="0"/>
						<line number="970" hits="0"/>
						<line number="973" hits="1"/>
						<line number="974" hits="1"/>
						<line number="976" hits="1"/>
						<line number="979" hits="1"/>
						<line number="980" hits="1"/>
						<line number="981" hits="1"/>
						<line number="982" hits="1"/>
						<line number="983" hits="1"/>
						<line number="984" hits="1"/>
						<line number="985" hits="1"/>
						<line number="986" hits="1"/>
						<line number="987" hits="1"/>
						<line number="989" hits="1"/>
						<line number="990" hits="1"/>
						<line number="993" hits="1"/>
						<line number="994" hits="1"/>
						<line number="995" hits="1"/>
						<line number="996" hits="1"/>
						<line number="997" hits="1"/>
						<line number="998" hits="1"/>
						<line number="999" hits="1"/>
						<line number="1000" hits="1"/>
						<line number="1001" hits="1"/>
						<line number="1002" hits="1"/>
						<line number="1003" hits="1"/>
						<line number="1006" hits="1"/>
						<line number="1007" hits="1"/>
						<line number="1008" hits="1"/>
						<line number="1011" hits="1"/>
						<line number="1012" hits="1"/>
						<line number="1015" hits="1"/>
						<line number="1016" hits="1"/>
						<line number="1017" hits="1"/>
						<line number="1019" hits="1"/>
						<line number="1020" hits="0"/>
						<line number="1021" hits="0"/>
						<line number="1024" hits="1"/>
						<line number="1025" hits="1"/>
						<line number="1026" hits="1"/>
						<line number="1027" hits="1"/>
						<line number="1028" hits="1"/>
						<line number="1029" hits="1"/>
						<line number="1031" hits="1"/>
						<line number="1032" hits="1"/>
						<line number="1035" hits="1"/>
						<line number="1036" hits="1"/>
						<line number="1040" hits="1"/>
						<line number="1060" hits="1"/>
						<line number="1063" hits="1"/>
						<line number="1064" hits="1"/>
						<line number="1065" hits="1"/>
						<line number="1066" hits="0"/>
						<line number="1069" hits="1"/>
						<line number="1070" hits="1"/>
						<line number="1071" hits="1"/>
						<line number="1072" hits="0"/>
						<line number="1075" hits="1"/>
						<line number="1076" hits="1"/>
						<line number="1077" hits="1"/>
						<line number="1078" hits="1"/>
						<line number="1081" hits="1"/>
						<line number="1082" hits="1"/>
						<line number="1083" hits="1"/>
						<line number="1084" hits="0"/>
						<line number="1087" hits="1"/>
						<line number="1088" hits="1"/>
						<line number="1089" hits="1"/>
						<line number="1090" hits="0"/>
						<line number="1093" hits="1"/>
						<line number="1094" hits="1"/>
						<line number="1095" hits="1"/>
						<line number="1096" hits="1"/>
						<line number="1097" hits="1"/>
						<line number="1098" hits="1"/>
						<line number="1099" hits="1"/>
						<line number="1100" hits="0"/>
						<line number="1103" hits="1"/>
						<line number="1106" hits="1"/>
						<line number="1111" hits="1"/>
						<line number="1120" hits="1"/>
						<line number="1121" hits="1"/>
						<line number="1122" hits="1"/>
						<line number="1123" hits="1"/>
						<line number="1124" hits="1"/>
						<line number="1126" hits="1"/>
						<line number="1136" hits="1"/>
						<line number="1137" hits="1"/>
						<line number="1138" hits="1"/>
						<line number="1139" hits="1"/>
						<line number="1140" hits="1"/>
						<line number="1142" hits="1"/>
						<line number="1152" hits="1"/>
						<line number="1153" hits="1"/>
						<line number="1154" hits="1"/>
						<line number="1155" hits="1"/>
						<line number="1156" hits="1"/>
						<line number="1158" hits="1"/>
						<line number="1167" hits="0"/>
						<line number="1168" hits="0"/>
						<line number="1169" hits="0"/>
						<line number="1170" hits="0"/>
						<line number="1172" hits="0"/>
						<line number="1173" hits="0"/>
						<line number="1175" hits="1"/>
						<line number="1184" hits="0"/>
						<line number="1185" hits="0"/>
						<line number="1186" hits="0"/>
						<line number="1187" hits="0"/>
						<line number="1189" hits="0"/>
						<line number="1190" hits="0"/>
						<line number="1195" hits="1"/>
						<line number="1201" hits="0"/>
						<line number="1203" hits="1"/>
						<line number="1209" hits="0"/>
						<line number="1211" hits="1"/>
						<line number="1217" hits="0"/>
						<line number="1219" hits="1"/>
						<line number="1225" hits="0"/>
						<line number="1235" hits="1"/>
						<line number="1241" hits="0"/>
						<line number="1243" hits="1"/>
						<line number="1249" hits="0"/>
						<line number="1251" hits="1"/>
						<line number="1257" hits="0"/>
						<line number="1259" hits="1"/>
						<line number="1265" hits="0"/>
						<line number="1267" hits="1"/>
						<line number="1273" hits="0"/>
						<line number="1275" hits="1"/>
						<line number="1281" hits="0"/>
						<line number="1283" hits="1"/>
						<line number="1289" hits="0"/>
						<line number="1291" hits="1"/>
						<line number="1300" hits="1"/>
						<line number="1301" hits="1"/>
						<line number="1302" hits="1"/>
						<line number="1304" hits="0"/>
						<line number="1305" hits="0"/>
						<line number="1306" hits="1"/>
						<line number="1307" hits="1"/>
						<line number="1312" hits="1"/>
						<line number="1321" hits="1"/>
						<line number="1322" hits="1"/>
						<line number="1323" hits="0"/>
						<line number="1324" hits="0"/>
						<line number="1325" hits="1"/>
						<line number="1326" hits="1"/>
						<line number="1327" hits="1"/>
						<line number="1329" hits="1"/>
						<line number="1335" hits="1"/>
						<line number="1337" hits="1"/>
						<line number="1343" hits="0"/>
						<line number="1345" hits="1"/>
						<line number="1351" hits="0"/>
						<line number="1353" hits="1"/>
						<line number="1359" hits="0"/>
						<line number="1361" hits="1"/>
						<line number="1367" hits="0"/>
						<line number="1377" hits="1"/>
						<line number="1383" hits="0"/>
						<line number="1385" hits="1"/>
						<line number="1391" hits="0"/>
						<line number="1393" hits="1"/>
						<line number="1399" hits="0"/>
						<line number="1401" hits="1"/>
						<line number="1407" hits="0"/>
						<line number="1409" hits="1"/>
						<line number="1415" hits="0"/>
						<line number="1417" hits="1"/>
						<line number="1423" hits="0"/>
					</lines>
				</class>
			</classes>
		</package>
		<package name="src.cascade_correlation" line-rate="0.4945" branch-rate="0" complexity="0">
			<classes>
				<class name="cascade_correlation.py" filename="src/cascade_correlation/cascade_correlation.py" complexity="0" line-rate="0.4945" branch-rate="0">
					<methods/>
					<lines>
						<line number="37" hits="1"/>
						<line number="38" hits="1"/>
						<line number="39" hits="1"/>
						<line number="40" hits="1"/>
						<line number="41" hits="1"/>
						<line number="42" hits="1"/>
						<line number="43" hits="1"/>
						<line number="44" hits="1"/>
						<line number="45" hits="1"/>
						<line number="46" hits="1"/>
						<line number="47" hits="1"/>
						<line number="48" hits="1"/>
						<line number="49" hits="1"/>
						<line number="50" hits="1"/>
						<line number="51" hits="1"/>
						<line number="54" hits="1"/>
						<line number="55" hits="1"/>
						<line number="56" hits="1"/>
						<line number="57" hits="1"/>
						<line number="63" hits="1"/>
						<line number="64" hits="1"/>
						<line number="76" hits="1"/>
						<line number="80" hits="1"/>
						<line number="83" hits="1"/>
						<line number="88" hits="1"/>
						<line number="89" hits="1"/>
						<line number="90" hits="1"/>
						<line number="91" hits="1"/>
						<line number="95" hits="1"/>
						<line number="147" hits="1"/>
						<line number="148" hits="1"/>
						<line number="168" hits="1"/>
						<line number="169" hits="1"/>
						<line number="184" hits="1"/>
						<line number="185" hits="1"/>
						<line number="196" hits="1"/>
						<line number="197" hits="1"/>
						<line number="199" hits="1"/>
						<line number="205" hits="0"/>
						<line number="206" hits="0"/>
						<line number="207" hits="0"/>
						<line number="209" hits="1"/>
						<line number="215" hits="0"/>
						<line number="216" hits="0"/>
						<line number="217" hits="0"/>
						<line number="221" hits="1"/>
						<line number="223" hits="1"/>
						<line number="226" hits="1"/>
						<line number="227" hits="1"/>
						<line number="233" hits="1"/>
						<line number="243" hits="0"/>
						<line number="244" hits="0"/>
						<line number="245" hits="0"/>
						<line number="248" hits="1"/>
						<line number="255" hits="0"/>
						<line number="256" hits="0"/>
						<line number="257" hits="0"/>
						<line number="263" hits="1"/>
						<line number="280" hits="1"/>
						<line number="285" hits="1"/>
						<line number="286" hits="1"/>
						<line number="289" hits="1"/>
						<line number="292" hits="1"/>
						<line number="295" hits="1"/>
						<line number="298" hits="1"/>
						<line number="301" hits="1"/>
						<line number="302" hits="1"/>
						<line number="308" hits="1"/>
						<line number="310" hits="1"/>
						<line number="311" hits="0"/>
						<line number="313" hits="1"/>
						<line number="314" hits="1"/>
						<line number="315" hits="1"/>
						<line number="316" hits="1"/>
						<line number="317" hits="1"/>
						<line number="318" hits="1"/>
						<line number="319" hits="1"/>
						<line number="320" hits="1"/>
						<line number="322" hits="1"/>
						<line number="324" hits="1"/>
						<line number="327" hits="1"/>
						<line number="328" hits="1"/>
						<line number="329" hits="1"/>
						<line number="332" hits="1"/>
						<line number="348" hits="1"/>
						<line number="349" hits="1"/>
						<line number="350" hits="1"/>
						<line number="352" hits="1"/>
						<line number="354" hits="1"/>
						<line number="357" hits="1"/>
						<line number="358" hits="1"/>
						<line number="359" hits="1"/>
						<line number="360" hits="1"/>
						<line number="363" hits="1"/>
						<line number="364" hits="1"/>
						<line number="365" hits="1"/>
						<line number="368" hits="1"/>
						<line number="369" hits="1"/>
						<line number="370" hits="1"/>
						<line number="371" hits="1"/>
						<line number="372" hits="1"/>
						<line number="373" hits="1"/>
						<line number="374" hits="1"/>
						<line number="375" hits="1"/>
						<line number="376" hits="1"/>
						<line number="377" hits="1"/>
						<line number="378" hits="1"/>
						<line number="379" hits="1"/>
						<line number="380" hits="1"/>
						<line number="383" hits="1"/>
						<line number="386" hits="1"/>
						<line number="389" hits="1"/>
						<line number="390" hits="1"/>
						<line number="391" hits="1"/>
						<line number="392" hits="1"/>
						<line number="401" hits="1"/>
						<line number="404" hits="1"/>
						<line number="405" hits="1"/>
						<line number="407" hits="1"/>
						<line number="409" hits="1"/>
						<line number="410" hits="1"/>
						<line number="411" hits="1"/>
						<line number="412" hits="1"/>
						<line number="414" hits="1"/>
						<line number="416" hits="1"/>
						<line number="419" hits="1"/>
						<line number="420" hits="1"/>
						<line number="421" hits="1"/>
						<line number="433" hits="1"/>
						<line number="434" hits="1"/>
						<line number="437" hits="1"/>
						<line number="438" hits="1"/>
						<line number="439" hits="1"/>
						<line number="442" hits="1"/>
						<line number="443" hits="1"/>
						<line number="444" hits="1"/>
						<line number="445" hits="1"/>
						<line number="446" hits="1"/>
						<line number="447" hits="1"/>
						<line number="449" hits="1"/>
						<line number="451" hits="1"/>
						<line number="454" hits="1"/>
						<line number="455" hits="1"/>
						<line number="456" hits="1"/>
						<line number="457" hits="1"/>
						<line number="458" hits="1"/>
						<line number="461" hits="1"/>
						<line number="462" hits="1"/>
						<line number="463" hits="1"/>
						<line number="466" hits="1"/>
						<line number="467" hits="1"/>
						<line number="470" hits="1"/>
						<line number="472" hits="1"/>
						<line number="473" hits="1"/>
						<line number="492" hits="1"/>
						<line number="499" hits="1"/>
						<line number="503" hits="1"/>
						<line number="517" hits="1"/>
						<line number="518" hits="1"/>
						<line number="519" hits="1"/>
						<line number="520" hits="1"/>
						<line number="521" hits="1"/>
						<line number="522" hits="1"/>
						<line number="523" hits="1"/>
						<line number="524" hits="1"/>
						<line number="530" hits="1"/>
						<line number="531" hits="1"/>
						<line number="537" hits="1"/>
						<line number="538" hits="1"/>
						<line number="544" hits="1"/>
						<line number="545" hits="1"/>
						<line number="557" hits="1"/>
						<line number="578" hits="1"/>
						<line number="579" hits="1"/>
						<line number="580" hits="0"/>
						<line number="581" hits="0"/>
						<line number="582" hits="1"/>
						<line number="583" hits="1"/>
						<line number="584" hits="1"/>
						<line number="585" hits="1"/>
						<line number="586" hits="1"/>
						<line number="587" hits="1"/>
						<line number="588" hits="1"/>
						<line number="595" hits="1"/>
						<line number="596" hits="1"/>
						<line number="598" hits="1"/>
						<line number="611" hits="1"/>
						<line number="612" hits="1"/>
						<line number="613" hits="1"/>
						<line number="614" hits="1"/>
						<line number="615" hits="1"/>
						<line number="616" hits="1"/>
						<line number="617" hits="1"/>
						<line number="619" hits="1"/>
						<line number="626" hits="1"/>
						<line number="629" hits="1"/>
						<line number="643" hits="1"/>
						<line number="644" hits="1"/>
						<line number="645" hits="1"/>
						<line number="648" hits="1"/>
						<line number="650" hits="1"/>
						<line number="651" hits="0"/>
						<line number="652" hits="0"/>
						<line number="653" hits="0"/>
						<line number="654" hits="0"/>
						<line number="655" hits="0"/>
						<line number="656" hits="0"/>
						<line number="657" hits="0"/>
						<line number="658" hits="0"/>
						<line number="660" hits="0"/>
						<line number="661" hits="0"/>
						<line number="663" hits="0"/>
						<line number="664" hits="1"/>
						<line number="667" hits="1"/>
						<line number="668" hits="1"/>
						<line number="673" hits="1"/>
						<line number="683" hits="1"/>
						<line number="684" hits="0"/>
						<line number="685" hits="1"/>
						<line number="686" hits="0"/>
						<line number="687" hits="1"/>
						<line number="688" hits="0"/>
						<line number="689" hits="1"/>
						<line number="690" hits="1"/>
						<line number="691" hits="1"/>
						<line number="692" hits="1"/>
						<line number="693" hits="1"/>
						<line number="694" hits="0"/>
						<line number="696" hits="1"/>
						<line number="711" hits="1"/>
						<line number="712" hits="1"/>
						<line number="713" hits="1"/>
						<line number="714" hits="1"/>
						<line number="715" hits="1"/>
						<line number="716" hits="1"/>
						<line number="717" hits="0"/>
						<line number="718" hits="1"/>
						<line number="719" hits="0"/>
						<line number="721" hits="1"/>
						<line number="740" hits="0"/>
						<line number="741" hits="0"/>
						<line number="742" hits="0"/>
						<line number="743" hits="0"/>
						<line number="744" hits="0"/>
						<line number="745" hits="0"/>
						<line number="746" hits="0"/>
						<line number="747" hits="0"/>
						<line number="748" hits="0"/>
						<line number="749" hits="0"/>
						<line number="751" hits="1"/>
						<line number="763" hits="1"/>
						<line number="764" hits="0"/>
						<line number="765" hits="1"/>
						<line number="766" hits="1"/>
						<line number="767" hits="0"/>
						<line number="773" hits="1"/>
						<line number="790" hits="0"/>
						<line number="791" hits="0"/>
						<line number="807" hits="1"/>
						<line number="816" hits="0"/>
						<line number="817" hits="0"/>
						<line number="818" hits="0"/>
						<line number="847" hits="0"/>
						<line number="848" hits="0"/>
						<line number="849" hits="0"/>
						<line number="850" hits="0"/>
						<line number="851" hits="0"/>
						<line number="855" hits="1"/>
						<line number="880" hits="1"/>
						<line number="881" hits="1"/>
						<line number="882" hits="1"/>
						<line number="885" hits="1"/>
						<line number="886" hits="0"/>
						<line number="889" hits="1"/>
						<line number="890" hits="0"/>
						<line number="891" hits="0"/>
						<line number="892" hits="1"/>
						<line number="893" hits="0"/>
						<line number="894" hits="0"/>
						<line number="895" hits="0"/>
						<line number="896" hits="0"/>
						<line number="897" hits="0"/>
						<line number="898" hits="0"/>
						<line number="901" hits="1"/>
						<line number="902" hits="1"/>
						<line number="905" hits="1"/>
						<line number="906" hits="0"/>
						<line number="907" hits="1"/>
						<line number="908" hits="0"/>
						<line number="911" hits="1"/>
						<line number="912" hits="1"/>
						<line number="913" hits="1"/>
						<line number="914" hits="1"/>
						<line number="915" hits="1"/>
						<line number="916" hits="1"/>
						<line number="917" hits="0"/>
						<line number="918" hits="0"/>
						<line number="919" hits="0"/>
						<line number="920" hits="0"/>
						<line number="921" hits="0"/>
						<line number="923" hits="1"/>
						<line number="926" hits="1"/>
						<line number="927" hits="1"/>
						<line number="928" hits="1"/>
						<line number="929" hits="0"/>
						<line number="930" hits="0"/>
						<line number="931" hits="0"/>
						<line number="933" hits="1"/>
						<line number="936" hits="1"/>
						<line number="937" hits="1"/>
						<line number="939" hits="1"/>
						<line number="940" hits="1"/>
						<line number="963" hits="1"/>
						<line number="964" hits="1"/>
						<line number="965" hits="1"/>
						<line number="966" hits="1"/>
						<line number="967" hits="1"/>
						<line number="971" hits="1"/>
						<line number="982" hits="1"/>
						<line number="983" hits="1"/>
						<line number="985" hits="1"/>
						<line number="986" hits="1"/>
						<line number="987" hits="1"/>
						<line number="988" hits="1"/>
						<line number="991" hits="1"/>
						<line number="992" hits="1"/>
						<line number="995" hits="1"/>
						<line number="998" hits="1"/>
						<line number="999" hits="1"/>
						<line number="1000" hits="1"/>
						<line number="1001" hits="0"/>
						<line number="1002" hits="1"/>
						<line number="1005" hits="1"/>
						<line number="1006" hits="1"/>
						<line number="1009" hits="1"/>
						<line number="1010" hits="1"/>
						<line number="1011" hits="1"/>
						<line number="1012" hits="1"/>
						<line number="1016" hits="1"/>
						<line number="1038" hits="1"/>
						<line number="1039" hits="1"/>
						<line number="1040" hits="1"/>
						<line number="1041" hits="1"/>
						<line number="1042" hits="0"/>
						<line number="1045" hits="1"/>
						<line number="1048" hits="1"/>
						<line number="1049" hits="1"/>
						<line number="1050" hits="1"/>
						<line number="1051" hits="0"/>
						<line number="1052" hits="1"/>
						<line number="1055" hits="1"/>
						<line number="1056" hits="1"/>
						<line number="1057" hits="1"/>
						<line number="1058" hits="1"/>
						<line number="1059" hits="1"/>
						<line number="1060" hits="1"/>
						<line number="1064" hits="1"/>
						<line number="1065" hits="1"/>
						<line number="1066" hits="1"/>
						<line number="1067" hits="1"/>
						<line number="1068" hits="1"/>
						<line number="1071" hits="1"/>
						<line number="1074" hits="1"/>
						<line number="1075" hits="1"/>
						<line number="1076" hits="0"/>
						<line number="1077" hits="0"/>
						<line number="1078" hits="0"/>
						<line number="1081" hits="1"/>
						<line number="1082" hits="1"/>
						<line number="1083" hits="1"/>
						<line number="1084" hits="1"/>
						<line number="1085" hits="1"/>
						<line number="1086" hits="1"/>
						<line number="1089" hits="1"/>
						<line number="1090" hits="1"/>
						<line number="1091" hits="1"/>
						<line number="1092" hits="1"/>
						<line number="1093" hits="0"/>
						<line number="1094" hits="1"/>
						<line number="1097" hits="1"/>
						<line number="1098" hits="1"/>
						<line number="1099" hits="1"/>
						<line number="1100" hits="1"/>
						<line number="1101" hits="1"/>
						<line number="1104" hits="1"/>
						<line number="1105" hits="1"/>
						<line number="1106" hits="1"/>
						<line number="1107" hits="1"/>
						<line number="1108" hits="1"/>
						<line number="1109" hits="1"/>
						<line number="1110" hits="1"/>
						<line number="1111" hits="1"/>
						<line number="1112" hits="1"/>
						<line number="1113" hits="1"/>
						<line number="1117" hits="1"/>
						<line number="1132" hits="1"/>
						<line number="1133" hits="1"/>
						<line number="1134" hits="1"/>
						<line number="1137" hits="1"/>
						<line number="1138" hits="1"/>
						<line number="1141" hits="1"/>
						<line number="1142" hits="1"/>
						<line number="1145" hits="1"/>
						<line number="1146" hits="1"/>
						<line number="1149" hits="1"/>
						<line number="1150" hits="1"/>
						<line number="1151" hits="1"/>
						<line number="1152" hits="1"/>
						<line number="1153" hits="1"/>
						<line number="1154" hits="0"/>
						<line number="1155" hits="0"/>
						<line number="1156" hits="0"/>
						<line number="1157" hits="0"/>
						<line number="1158" hits="0"/>
						<line number="1159" hits="1"/>
						<line number="1162" hits="1"/>
						<line number="1163" hits="1"/>
						<line number="1164" hits="1"/>
						<line number="1165" hits="1"/>
						<line number="1169" hits="1"/>
						<line number="1177" hits="1"/>
						<line number="1178" hits="1"/>
						<line number="1179" hits="0"/>
						<line number="1180" hits="0"/>
						<line number="1183" hits="0"/>
						<line number="1184" hits="0"/>
						<line number="1185" hits="1"/>
						<line number="1186" hits="1"/>
						<line number="1187" hits="1"/>
						<line number="1188" hits="1"/>
						<line number="1190" hits="1"/>
						<line number="1205" hits="1"/>
						<line number="1206" hits="1"/>
						<line number="1216" hits="1"/>
						<line number="1217" hits="1"/>
						<line number="1218" hits="1"/>
						<line number="1220" hits="1"/>
						<line number="1221" hits="1"/>
						<line number="1222" hits="1"/>
						<line number="1224" hits="1"/>
						<line number="1230" hits="1"/>
						<line number="1231" hits="1"/>
						<line number="1234" hits="1"/>
						<line number="1235" hits="1"/>
						<line number="1236" hits="1"/>
						<line number="1238" hits="0"/>
						<line number="1241" hits="1"/>
						<line number="1249" hits="1"/>
						<line number="1250" hits="1"/>
						<line number="1251" hits="1"/>
						<line number="1253" hits="1"/>
						<line number="1262" hits="1"/>
						<line number="1263" hits="1"/>
						<line number="1264" hits="1"/>
						<line number="1265" hits="1"/>
						<line number="1266" hits="1"/>
						<line number="1267" hits="1"/>
						<line number="1268" hits="1"/>
						<line number="1271" hits="0"/>
						<line number="1272" hits="0"/>
						<line number="1273" hits="0"/>
						<line number="1274" hits="0"/>
						<line number="1276" hits="1"/>
						<line number="1277" hits="1"/>
						<line number="1278" hits="1"/>
						<line number="1279" hits="1"/>
						<line number="1280" hits="1"/>
						<line number="1281" hits="1"/>
						<line number="1282" hits="1"/>
						<line number="1285" hits="1"/>
						<line number="1286" hits="1"/>
						<line number="1287" hits="1"/>
						<line number="1290" hits="1"/>
						<line number="1291" hits="0"/>
						<line number="1292" hits="0"/>
						<line number="1293" hits="1"/>
						<line number="1295" hits="1"/>
						<line number="1302" hits="1"/>
						<line number="1305" hits="1"/>
						<line number="1309" hits="1"/>
						<line number="1310" hits="1"/>
						<line number="1312" hits="0"/>
						<line number="1313" hits="0"/>
						<line number="1314" hits="0"/>
						<line number="1315" hits="0"/>
						<line number="1317" hits="0"/>
						<line number="1318" hits="0"/>
						<line number="1321" hits="0"/>
						<line number="1322" hits="0"/>
						<line number="1323" hits="0"/>
						<line number="1324" hits="0"/>
						<line number="1327" hits="0"/>
						<line number="1328" hits="0"/>
						<line number="1329" hits="0"/>
						<line number="1331" hits="0"/>
						<line number="1333" hits="0"/>
						<line number="1334" hits="0"/>
						<line number="1341" hits="0"/>
						<line number="1343" hits="0"/>
						<line number="1344" hits="0"/>
						<line number="1346" hits="0"/>
						<line number="1348" hits="0"/>
						<line number="1349" hits="0"/>
						<line number="1351" hits="0"/>
						<line number="1352" hits="0"/>
						<line number="1353" hits="0"/>
						<line number="1356" hits="0"/>
						<line number="1357" hits="0"/>
						<line number="1358" hits="0"/>
						<line number="1359" hits="0"/>
						<line number="1360" hits="0"/>
						<line number="1361" hits="0"/>
						<line number="1364" hits="0"/>
						<line number="1365" hits="0"/>
						<line number="1366" hits="0"/>
						<line number="1369" hits="0"/>
						<line number="1370" hits="0"/>
						<line number="1372" hits="0"/>
						<line number="1373" hits="0"/>
						<line number="1374" hits="0"/>
						<line number="1376" hits="1"/>
						<line number="1378" hits="1"/>
						<line number="1379" hits="1"/>
						<line number="1380" hits="1"/>
						<line number="1381" hits="1"/>
						<line number="1382" hits="1"/>
						<line number="1383" hits="1"/>
						<line number="1384" hits="1"/>
						<line number="1385" hits="0"/>
						<line number="1386" hits="0"/>
						<line number="1387" hits="0"/>
						<line number="1388" hits="1"/>
						<line number="1390" hits="1"/>
						<line number="1414" hits="0"/>
						<line number="1415" hits="0"/>
						<line number="1416" hits="0"/>
						<line number="1417" hits="0"/>
						<line number="1418" hits="0"/>
						<line number="1419" hits="0"/>
						<line number="1420" hits="0"/>
						<line number="1421" hits="0"/>
						<line number="1422" hits="0"/>
						<line number="1423" hits="0"/>
						<line number="1424" hits="0"/>
						<line number="1425" hits="0"/>
						<line number="1426" hits="0"/>
						<line number="1427" hits="0"/>
						<line number="1428" hits="0"/>
						<line number="1429" hits="0"/>
						<line number="1430" hits="0"/>
						<line number="1431" hits="0"/>
						<line number="1432" hits="0"/>
						<line number="1433" hits="0"/>
						<line number="1434" hits="0"/>
						<line number="1435" hits="0"/>
						<line number="1436" hits="0"/>
						<line number="1437" hits="0"/>
						<line number="1439" hits="1"/>
						<line number="1441" hits="0"/>
						<line number="1442" hits="0"/>
						<line number="1443" hits="0"/>
						<line number="1444" hits="0"/>
						<line number="1445" hits="0"/>
						<line number="1448" hits="0"/>
						<line number="1449" hits="0"/>
						<line number="1450" hits="0"/>
						<line number="1451" hits="0"/>
						<line number="1452" hits="0"/>
						<line number="1453" hits="0"/>
						<line number="1456" hits="0"/>
						<line number="1457" hits="0"/>
						<line number="1458" hits="0"/>
						<line number="1459" hits="0"/>
						<line number="1460" hits="0"/>
						<line number="1461" hits="0"/>
						<line number="1463" hits="0"/>
						<line number="1466" hits="0"/>
						<line number="1467" hits="0"/>
						<line number="1468" hits="0"/>
						<line number="1469" hits="0"/>
						<line number="1470" hits="0"/>
						<line number="1473" hits="0"/>
						<line number="1474" hits="0"/>
						<line number="1475" hits="0"/>
						<line number="1476" hits="0"/>
						<line number="1477" hits="0"/>
						<line number="1478" hits="0"/>
						<line number="1479" hits="0"/>
						<line number="1481" hits="0"/>
						<line number="1482" hits="0"/>
						<line number="1484" hits="0"/>
						<line number="1486" hits="1"/>
						<line number="1498" hits="1"/>
						<line number="1499" hits="1"/>
						<line number="1502" hits="1"/>
						<line number="1503" hits="0"/>
						<line number="1504" hits="0"/>
						<line number="1505" hits="0"/>
						<line number="1506" hits="1"/>
						<line number="1507" hits="0"/>
						<line number="1508" hits="1"/>
						<line number="1512" hits="1"/>
						<line number="1513" hits="1"/>
						<line number="1516" hits="1"/>
						<line number="1519" hits="1"/>
						<line number="1522" hits="1"/>
						<line number="1523" hits="1"/>
						<line number="1524" hits="1"/>
						<line number="1525" hits="0"/>
						<line number="1528" hits="1"/>
						<line number="1546" hits="1"/>
						<line number="1547" hits="1"/>
						<line number="1548" hits="1"/>
						<line number="1551" hits="1"/>
						<line number="1559" hits="1"/>
						<line number="1577" hits="1"/>
						<line number="1583" hits="1"/>
						<line number="1585" hits="1"/>
						<line number="1593" hits="1"/>
						<line number="1594" hits="1"/>
						<line number="1595" hits="1"/>
						<line number="1596" hits="1"/>
						<line number="1603" hits="1"/>
						<line number="1604" hits="1"/>
						<line number="1605" hits="1"/>
						<line number="1606" hits="1"/>
						<line number="1607" hits="1"/>
						<line number="1608" hits="1"/>
						<line number="1609" hits="1"/>
						<line number="1610" hits="1"/>
						<line number="1612" hits="1"/>
						<line number="1623" hits="1"/>
						<line number="1625" hits="1"/>
						<line number="1631" hits="1"/>
						<line number="1641" hits="1"/>
						<line number="1643" hits="0"/>
						<line number="1645" hits="0"/>
						<line number="1646" hits="0"/>
						<line number="1647" hits="0"/>
						<line number="1648" hits="0"/>
						<line number="1649" hits="0"/>
						<line number="1651" hits="0"/>
						<line number="1653" hits="0"/>
						<line number="1654" hits="0"/>
						<line number="1656" hits="0"/>
						<line number="1658" hits="0"/>
						<line number="1659" hits="0"/>
						<line number="1661" hits="0"/>
						<line number="1662" hits="0"/>
						<line number="1663" hits="0"/>
						<line number="1664" hits="0"/>
						<line number="1665" hits="0"/>
						<line number="1666" hits="0"/>
						<line number="1668" hits="1"/>
						<line number="1670" hits="0"/>
						<line number="1672" hits="0"/>
						<line number="1673" hits="0"/>
						<line number="1674" hits="0"/>
						<line number="1676" hits="0"/>
						<line number="1678" hits="0"/>
						<line number="1680" hits="0"/>
						<line number="1681" hits="0"/>
						<line number="1682" hits="0"/>
						<line number="1684" hits="0"/>
						<line number="1685" hits="0"/>
						<line number="1686" hits="0"/>
						<line number="1687" hits="0"/>
						<line number="1688" hits="0"/>
						<line number="1689" hits="0"/>
						<line number="1690" hits="0"/>
						<line number="1692" hits="0"/>
						<line number="1693" hits="0"/>
						<line number="1694" hits="0"/>
						<line number="1695" hits="0"/>
						<line number="1697" hits="1"/>
						<line number="1708" hits="1"/>
						<line number="1709" hits="1"/>
						<line number="1710" hits="1"/>
						<line number="1742" hits="1"/>
						<line number="1743" hits="0"/>
						<line number="1744" hits="0"/>
						<line number="1746" hits="1"/>
						<line number="1747" hits="1"/>
						<line number="1748" hits="1"/>
						<line number="1750" hits="1"/>
						<line number="1751" hits="1"/>
						<line number="1754" hits="1"/>
						<line number="1755" hits="1"/>
						<line number="1756" hits="1"/>
						<line number="1757" hits="1"/>
						<line number="1758" hits="1"/>
						<line number="1759" hits="0"/>
						<line number="1760" hits="0"/>
						<line number="1761" hits="0"/>
						<line number="1762" hits="1"/>
						<line number="1763" hits="1"/>
						<line number="1764" hits="0"/>
						<line number="1765" hits="0"/>
						<line number="1766" hits="1"/>
						<line number="1771" hits="1"/>
						<line number="1772" hits="0"/>
						<line number="1773" hits="0"/>
						<line number="1774" hits="1"/>
						<line number="1777" hits="1"/>
						<line number="1778" hits="1"/>
						<line number="1779" hits="1"/>
						<line number="1780" hits="1"/>
						<line number="1781" hits="1"/>
						<line number="1795" hits="1"/>
						<line number="1796" hits="0"/>
						<line number="1797" hits="0"/>
						<line number="1798" hits="0"/>
						<line number="1799" hits="0"/>
						<line number="1800" hits="0"/>
						<line number="1801" hits="1"/>
						<line number="1804" hits="1"/>
						<line number="1816" hits="1"/>
						<line number="1817" hits="1"/>
						<line number="1819" hits="0"/>
						<line number="1820" hits="0"/>
						<line number="1821" hits="0"/>
						<line number="1822" hits="0"/>
						<line number="1823" hits="0"/>
						<line number="1824" hits="0"/>
						<line number="1825" hits="0"/>
						<line number="1835" hits="1"/>
						<line number="1836" hits="1"/>
						<line number="1841" hits="1"/>
						<line number="1842" hits="1"/>
						<line number="1846" hits="1"/>
						<line number="1847" hits="1"/>
						<line number="1848" hits="1"/>
						<line number="1849" hits="1"/>
						<line number="1850" hits="1"/>
						<line number="1851" hits="1"/>
						<line number="1852" hits="1"/>
						<line number="1853" hits="1"/>
						<line number="1854" hits="1"/>
						<line number="1855" hits="1"/>
						<line number="1856" hits="1"/>
						<line number="1857" hits="1"/>
						<line number="1858" hits="1"/>
						<line number="1859" hits="1"/>
						<line number="1860" hits="1"/>
						<line number="1861" hits="1"/>
						<line number="1862" hits="1"/>
						<line number="1863" hits="1"/>
						<line number="1864" hits="1"/>
						<line number="1868" hits="1"/>
						<line number="1888" hits="1"/>
						<line number="1889" hits="1"/>
						<line number="1891" hits="1"/>
						<line number="1892" hits="1"/>
						<line number="1906" hits="1"/>
						<line number="1908" hits="1"/>
						<line number="1909" hits="1"/>
						<line number="1910" hits="1"/>
						<line number="1917" hits="0"/>
						<line number="1918" hits="0"/>
						<line number="1919" hits="0"/>
						<line number="1920" hits="0"/>
						<line number="1921" hits="0"/>
						<line number="1922" hits="0"/>
						<line number="1925" hits="0"/>
						<line number="1926" hits="0"/>
						<line number="1927" hits="0"/>
						<line number="1928" hits="0"/>
						<line number="1929" hits="1"/>
						<line number="1930" hits="1"/>
						<line number="1931" hits="1"/>
						<line number="1933" hits="1"/>
						<line number="1934" hits="1"/>
						<line number="1944" hits="1"/>
						<line number="1945" hits="1"/>
						<line number="1957" hits="1"/>
						<line number="1958" hits="1"/>
						<line number="1959" hits="1"/>
						<line number="1960" hits="0"/>
						<line number="1961" hits="1"/>
						<line number="1966" hits="1"/>
						<line number="1968" hits="1"/>
						<line number="1969" hits="1"/>
						<line number="1970" hits="0"/>
						<line number="1971" hits="0"/>
						<line number="1972" hits="1"/>
						<line number="1973" hits="1"/>
						<line number="1974" hits="1"/>
						<line number="1975" hits="1"/>
						<line number="1976" hits="1"/>
						<line number="1977" hits="1"/>
						<line number="1978" hits="1"/>
						<line number="1981" hits="0"/>
						<line number="1982" hits="0"/>
						<line number="1983" hits="0"/>
						<line number="1984" hits="1"/>
						<line number="1985" hits="1"/>
						<line number="1986" hits="1"/>
						<line number="1988" hits="1"/>
						<line number="1990" hits="0"/>
						<line number="1991" hits="0"/>
						<line number="1992" hits="0"/>
						<line number="1993" hits="0"/>
						<line number="1994" hits="0"/>
						<line number="1995" hits="0"/>
						<line number="1996" hits="0"/>
						<line number="1998" hits="0"/>
						<line number="1999" hits="0"/>
						<line number="2000" hits="0"/>
						<line number="2003" hits="1"/>
						<line number="2004" hits="1"/>
						<line number="2026" hits="0"/>
						<line number="2027" hits="0"/>
						<line number="2028" hits="0"/>
						<line number="2029" hits="0"/>
						<line number="2030" hits="0"/>
						<line number="2032" hits="0"/>
						<line number="2033" hits="0"/>
						<line number="2036" hits="0"/>
						<line number="2037" hits="0"/>
						<line number="2038" hits="0"/>
						<line number="2039" hits="0"/>
						<line number="2040" hits="0"/>
						<line number="2041" hits="0"/>
						<line number="2042" hits="0"/>
						<line number="2043" hits="0"/>
						<line number="2046" hits="0"/>
						<line number="2047" hits="0"/>
						<line number="2048" hits="0"/>
						<line number="2049" hits="0"/>
						<line number="2052" hits="0"/>
						<line number="2053" hits="0"/>
						<line number="2054" hits="0"/>
						<line number="2057" hits="0"/>
						<line number="2058" hits="0"/>
						<line number="2059" hits="0"/>
						<line number="2060" hits="0"/>
						<line number="2061" hits="0"/>
						<line number="2062" hits="0"/>
						<line number="2063" hits="0"/>
						<line number="2064" hits="0"/>
						<line number="2065" hits="0"/>
						<line number="2066" hits="0"/>
						<line number="2067" hits="0"/>
						<line number="2068" hits="0"/>
						<line number="2069" hits="0"/>
						<line number="2072" hits="0"/>
						<line number="2073" hits="0"/>
						<line number="2074" hits="0"/>
						<line number="2075" hits="0"/>
						<line number="2076" hits="0"/>
						<line number="2084" hits="0"/>
						<line number="2085" hits="0"/>
						<line number="2086" hits="0"/>
						<line number="2087" hits="0"/>
						<line number="2088" hits="0"/>
						<line number="2089" hits="0"/>
						<line number="2090" hits="0"/>
						<line number="2091" hits="0"/>
						<line number="2092" hits="0"/>
						<line number="2093" hits="0"/>
						<line number="2094" hits="0"/>
						<line number="2098" hits="1"/>
						<line number="2110" hits="1"/>
						<line number="2111" hits="1"/>
						<line number="2112" hits="1"/>
						<line number="2113" hits="1"/>
						<line number="2114" hits="1"/>
						<line number="2115" hits="1"/>
						<line number="2117" hits="0"/>
						<line number="2118" hits="0"/>
						<line number="2119" hits="0"/>
						<line number="2120" hits="0"/>
						<line number="2121" hits="1"/>
						<line number="2122" hits="1"/>
						<line number="2124" hits="1"/>
						<line number="2125" hits="1"/>
						<line number="2129" hits="1"/>
						<line number="2130" hits="1"/>
						<line number="2131" hits="1"/>
						<line number="2132" hits="1"/>
						<line number="2133" hits="1"/>
						<line number="2134" hits="1"/>
						<line number="2135" hits="1"/>
						<line number="2136" hits="1"/>
						<line number="2137" hits="1"/>
						<line number="2138" hits="1"/>
						<line number="2139" hits="1"/>
						<line number="2140" hits="1"/>
						<line number="2144" hits="1"/>
						<line number="2165" hits="0"/>
						<line number="2166" hits="0"/>
						<line number="2167" hits="0"/>
						<line number="2168" hits="0"/>
						<line number="2169" hits="0"/>
						<line number="2170" hits="0"/>
						<line number="2171" hits="0"/>
						<line number="2172" hits="0"/>
						<line number="2173" hits="0"/>
						<line number="2174" hits="0"/>
						<line number="2177" hits="0"/>
						<line number="2183" hits="0"/>
						<line number="2186" hits="0"/>
						<line number="2187" hits="0"/>
						<line number="2190" hits="0"/>
						<line number="2191" hits="0"/>
						<line number="2192" hits="0"/>
						<line number="2193" hits="0"/>
						<line number="2196" hits="0"/>
						<line number="2197" hits="0"/>
						<line number="2200" hits="0"/>
						<line number="2201" hits="0"/>
						<line number="2203" hits="0"/>
						<line number="2204" hits="0"/>
						<line number="2207" hits="0"/>
						<line number="2208" hits="0"/>
						<line number="2211" hits="0"/>
						<line number="2212" hits="0"/>
						<line number="2214" hits="0"/>
						<line number="2215" hits="0"/>
						<line number="2218" hits="0"/>
						<line number="2219" hits="0"/>
						<line number="2220" hits="0"/>
						<line number="2221" hits="0"/>
						<line number="2224" hits="0"/>
						<line number="2225" hits="0"/>
						<line number="2232" hits="0"/>
						<line number="2233" hits="0"/>
						<line number="2234" hits="0"/>
						<line number="2236" hits="1"/>
						<line number="2250" hits="0"/>
						<line number="2253" hits="0"/>
						<line number="2260" hits="0"/>
						<line number="2263" hits="0"/>
						<line number="2264" hits="0"/>
						<line number="2265" hits="0"/>
						<line number="2266" hits="0"/>
						<line number="2268" hits="1"/>
						<line number="2281" hits="0"/>
						<line number="2282" hits="0"/>
						<line number="2283" hits="0"/>
						<line number="2284" hits="0"/>
						<line number="2286" hits="0"/>
						<line number="2287" hits="0"/>
						<line number="2293" hits="1"/>
						<line number="2335" hits="1"/>
						<line number="2341" hits="1"/>
						<line number="2342" hits="1"/>
						<line number="2345" hits="1"/>
						<line number="2346" hits="1"/>
						<line number="2347" hits="0"/>
						<line number="2348" hits="0"/>
						<line number="2349" hits="1"/>
						<line number="2352" hits="1"/>
						<line number="2353" hits="1"/>
						<line number="2354" hits="1"/>
						<line number="2357" hits="0"/>
						<line number="2358" hits="0"/>
						<line number="2359" hits="0"/>
						<line number="2360" hits="0"/>
						<line number="2363" hits="0"/>
						<line number="2366" hits="0"/>
						<line number="2367" hits="0"/>
						<line number="2368" hits="0"/>
						<line number="2369" hits="0"/>
						<line number="2370" hits="0"/>
						<line number="2371" hits="0"/>
						<line number="2373" hits="0"/>
						<line number="2374" hits="0"/>
						<line number="2378" hits="0"/>
						<line number="2379" hits="0"/>
						<line number="2382" hits="0"/>
						<line number="2395" hits="0"/>
						<line number="2398" hits="0"/>
						<line number="2399" hits="0"/>
						<line number="2400" hits="0"/>
						<line number="2401" hits="0"/>
						<line number="2402" hits="0"/>
						<line number="2403" hits="0"/>
						<line number="2404" hits="0"/>
						<line number="2405" hits="0"/>
						<line number="2408" hits="0"/>
						<line number="2409" hits="0"/>
						<line number="2410" hits="0"/>
						<line number="2411" hits="0"/>
						<line number="2412" hits="0"/>
						<line number="2413" hits="1"/>
						<line number="2414" hits="1"/>
						<line number="2415" hits="1"/>
						<line number="2423" hits="1"/>
						<line number="2424" hits="1"/>
						<line number="2425" hits="1"/>
						<line number="2426" hits="1"/>
						<line number="2429" hits="1"/>
						<line number="2453" hits="1"/>
						<line number="2454" hits="0"/>
						<line number="2455" hits="0"/>
						<line number="2456" hits="1"/>
						<line number="2457" hits="1"/>
						<line number="2458" hits="1"/>
						<line number="2459" hits="1"/>
						<line number="2460" hits="0"/>
						<line number="2461" hits="0"/>
						<line number="2462" hits="0"/>
						<line number="2463" hits="0"/>
						<line number="2464" hits="0"/>
						<line number="2465" hits="1"/>
						<line number="2468" hits="1"/>
						<line number="2493" hits="1"/>
						<line number="2495" hits="1"/>
						<line number="2496" hits="1"/>
						<line number="2497" hits="0"/>
						<line number="2498" hits="0"/>
						<line number="2499" hits="0"/>
						<line number="2500" hits="0"/>
						<line number="2501" hits="0"/>
						<line number="2502" hits="1"/>
						<line number="2505" hits="1"/>
						<line number="2513" hits="0"/>
						<line number="2514" hits="0"/>
						<line number="2515" hits="0"/>
						<line number="2516" hits="0"/>
						<line number="2517" hits="0"/>
						<line number="2520" hits="0"/>
						<line number="2521" hits="0"/>
						<line number="2522" hits="0"/>
						<line number="2523" hits="0"/>
						<line number="2524" hits="0"/>
						<line number="2525" hits="0"/>
						<line number="2526" hits="0"/>
						<line number="2527" hits="0"/>
						<line number="2528" hits="0"/>
						<line number="2529" hits="0"/>
						<line number="2530" hits="0"/>
						<line number="2531" hits="0"/>
						<line number="2534" hits="1"/>
						<line number="2536" hits="0"/>
						<line number="2537" hits="0"/>
						<line number="2538" hits="0"/>
						<line number="2539" hits="0"/>
						<line number="2540" hits="0"/>
						<line number="2541" hits="0"/>
						<line number="2544" hits="0"/>
						<line number="2545" hits="0"/>
						<line number="2548" hits="0"/>
						<line number="2549" hits="0"/>
						<line number="2550" hits="0"/>
						<line number="2553" hits="1"/>
						<line number="2561" hits="0"/>
						<line number="2562" hits="0"/>
						<line number="2563" hits="0"/>
						<line number="2564" hits="0"/>
						<line number="2565" hits="0"/>
						<line number="2566" hits="0"/>
						<line number="2567" hits="0"/>
						<line number="2568" hits="0"/>
						<line number="2569" hits="0"/>
						<line number="2570" hits="0"/>
						<line number="2573" hits="0"/>
						<line number="2574" hits="0"/>
						<line number="2575" hits="0"/>
						<line number="2578" hits="0"/>
						<line number="2579" hits="0"/>
						<line number="2580" hits="0"/>
						<line number="2584" hits="1"/>
						<line number="2592" hits="1"/>
						<line number="2594" hits="1"/>
						<line number="2595" hits="1"/>
						<line number="2597" hits="0"/>
						<line number="2598" hits="1"/>
						<line number="2601" hits="1"/>
						<line number="2602" hits="1"/>
						<line number="2603" hits="1"/>
						<line number="2604" hits="1"/>
						<line number="2607" hits="1"/>
						<line number="2608" hits="1"/>
						<line number="2609" hits="1"/>
						<line number="2611" hits="0"/>
						<line number="2612" hits="0"/>
						<line number="2613" hits="0"/>
						<line number="2614" hits="0"/>
						<line number="2616" hits="1"/>
						<line number="2617" hits="1"/>
						<line number="2626" hits="0"/>
						<line number="2627" hits="0"/>
						<line number="2628" hits="0"/>
						<line number="2629" hits="0"/>
						<line number="2630" hits="0"/>
						<line number="2631" hits="0"/>
						<line number="2632" hits="0"/>
						<line number="2633" hits="0"/>
						<line number="2634" hits="0"/>
						<line number="2635" hits="0"/>
						<line number="2636" hits="0"/>
						<line number="2637" hits="0"/>
						<line number="2638" hits="0"/>
						<line number="2641" hits="0"/>
						<line number="2642" hits="0"/>
						<line number="2643" hits="0"/>
						<line number="2644" hits="0"/>
						<line number="2645" hits="0"/>
						<line number="2646" hits="0"/>
						<line number="2647" hits="0"/>
						<line number="2648" hits="0"/>
						<line number="2652" hits="1"/>
						<line number="2660" hits="0"/>
						<line number="2662" hits="0"/>
						<line number="2663" hits="0"/>
						<line number="2665" hits="0"/>
						<line number="2666" hits="0"/>
						<line number="2669" hits="0"/>
						<line number="2670" hits="0"/>
						<line number="2671" hits="0"/>
						<line number="2672" hits="0"/>
						<line number="2673" hits="0"/>
						<line number="2676" hits="0"/>
						<line number="2677" hits="0"/>
						<line number="2678" hits="0"/>
						<line number="2680" hits="0"/>
						<line number="2681" hits="0"/>
						<line number="2682" hits="0"/>
						<line number="2683" hits="0"/>
						<line number="2685" hits="1"/>
						<line number="2705" hits="0"/>
						<line number="2706" hits="0"/>
						<line number="2707" hits="0"/>
						<line number="2708" hits="0"/>
						<line number="2711" hits="0"/>
						<line number="2712" hits="0"/>
						<line number="2713" hits="0"/>
						<line number="2714" hits="0"/>
						<line number="2717" hits="0"/>
						<line number="2718" hits="0"/>
						<line number="2720" hits="0"/>
						<line number="2721" hits="0"/>
						<line number="2722" hits="0"/>
						<line number="2723" hits="0"/>
						<line number="2724" hits="0"/>
						<line number="2725" hits="0"/>
						<line number="2726" hits="0"/>
						<line number="2727" hits="0"/>
						<line number="2728" hits="0"/>
						<line number="2729" hits="0"/>
						<line number="2730" hits="0"/>
						<line number="2731" hits="0"/>
						<line number="2732" hits="0"/>
						<line number="2736" hits="1"/>
						<line number="2757" hits="1"/>
						<line number="2766" hits="1"/>
						<line number="2787" hits="1"/>
						<line number="2788" hits="1"/>
						<line number="2789" hits="1"/>
						<line number="2790" hits="1"/>
						<line number="2793" hits="1"/>
						<line number="2794" hits="0"/>
						<line number="2795" hits="0"/>
						<line number="2796" hits="0"/>
						<line number="2799" hits="1"/>
						<line number="2807" hits="1"/>
						<line number="2808" hits="1"/>
						<line number="2810" hits="0"/>
						<line number="2811" hits="1"/>
						<line number="2812" hits="1"/>
						<line number="2813" hits="1"/>
						<line number="2814" hits="0"/>
						<line number="2815" hits="0"/>
						<line number="2816" hits="1"/>
						<line number="2817" hits="1"/>
						<line number="2818" hits="0"/>
						<line number="2819" hits="0"/>
						<line number="2820" hits="0"/>
						<line number="2821" hits="0"/>
						<line number="2822" hits="0"/>
						<line number="2824" hits="1"/>
						<line number="2825" hits="1"/>
						<line number="2834" hits="1"/>
						<line number="2836" hits="1"/>
						<line number="2837" hits="1"/>
						<line number="2852" hits="1"/>
						<line number="2853" hits="1"/>
						<line number="2854" hits="1"/>
						<line number="2855" hits="1"/>
						<line number="2856" hits="1"/>
						<line number="2857" hits="1"/>
						<line number="2858" hits="1"/>
						<line number="2860" hits="0"/>
						<line number="2861" hits="1"/>
						<line number="2862" hits="0"/>
						<line number="2863" hits="0"/>
						<line number="2864" hits="0"/>
						<line number="2865" hits="0"/>
						<line number="2866" hits="0"/>
						<line number="2868" hits="1"/>
						<line number="2877" hits="0"/>
						<line number="2878" hits="0"/>
						<line number="2879" hits="0"/>
						<line number="2880" hits="0"/>
						<line number="2881" hits="0"/>
						<line number="2882" hits="0"/>
						<line number="2883" hits="0"/>
						<line number="2884" hits="0"/>
						<line number="2885" hits="0"/>
						<line number="2886" hits="0"/>
						<line number="2887" hits="0"/>
						<line number="2888" hits="0"/>
						<line number="2889" hits="0"/>
						<line number="2890" hits="0"/>
						<line number="2892" hits="1"/>
						<line number="2900" hits="1"/>
						<line number="2901" hits="1"/>
						<line number="2902" hits="1"/>
						<line number="2903" hits="1"/>
						<line number="2904" hits="0"/>
						<line number="2905" hits="0"/>
						<line number="2906" hits="0"/>
						<line number="2907" hits="0"/>
						<line number="2908" hits="0"/>
						<line number="2913" hits="1"/>
						<line number="2953" hits="0"/>
						<line number="2954" hits="0"/>
						<line number="2955" hits="0"/>
						<line number="2956" hits="0"/>
						<line number="2957" hits="0"/>
						<line number="2958" hits="0"/>
						<line number="2959" hits="0"/>
						<line number="2962" hits="0"/>
						<line number="2963" hits="0"/>
						<line number="2966" hits="0"/>
						<line number="2967" hits="0"/>
						<line number="2968" hits="0"/>
						<line number="2969" hits="0"/>
						<line number="2972" hits="0"/>
						<line number="2973" hits="0"/>
						<line number="2974" hits="0"/>
						<line number="2978" hits="0"/>
						<line number="2990" hits="0"/>
						<line number="2991" hits="0"/>
						<line number="2992" hits="0"/>
						<line number="2995" hits="0"/>
						<line number="2996" hits="0"/>
						<line number="2997" hits="0"/>
						<line number="2998" hits="0"/>
						<line number="3000" hits="0"/>
						<line number="3001" hits="0"/>
						<line number="3004" hits="0"/>
						<line number="3016" hits="1"/>
						<line number="3051" hits="0"/>
						<line number="3054" hits="0"/>
						<line number="3055" hits="0"/>
						<line number="3056" hits="0"/>
						<line number="3057" hits="0"/>
						<line number="3061" hits="0"/>
						<line number="3068" hits="0"/>
						<line number="3069" hits="0"/>
						<line number="3070" hits="0"/>
						<line number="3072" hits="0"/>
						<line number="3075" hits="0"/>
						<line number="3076" hits="0"/>
						<line number="3079" hits="0"/>
						<line number="3080" hits="0"/>
						<line number="3082" hits="0"/>
						<line number="3083" hits="0"/>
						<line number="3084" hits="0"/>
						<line number="3087" hits="0"/>
						<line number="3092" hits="1"/>
						<line number="3116" hits="0"/>
						<line number="3117" hits="0"/>
						<line number="3118" hits="0"/>
						<line number="3119" hits="0"/>
						<line number="3120" hits="0"/>
						<line number="3122" hits="0"/>
						<line number="3123" hits="0"/>
						<line number="3126" hits="0"/>
						<line number="3127" hits="0"/>
						<line number="3128" hits="0"/>
						<line number="3129" hits="0"/>
						<line number="3132" hits="0"/>
						<line number="3136" hits="1"/>
						<line number="3150" hits="0"/>
						<line number="3151" hits="0"/>
						<line number="3152" hits="0"/>
						<line number="3153" hits="0"/>
						<line number="3154" hits="0"/>
						<line number="3155" hits="0"/>
						<line number="3156" hits="0"/>
						<line number="3161" hits="1"/>
						<line number="3174" hits="0"/>
						<line number="3175" hits="0"/>
						<line number="3176" hits="0"/>
						<line number="3177" hits="0"/>
						<line number="3178" hits="0"/>
						<line number="3179" hits="0"/>
						<line number="3185" hits="1"/>
						<line number="3198" hits="1"/>
						<line number="3199" hits="1"/>
						<line number="3200" hits="1"/>
						<line number="3201" hits="1"/>
						<line number="3204" hits="1"/>
						<line number="3205" hits="0"/>
						<line number="3206" hits="0"/>
						<line number="3207" hits="0"/>
						<line number="3208" hits="0"/>
						<line number="3210" hits="1"/>
						<line number="3211" hits="1"/>
						<line number="3212" hits="1"/>
						<line number="3216" hits="1"/>
						<line number="3217" hits="1"/>
						<line number="3218" hits="1"/>
						<line number="3220" hits="1"/>
						<line number="3223" hits="1"/>
						<line number="3224" hits="1"/>
						<line number="3225" hits="1"/>
						<line number="3226" hits="1"/>
						<line number="3229" hits="1"/>
						<line number="3230" hits="0"/>
						<line number="3231" hits="0"/>
						<line number="3232" hits="1"/>
						<line number="3233" hits="1"/>
						<line number="3234" hits="1"/>
						<line number="3235" hits="1"/>
						<line number="3236" hits="0"/>
						<line number="3237" hits="0"/>
						<line number="3239" hits="1"/>
						<line number="3240" hits="1"/>
						<line number="3241" hits="1"/>
						<line number="3244" hits="1"/>
						<line number="3245" hits="1"/>
						<line number="3248" hits="1"/>
						<line number="3263" hits="1"/>
						<line number="3266" hits="1"/>
						<line number="3267" hits="1"/>
						<line number="3268" hits="1"/>
						<line number="3269" hits="1"/>
						<line number="3270" hits="0"/>
						<line number="3271" hits="0"/>
						<line number="3272" hits="1"/>
						<line number="3273" hits="0"/>
						<line number="3274" hits="0"/>
						<line number="3275" hits="1"/>
						<line number="3276" hits="1"/>
						<line number="3277" hits="1"/>
						<line number="3280" hits="1"/>
						<line number="3281" hits="1"/>
						<line number="3282" hits="1"/>
						<line number="3283" hits="1"/>
						<line number="3284" hits="1"/>
						<line number="3285" hits="1"/>
						<line number="3286" hits="1"/>
						<line number="3287" hits="1"/>
						<line number="3288" hits="1"/>
						<line number="3289" hits="1"/>
						<line number="3295" hits="1"/>
						<line number="3306" hits="0"/>
						<line number="3307" hits="0"/>
						<line number="3310" hits="0"/>
						<line number="3311" hits="0"/>
						<line number="3312" hits="0"/>
						<line number="3313" hits="0"/>
						<line number="3314" hits="0"/>
						<line number="3315" hits="0"/>
						<line number="3316" hits="0"/>
						<line number="3322" hits="1"/>
						<line number="3333" hits="0"/>
						<line number="3334" hits="0"/>
						<line number="3337" hits="0"/>
						<line number="3338" hits="0"/>
						<line number="3339" hits="0"/>
						<line number="3340" hits="0"/>
						<line number="3341" hits="0"/>
						<line number="3342" hits="0"/>
						<line number="3343" hits="0"/>
						<line number="3349" hits="1"/>
						<line number="3361" hits="0"/>
						<line number="3362" hits="0"/>
						<line number="3363" hits="0"/>
						<line number="3364" hits="0"/>
						<line number="3365" hits="0"/>
						<line number="3368" hits="0"/>
						<line number="3369" hits="0"/>
						<line number="3370" hits="0"/>
						<line number="3371" hits="0"/>
						<line number="3372" hits="0"/>
						<line number="3373" hits="0"/>
						<line number="3376" hits="0"/>
						<line number="3377" hits="0"/>
						<line number="3378" hits="0"/>
						<line number="3379" hits="0"/>
						<line number="3382" hits="0"/>
						<line number="3383" hits="0"/>
						<line number="3386" hits="0"/>
						<line number="3387" hits="0"/>
						<line number="3388" hits="0"/>
						<line number="3394" hits="1"/>
						<line number="3395" hits="1"/>
						<line number="3405" hits="0"/>
						<line number="3407" hits="1"/>
						<line number="3426" hits="0"/>
						<line number="3428" hits="0"/>
						<line number="3429" hits="0"/>
						<line number="3435" hits="0"/>
						<line number="3436" hits="0"/>
						<line number="3437" hits="0"/>
						<line number="3439" hits="0"/>
						<line number="3440" hits="0"/>
						<line number="3442" hits="1"/>
						<line number="3452" hits="0"/>
						<line number="3455" hits="0"/>
						<line number="3456" hits="0"/>
						<line number="3462" hits="0"/>
						<line number="3463" hits="0"/>
						<line number="3464" hits="0"/>
						<line number="3466" hits="0"/>
						<line number="3467" hits="0"/>
						<line number="3471" hits="1"/>
						<line number="3484" hits="1"/>
						<line number="3485" hits="1"/>
						<line number="3486" hits="1"/>
						<line number="3487" hits="1"/>
						<line number="3488" hits="1"/>
						<line number="3489" hits="1"/>
						<line number="3495" hits="1"/>
						<line number="3496" hits="0"/>
						<line number="3498" hits="1"/>
						<line number="3499" hits="0"/>
						<line number="3501" hits="1"/>
						<line number="3502" hits="0"/>
						<line number="3504" hits="1"/>
						<line number="3505" hits="0"/>
						<line number="3507" hits="1"/>
						<line number="3508" hits="0"/>
						<line number="3510" hits="1"/>
						<line number="3511" hits="0"/>
						<line number="3513" hits="1"/>
						<line number="3514" hits="0"/>
						<line number="3516" hits="1"/>
						<line number="3517" hits="0"/>
						<line number="3519" hits="1"/>
						<line number="3520" hits="0"/>
						<line number="3522" hits="1"/>
						<line number="3523" hits="0"/>
						<line number="3525" hits="1"/>
						<line number="3526" hits="0"/>
						<line number="3528" hits="1"/>
						<line number="3529" hits="0"/>
						<line number="3531" hits="1"/>
						<line number="3532" hits="0"/>
						<line number="3534" hits="1"/>
						<line number="3535" hits="0"/>
						<line number="3537" hits="1"/>
						<line number="3538" hits="0"/>
						<line number="3540" hits="1"/>
						<line number="3541" hits="0"/>
						<line number="3543" hits="1"/>
						<line number="3545" hits="0"/>
						<line number="3546" hits="0"/>
						<line number="3547" hits="0"/>
						<line number="3549" hits="1"/>
						<line number="3551" hits="0"/>
						<line number="3552" hits="0"/>
						<line number="3553" hits="0"/>
						<line number="3555" hits="1"/>
						<line number="3557" hits="0"/>
						<line number="3558" hits="0"/>
						<line number="3559" hits="0"/>
						<line number="3561" hits="1"/>
						<line number="3563" hits="0"/>
						<line number="3564" hits="0"/>
						<line number="3565" hits="0"/>
						<line number="3567" hits="1"/>
						<line number="3568" hits="0"/>
						<line number="3570" hits="1"/>
						<line number="3571" hits="0"/>
						<line number="3573" hits="1"/>
						<line number="3574" hits="0"/>
						<line number="3576" hits="1"/>
						<line number="3577" hits="0"/>
						<line number="3579" hits="1"/>
						<line number="3580" hits="0"/>
						<line number="3582" hits="1"/>
						<line number="3591" hits="1"/>
						<line number="3593" hits="1"/>
						<line number="3594" hits="1"/>
						<line number="3595" hits="1"/>
						<line number="3596" hits="1"/>
						<line number="3598" hits="0"/>
						<line number="3599" hits="0"/>
						<line number="3600" hits="0"/>
						<line number="3601" hits="1"/>
						<line number="3602" hits="1"/>
						<line number="3607" hits="1"/>
						<line number="3619" hits="1"/>
						<line number="3620" hits="1"/>
						<line number="3623" hits="1"/>
						<line number="3624" hits="0"/>
						<line number="3625" hits="0"/>
						<line number="3628" hits="1"/>
						<line number="3629" hits="1"/>
						<line number="3630" hits="1"/>
						<line number="3632" hits="1"/>
						<line number="3633" hits="0"/>
						<line number="3639" hits="1"/>
						<line number="3640" hits="0"/>
						<line number="3646" hits="1"/>
						<line number="3647" hits="0"/>
						<line number="3649" hits="1"/>
						<line number="3650" hits="0"/>
						<line number="3652" hits="1"/>
						<line number="3653" hits="0"/>
						<line number="3655" hits="1"/>
						<line number="3656" hits="0"/>
						<line number="3658" hits="1"/>
						<line number="3659" hits="0"/>
						<line number="3661" hits="1"/>
						<line number="3662" hits="0"/>
						<line number="3664" hits="1"/>
						<line number="3665" hits="0"/>
						<line number="3667" hits="1"/>
						<line number="3668" hits="0"/>
						<line number="3670" hits="1"/>
						<line number="3671" hits="0"/>
						<line number="3673" hits="1"/>
						<line number="3674" hits="0"/>
						<line number="3676" hits="1"/>
						<line number="3677" hits="0"/>
						<line number="3679" hits="1"/>
						<line number="3680" hits="0"/>
						<line number="3682" hits="1"/>
						<line number="3683" hits="0"/>
						<line number="3685" hits="1"/>
						<line number="3686" hits="0"/>
						<line number="3688" hits="1"/>
						<line number="3689" hits="0"/>
						<line number="3691" hits="1"/>
						<line number="3692" hits="0"/>
						<line number="3694" hits="1"/>
						<line number="3695" hits="0"/>
						<line number="3697" hits="1"/>
						<line number="3698" hits="0"/>
						<line number="3700" hits="1"/>
						<line number="3701" hits="0"/>
						<line number="3703" hits="1"/>
						<line number="3704" hits="0"/>
						<line number="3706" hits="1"/>
						<line number="3707" hits="0"/>
						<line number="3709" hits="1"/>
						<line number="3710" hits="0"/>
						<line number="3712" hits="1"/>
						<line number="3713" hits="0"/>
					</lines>
				</class>
			</classes>
		</package>
	</packages>
</coverage>
