<?xml version="1.0" ?>
<coverage version="7.13.1" timestamp="1769731842220" lines-valid="2308" lines-covered="1823" line-rate="0.7899" branches-covered="0" branches-valid="0" branch-rate="0" complexity="0">
	<!-- Generated by coverage.py: https://coverage.readthedocs.io/en/7.13.1 -->
	<!-- Based on https://raw.githubusercontent.com/cobertura/web/master/htdocs/xml/coverage-04.dtd -->
	<sources>
		<source>/home/pcalnon/Development/python/Juniper/JuniperCascor/juniper_cascor/src/candidate_unit</source>
		<source>/home/pcalnon/Development/python/Juniper/JuniperCascor/juniper_cascor/src/cascade_correlation</source>
	</sources>
	<packages>
		<package name="." line-rate="0.7844" branch-rate="0" complexity="0">
			<classes>
				<class name="__init__.py" filename="__init__.py" complexity="0" line-rate="1" branch-rate="0">
					<methods/>
					<lines/>
				</class>
				<class name="candidate_unit.py" filename="candidate_unit.py" complexity="0" line-rate="0.8392" branch-rate="0">
					<methods/>
					<lines>
						<line number="41" hits="1"/>
						<line number="44" hits="1"/>
						<line number="45" hits="1"/>
						<line number="46" hits="1"/>
						<line number="47" hits="1"/>
						<line number="49" hits="1"/>
						<line number="50" hits="1"/>
						<line number="52" hits="1"/>
						<line number="69" hits="1"/>
						<line number="70" hits="1"/>
						<line number="75" hits="1"/>
						<line number="76" hits="1"/>
						<line number="79" hits="1"/>
						<line number="80" hits="1"/>
						<line number="81" hits="1"/>
						<line number="82" hits="1"/>
						<line number="83" hits="1"/>
						<line number="84" hits="1"/>
						<line number="85" hits="1"/>
						<line number="86" hits="1"/>
						<line number="87" hits="1"/>
						<line number="88" hits="1"/>
						<line number="89" hits="1"/>
						<line number="90" hits="1"/>
						<line number="91" hits="1"/>
						<line number="94" hits="1"/>
						<line number="95" hits="1"/>
						<line number="96" hits="1"/>
						<line number="97" hits="1"/>
						<line number="98" hits="1"/>
						<line number="99" hits="1"/>
						<line number="100" hits="1"/>
						<line number="101" hits="1"/>
						<line number="102" hits="1"/>
						<line number="103" hits="1"/>
						<line number="104" hits="1"/>
						<line number="105" hits="1"/>
						<line number="108" hits="1"/>
						<line number="109" hits="1"/>
						<line number="110" hits="1"/>
						<line number="111" hits="1"/>
						<line number="112" hits="1"/>
						<line number="113" hits="1"/>
						<line number="114" hits="1"/>
						<line number="115" hits="1"/>
						<line number="116" hits="1"/>
						<line number="117" hits="1"/>
						<line number="120" hits="1"/>
						<line number="121" hits="1"/>
						<line number="122" hits="1"/>
						<line number="123" hits="1"/>
						<line number="124" hits="1"/>
						<line number="125" hits="1"/>
						<line number="135" hits="1"/>
						<line number="147" hits="1"/>
						<line number="179" hits="1"/>
						<line number="186" hits="1"/>
						<line number="187" hits="1"/>
						<line number="189" hits="1"/>
						<line number="199" hits="1"/>
						<line number="200" hits="1"/>
						<line number="201" hits="1"/>
						<line number="202" hits="1"/>
						<line number="204" hits="0"/>
						<line number="206" hits="1"/>
						<line number="217" hits="1"/>
						<line number="218" hits="1"/>
						<line number="219" hits="1"/>
						<line number="220" hits="1"/>
						<line number="221" hits="1"/>
						<line number="222" hits="1"/>
						<line number="223" hits="1"/>
						<line number="224" hits="1"/>
						<line number="225" hits="1"/>
						<line number="228" hits="0"/>
						<line number="229" hits="0"/>
						<line number="231" hits="1"/>
						<line number="233" hits="1"/>
						<line number="235" hits="1"/>
						<line number="237" hits="1"/>
						<line number="239" hits="1"/>
						<line number="241" hits="1"/>
						<line number="243" hits="1"/>
						<line number="245" hits="1"/>
						<line number="249" hits="1"/>
						<line number="254" hits="1"/>
						<line number="276" hits="1"/>
						<line number="279" hits="1"/>
						<line number="280" hits="1"/>
						<line number="281" hits="1"/>
						<line number="282" hits="1"/>
						<line number="285" hits="1"/>
						<line number="286" hits="1"/>
						<line number="289" hits="1"/>
						<line number="290" hits="1"/>
						<line number="291" hits="1"/>
						<line number="292" hits="1"/>
						<line number="293" hits="1"/>
						<line number="294" hits="1"/>
						<line number="296" hits="1"/>
						<line number="297" hits="1"/>
						<line number="300" hits="1"/>
						<line number="301" hits="1"/>
						<line number="302" hits="1"/>
						<line number="303" hits="1"/>
						<line number="304" hits="1"/>
						<line number="305" hits="1"/>
						<line number="306" hits="1"/>
						<line number="309" hits="1"/>
						<line number="310" hits="1"/>
						<line number="313" hits="1"/>
						<line number="314" hits="1"/>
						<line number="315" hits="1"/>
						<line number="316" hits="1"/>
						<line number="319" hits="1"/>
						<line number="320" hits="1"/>
						<line number="321" hits="1"/>
						<line number="322" hits="1"/>
						<line number="325" hits="1"/>
						<line number="326" hits="1"/>
						<line number="327" hits="1"/>
						<line number="328" hits="1"/>
						<line number="331" hits="1"/>
						<line number="332" hits="1"/>
						<line number="333" hits="1"/>
						<line number="334" hits="1"/>
						<line number="337" hits="1"/>
						<line number="338" hits="1"/>
						<line number="346" hits="1"/>
						<line number="347" hits="1"/>
						<line number="350" hits="1"/>
						<line number="351" hits="1"/>
						<line number="352" hits="1"/>
						<line number="353" hits="1"/>
						<line number="356" hits="1"/>
						<line number="357" hits="1"/>
						<line number="358" hits="1"/>
						<line number="359" hits="1"/>
						<line number="361" hits="1"/>
						<line number="362" hits="1"/>
						<line number="366" hits="1"/>
						<line number="368" hits="1"/>
						<line number="370" hits="1"/>
						<line number="371" hits="1"/>
						<line number="372" hits="1"/>
						<line number="373" hits="1"/>
						<line number="375" hits="1"/>
						<line number="377" hits="1"/>
						<line number="379" hits="1"/>
						<line number="380" hits="1"/>
						<line number="385" hits="1"/>
						<line number="393" hits="1"/>
						<line number="394" hits="1"/>
						<line number="395" hits="1"/>
						<line number="398" hits="1"/>
						<line number="399" hits="1"/>
						<line number="400" hits="1"/>
						<line number="401" hits="1"/>
						<line number="402" hits="1"/>
						<line number="403" hits="1"/>
						<line number="404" hits="1"/>
						<line number="405" hits="1"/>
						<line number="406" hits="1"/>
						<line number="413" hits="1"/>
						<line number="414" hits="0"/>
						<line number="416" hits="0"/>
						<line number="417" hits="0"/>
						<line number="418" hits="0"/>
						<line number="420" hits="1"/>
						<line number="435" hits="1"/>
						<line number="436" hits="1"/>
						<line number="437" hits="0"/>
						<line number="438" hits="0"/>
						<line number="439" hits="1"/>
						<line number="440" hits="1"/>
						<line number="441" hits="1"/>
						<line number="442" hits="1"/>
						<line number="443" hits="1"/>
						<line number="446" hits="1"/>
						<line number="447" hits="1"/>
						<line number="448" hits="1"/>
						<line number="449" hits="1"/>
						<line number="451" hits="1"/>
						<line number="464" hits="1"/>
						<line number="465" hits="1"/>
						<line number="470" hits="1"/>
						<line number="471" hits="1"/>
						<line number="472" hits="1"/>
						<line number="473" hits="1"/>
						<line number="474" hits="1"/>
						<line number="475" hits="1"/>
						<line number="476" hits="0"/>
						<line number="477" hits="1"/>
						<line number="478" hits="1"/>
						<line number="480" hits="1"/>
						<line number="487" hits="1"/>
						<line number="489" hits="1"/>
						<line number="502" hits="1"/>
						<line number="503" hits="1"/>
						<line number="504" hits="1"/>
						<line number="527" hits="1"/>
						<line number="528" hits="1"/>
						<line number="529" hits="1"/>
						<line number="532" hits="1"/>
						<line number="533" hits="1"/>
						<line number="534" hits="1"/>
						<line number="538" hits="1"/>
						<line number="550" hits="1"/>
						<line number="551" hits="1"/>
						<line number="554" hits="1"/>
						<line number="555" hits="0"/>
						<line number="556" hits="0"/>
						<line number="558" hits="1"/>
						<line number="559" hits="1"/>
						<line number="560" hits="1"/>
						<line number="561" hits="1"/>
						<line number="562" hits="1"/>
						<line number="569" hits="1"/>
						<line number="596" hits="1"/>
						<line number="604" hits="1"/>
						<line number="606" hits="1"/>
						<line number="608" hits="1"/>
						<line number="636" hits="1"/>
						<line number="637" hits="1"/>
						<line number="638" hits="1"/>
						<line number="639" hits="1"/>
						<line number="640" hits="1"/>
						<line number="643" hits="1"/>
						<line number="644" hits="1"/>
						<line number="645" hits="1"/>
						<line number="646" hits="1"/>
						<line number="649" hits="1"/>
						<line number="650" hits="1"/>
						<line number="651" hits="1"/>
						<line number="652" hits="1"/>
						<line number="653" hits="1"/>
						<line number="656" hits="1"/>
						<line number="657" hits="1"/>
						<line number="658" hits="1"/>
						<line number="659" hits="1"/>
						<line number="660" hits="1"/>
						<line number="661" hits="1"/>
						<line number="662" hits="1"/>
						<line number="665" hits="1"/>
						<line number="666" hits="1"/>
						<line number="667" hits="1"/>
						<line number="668" hits="1"/>
						<line number="669" hits="1"/>
						<line number="672" hits="1"/>
						<line number="673" hits="1"/>
						<line number="674" hits="1"/>
						<line number="677" hits="1"/>
						<line number="678" hits="1"/>
						<line number="689" hits="1"/>
						<line number="690" hits="1"/>
						<line number="691" hits="1"/>
						<line number="692" hits="1"/>
						<line number="695" hits="1"/>
						<line number="698" hits="1"/>
						<line number="699" hits="1"/>
						<line number="700" hits="1"/>
						<line number="701" hits="1"/>
						<line number="702" hits="1"/>
						<line number="703" hits="1"/>
						<line number="705" hits="1"/>
						<line number="706" hits="1"/>
						<line number="708" hits="1"/>
						<line number="709" hits="0"/>
						<line number="710" hits="0"/>
						<line number="711" hits="0"/>
						<line number="714" hits="1"/>
						<line number="715" hits="1"/>
						<line number="716" hits="1"/>
						<line number="717" hits="1"/>
						<line number="718" hits="1"/>
						<line number="719" hits="1"/>
						<line number="720" hits="1"/>
						<line number="721" hits="1"/>
						<line number="722" hits="1"/>
						<line number="723" hits="1"/>
						<line number="724" hits="0"/>
						<line number="725" hits="0"/>
						<line number="726" hits="0"/>
						<line number="728" hits="0"/>
						<line number="729" hits="1"/>
						<line number="732" hits="1"/>
						<line number="733" hits="1"/>
						<line number="734" hits="1"/>
						<line number="737" hits="1"/>
						<line number="738" hits="1"/>
						<line number="739" hits="1"/>
						<line number="742" hits="1"/>
						<line number="743" hits="1"/>
						<line number="746" hits="1"/>
						<line number="747" hits="1"/>
						<line number="748" hits="1"/>
						<line number="750" hits="1"/>
						<line number="751" hits="1"/>
						<line number="753" hits="1"/>
						<line number="754" hits="1"/>
						<line number="757" hits="1"/>
						<line number="761" hits="1"/>
						<line number="763" hits="1"/>
						<line number="764" hits="1"/>
						<line number="766" hits="1"/>
						<line number="767" hits="0"/>
						<line number="768" hits="0"/>
						<line number="769" hits="0"/>
						<line number="772" hits="1"/>
						<line number="773" hits="0"/>
						<line number="775" hits="1"/>
						<line number="779" hits="1"/>
						<line number="796" hits="1"/>
						<line number="797" hits="1"/>
						<line number="798" hits="1"/>
						<line number="799" hits="1"/>
						<line number="802" hits="1"/>
						<line number="803" hits="1"/>
						<line number="804" hits="1"/>
						<line number="807" hits="1"/>
						<line number="808" hits="1"/>
						<line number="811" hits="1"/>
						<line number="812" hits="1"/>
						<line number="815" hits="1"/>
						<line number="816" hits="1"/>
						<line number="817" hits="1"/>
						<line number="818" hits="1"/>
						<line number="819" hits="1"/>
						<line number="820" hits="1"/>
						<line number="821" hits="1"/>
						<line number="822" hits="1"/>
						<line number="824" hits="0"/>
						<line number="825" hits="0"/>
						<line number="826" hits="0"/>
						<line number="827" hits="0"/>
						<line number="828" hits="0"/>
						<line number="829" hits="0"/>
						<line number="831" hits="1"/>
						<line number="832" hits="1"/>
						<line number="835" hits="1"/>
						<line number="836" hits="1"/>
						<line number="837" hits="1"/>
						<line number="838" hits="1"/>
						<line number="841" hits="1"/>
						<line number="860" hits="1"/>
						<line number="861" hits="1"/>
						<line number="862" hits="1"/>
						<line number="863" hits="1"/>
						<line number="864" hits="1"/>
						<line number="867" hits="1"/>
						<line number="868" hits="1"/>
						<line number="869" hits="1"/>
						<line number="872" hits="1"/>
						<line number="875" hits="1"/>
						<line number="876" hits="1"/>
						<line number="879" hits="1"/>
						<line number="880" hits="1"/>
						<line number="881" hits="1"/>
						<line number="883" hits="1"/>
						<line number="884" hits="1"/>
						<line number="885" hits="1"/>
						<line number="888" hits="1"/>
						<line number="889" hits="1"/>
						<line number="890" hits="1"/>
						<line number="891" hits="1"/>
						<line number="892" hits="1"/>
						<line number="893" hits="1"/>
						<line number="894" hits="1"/>
						<line number="898" hits="1"/>
						<line number="908" hits="1"/>
						<line number="909" hits="1"/>
						<line number="910" hits="1"/>
						<line number="912" hits="1"/>
						<line number="913" hits="1"/>
						<line number="914" hits="1"/>
						<line number="915" hits="1"/>
						<line number="919" hits="1"/>
						<line number="922" hits="1"/>
						<line number="940" hits="0"/>
						<line number="941" hits="0"/>
						<line number="942" hits="0"/>
						<line number="943" hits="0"/>
						<line number="946" hits="0"/>
						<line number="947" hits="0"/>
						<line number="948" hits="0"/>
						<line number="949" hits="0"/>
						<line number="950" hits="0"/>
						<line number="951" hits="0"/>
						<line number="952" hits="0"/>
						<line number="954" hits="0"/>
						<line number="955" hits="0"/>
						<line number="958" hits="0"/>
						<line number="959" hits="0"/>
						<line number="960" hits="0"/>
						<line number="963" hits="0"/>
						<line number="965" hits="1"/>
						<line number="978" hits="0"/>
						<line number="979" hits="0"/>
						<line number="980" hits="0"/>
						<line number="981" hits="0"/>
						<line number="983" hits="0"/>
						<line number="984" hits="0"/>
						<line number="987" hits="1"/>
						<line number="1013" hits="1"/>
						<line number="1014" hits="1"/>
						<line number="1017" hits="1"/>
						<line number="1018" hits="1"/>
						<line number="1019" hits="1"/>
						<line number="1023" hits="1"/>
						<line number="1024" hits="1"/>
						<line number="1025" hits="1"/>
						<line number="1028" hits="1"/>
						<line number="1029" hits="1"/>
						<line number="1030" hits="1"/>
						<line number="1031" hits="1"/>
						<line number="1032" hits="1"/>
						<line number="1033" hits="1"/>
						<line number="1036" hits="1"/>
						<line number="1037" hits="1"/>
						<line number="1038" hits="1"/>
						<line number="1039" hits="1"/>
						<line number="1043" hits="1"/>
						<line number="1044" hits="1"/>
						<line number="1048" hits="1"/>
						<line number="1049" hits="1"/>
						<line number="1050" hits="1"/>
						<line number="1051" hits="1"/>
						<line number="1052" hits="1"/>
						<line number="1055" hits="1"/>
						<line number="1056" hits="1"/>
						<line number="1057" hits="0"/>
						<line number="1058" hits="0"/>
						<line number="1061" hits="1"/>
						<line number="1062" hits="1"/>
						<line number="1063" hits="1"/>
						<line number="1067" hits="1"/>
						<line number="1069" hits="1"/>
						<line number="1070" hits="1"/>
						<line number="1071" hits="1"/>
						<line number="1073" hits="1"/>
						<line number="1074" hits="1"/>
						<line number="1077" hits="1"/>
						<line number="1085" hits="1"/>
						<line number="1108" hits="1"/>
						<line number="1109" hits="1"/>
						<line number="1112" hits="1"/>
						<line number="1113" hits="1"/>
						<line number="1114" hits="1"/>
						<line number="1117" hits="1"/>
						<line number="1118" hits="1"/>
						<line number="1119" hits="1"/>
						<line number="1122" hits="1"/>
						<line number="1125" hits="1"/>
						<line number="1127" hits="1"/>
						<line number="1128" hits="1"/>
						<line number="1129" hits="1"/>
						<line number="1131" hits="0"/>
						<line number="1132" hits="0"/>
						<line number="1135" hits="0"/>
						<line number="1136" hits="0"/>
						<line number="1138" hits="1"/>
						<line number="1141" hits="1"/>
						<line number="1142" hits="1"/>
						<line number="1143" hits="1"/>
						<line number="1144" hits="1"/>
						<line number="1145" hits="1"/>
						<line number="1146" hits="1"/>
						<line number="1147" hits="1"/>
						<line number="1148" hits="1"/>
						<line number="1149" hits="1"/>
						<line number="1151" hits="1"/>
						<line number="1152" hits="1"/>
						<line number="1155" hits="1"/>
						<line number="1156" hits="1"/>
						<line number="1157" hits="1"/>
						<line number="1158" hits="1"/>
						<line number="1159" hits="1"/>
						<line number="1160" hits="1"/>
						<line number="1161" hits="1"/>
						<line number="1162" hits="1"/>
						<line number="1163" hits="1"/>
						<line number="1164" hits="1"/>
						<line number="1165" hits="1"/>
						<line number="1168" hits="1"/>
						<line number="1169" hits="1"/>
						<line number="1170" hits="1"/>
						<line number="1173" hits="1"/>
						<line number="1174" hits="1"/>
						<line number="1177" hits="1"/>
						<line number="1178" hits="1"/>
						<line number="1179" hits="1"/>
						<line number="1181" hits="1"/>
						<line number="1182" hits="0"/>
						<line number="1183" hits="0"/>
						<line number="1186" hits="1"/>
						<line number="1187" hits="1"/>
						<line number="1188" hits="1"/>
						<line number="1189" hits="1"/>
						<line number="1190" hits="1"/>
						<line number="1191" hits="1"/>
						<line number="1193" hits="1"/>
						<line number="1194" hits="1"/>
						<line number="1197" hits="1"/>
						<line number="1198" hits="1"/>
						<line number="1201" hits="1"/>
						<line number="1221" hits="1"/>
						<line number="1224" hits="1"/>
						<line number="1225" hits="1"/>
						<line number="1226" hits="1"/>
						<line number="1227" hits="0"/>
						<line number="1230" hits="1"/>
						<line number="1231" hits="1"/>
						<line number="1232" hits="1"/>
						<line number="1233" hits="0"/>
						<line number="1236" hits="1"/>
						<line number="1237" hits="1"/>
						<line number="1238" hits="1"/>
						<line number="1239" hits="0"/>
						<line number="1242" hits="1"/>
						<line number="1243" hits="1"/>
						<line number="1244" hits="1"/>
						<line number="1245" hits="0"/>
						<line number="1248" hits="1"/>
						<line number="1249" hits="1"/>
						<line number="1250" hits="1"/>
						<line number="1251" hits="0"/>
						<line number="1254" hits="1"/>
						<line number="1255" hits="1"/>
						<line number="1256" hits="1"/>
						<line number="1257" hits="1"/>
						<line number="1258" hits="1"/>
						<line number="1259" hits="1"/>
						<line number="1260" hits="1"/>
						<line number="1261" hits="0"/>
						<line number="1264" hits="1"/>
						<line number="1267" hits="1"/>
						<line number="1271" hits="1"/>
						<line number="1280" hits="1"/>
						<line number="1281" hits="1"/>
						<line number="1282" hits="1"/>
						<line number="1283" hits="1"/>
						<line number="1284" hits="1"/>
						<line number="1286" hits="1"/>
						<line number="1296" hits="1"/>
						<line number="1297" hits="1"/>
						<line number="1298" hits="1"/>
						<line number="1299" hits="1"/>
						<line number="1300" hits="1"/>
						<line number="1302" hits="1"/>
						<line number="1312" hits="1"/>
						<line number="1313" hits="1"/>
						<line number="1314" hits="1"/>
						<line number="1315" hits="1"/>
						<line number="1316" hits="1"/>
						<line number="1318" hits="1"/>
						<line number="1327" hits="0"/>
						<line number="1328" hits="0"/>
						<line number="1329" hits="0"/>
						<line number="1330" hits="0"/>
						<line number="1332" hits="0"/>
						<line number="1333" hits="0"/>
						<line number="1335" hits="1"/>
						<line number="1344" hits="0"/>
						<line number="1345" hits="0"/>
						<line number="1346" hits="0"/>
						<line number="1347" hits="0"/>
						<line number="1349" hits="0"/>
						<line number="1350" hits="0"/>
						<line number="1354" hits="1"/>
						<line number="1360" hits="0"/>
						<line number="1362" hits="1"/>
						<line number="1368" hits="0"/>
						<line number="1370" hits="1"/>
						<line number="1376" hits="0"/>
						<line number="1378" hits="1"/>
						<line number="1384" hits="0"/>
						<line number="1394" hits="1"/>
						<line number="1400" hits="0"/>
						<line number="1402" hits="1"/>
						<line number="1408" hits="0"/>
						<line number="1410" hits="1"/>
						<line number="1416" hits="0"/>
						<line number="1418" hits="1"/>
						<line number="1424" hits="0"/>
						<line number="1426" hits="1"/>
						<line number="1432" hits="0"/>
						<line number="1434" hits="1"/>
						<line number="1440" hits="0"/>
						<line number="1442" hits="1"/>
						<line number="1448" hits="0"/>
						<line number="1450" hits="1"/>
						<line number="1459" hits="1"/>
						<line number="1460" hits="1"/>
						<line number="1461" hits="1"/>
						<line number="1463" hits="0"/>
						<line number="1464" hits="0"/>
						<line number="1465" hits="1"/>
						<line number="1466" hits="1"/>
						<line number="1470" hits="1"/>
						<line number="1479" hits="1"/>
						<line number="1480" hits="1"/>
						<line number="1481" hits="0"/>
						<line number="1482" hits="0"/>
						<line number="1483" hits="1"/>
						<line number="1484" hits="1"/>
						<line number="1485" hits="1"/>
						<line number="1487" hits="1"/>
						<line number="1493" hits="1"/>
						<line number="1495" hits="1"/>
						<line number="1501" hits="0"/>
						<line number="1503" hits="1"/>
						<line number="1509" hits="0"/>
						<line number="1511" hits="1"/>
						<line number="1517" hits="1"/>
						<line number="1519" hits="1"/>
						<line number="1525" hits="0"/>
						<line number="1535" hits="1"/>
						<line number="1541" hits="0"/>
						<line number="1543" hits="1"/>
						<line number="1549" hits="0"/>
						<line number="1551" hits="1"/>
						<line number="1557" hits="0"/>
						<line number="1559" hits="1"/>
						<line number="1565" hits="0"/>
						<line number="1567" hits="1"/>
						<line number="1573" hits="0"/>
						<line number="1575" hits="1"/>
						<line number="1581" hits="1"/>
					</lines>
				</class>
				<class name="cascade_correlation.py" filename="cascade_correlation.py" complexity="0" line-rate="0.7628" branch-rate="0">
					<methods/>
					<lines>
						<line number="37" hits="1"/>
						<line number="38" hits="1"/>
						<line number="41" hits="1"/>
						<line number="42" hits="1"/>
						<line number="43" hits="1"/>
						<line number="44" hits="1"/>
						<line number="45" hits="1"/>
						<line number="46" hits="1"/>
						<line number="47" hits="1"/>
						<line number="48" hits="1"/>
						<line number="49" hits="1"/>
						<line number="50" hits="1"/>
						<line number="51" hits="1"/>
						<line number="52" hits="1"/>
						<line number="55" hits="1"/>
						<line number="56" hits="1"/>
						<line number="57" hits="1"/>
						<line number="58" hits="1"/>
						<line number="65" hits="1"/>
						<line number="69" hits="1"/>
						<line number="80" hits="1"/>
						<line number="81" hits="1"/>
						<line number="82" hits="1"/>
						<line number="136" hits="1"/>
						<line number="137" hits="1"/>
						<line number="138" hits="1"/>
						<line number="139" hits="1"/>
						<line number="144" hits="1"/>
						<line number="145" hits="1"/>
						<line number="166" hits="1"/>
						<line number="167" hits="1"/>
						<line number="183" hits="1"/>
						<line number="184" hits="1"/>
						<line number="196" hits="1"/>
						<line number="197" hits="1"/>
						<line number="200" hits="1"/>
						<line number="206" hits="1"/>
						<line number="207" hits="1"/>
						<line number="208" hits="1"/>
						<line number="211" hits="1"/>
						<line number="217" hits="1"/>
						<line number="218" hits="1"/>
						<line number="219" hits="1"/>
						<line number="223" hits="1"/>
						<line number="226" hits="1"/>
						<line number="243" hits="1"/>
						<line number="244" hits="1"/>
						<line number="245" hits="1"/>
						<line number="246" hits="1"/>
						<line number="249" hits="0"/>
						<line number="250" hits="0"/>
						<line number="251" hits="0"/>
						<line number="252" hits="0"/>
						<line number="255" hits="1"/>
						<line number="259" hits="1"/>
						<line number="260" hits="1"/>
						<line number="266" hits="1"/>
						<line number="276" hits="0"/>
						<line number="278" hits="0"/>
						<line number="279" hits="0"/>
						<line number="282" hits="1"/>
						<line number="289" hits="0"/>
						<line number="291" hits="0"/>
						<line number="292" hits="0"/>
						<line number="302" hits="1"/>
						<line number="314" hits="1"/>
						<line number="346" hits="1"/>
						<line number="353" hits="1"/>
						<line number="354" hits="1"/>
						<line number="356" hits="1"/>
						<line number="366" hits="1"/>
						<line number="367" hits="1"/>
						<line number="368" hits="1"/>
						<line number="369" hits="1"/>
						<line number="371" hits="0"/>
						<line number="373" hits="1"/>
						<line number="384" hits="1"/>
						<line number="385" hits="1"/>
						<line number="386" hits="1"/>
						<line number="387" hits="1"/>
						<line number="388" hits="1"/>
						<line number="389" hits="1"/>
						<line number="390" hits="1"/>
						<line number="391" hits="1"/>
						<line number="392" hits="1"/>
						<line number="393" hits="1"/>
						<line number="396" hits="1"/>
						<line number="397" hits="1"/>
						<line number="399" hits="1"/>
						<line number="401" hits="1"/>
						<line number="403" hits="1"/>
						<line number="405" hits="1"/>
						<line number="407" hits="1"/>
						<line number="409" hits="1"/>
						<line number="411" hits="1"/>
						<line number="417" hits="1"/>
						<line number="434" hits="1"/>
						<line number="439" hits="1"/>
						<line number="440" hits="1"/>
						<line number="443" hits="1"/>
						<line number="446" hits="1"/>
						<line number="449" hits="1"/>
						<line number="452" hits="1"/>
						<line number="455" hits="1"/>
						<line number="456" hits="1"/>
						<line number="462" hits="1"/>
						<line number="464" hits="1"/>
						<line number="465" hits="0"/>
						<line number="467" hits="1"/>
						<line number="468" hits="1"/>
						<line number="469" hits="1"/>
						<line number="470" hits="0"/>
						<line number="471" hits="1"/>
						<line number="472" hits="1"/>
						<line number="473" hits="1"/>
						<line number="474" hits="1"/>
						<line number="476" hits="1"/>
						<line number="478" hits="1"/>
						<line number="481" hits="1"/>
						<line number="482" hits="1"/>
						<line number="483" hits="1"/>
						<line number="486" hits="1"/>
						<line number="502" hits="1"/>
						<line number="503" hits="1"/>
						<line number="504" hits="1"/>
						<line number="506" hits="1"/>
						<line number="508" hits="1"/>
						<line number="511" hits="1"/>
						<line number="512" hits="1"/>
						<line number="513" hits="1"/>
						<line number="514" hits="1"/>
						<line number="521" hits="1"/>
						<line number="522" hits="1"/>
						<line number="523" hits="1"/>
						<line number="526" hits="1"/>
						<line number="527" hits="1"/>
						<line number="528" hits="1"/>
						<line number="529" hits="1"/>
						<line number="530" hits="1"/>
						<line number="531" hits="1"/>
						<line number="532" hits="1"/>
						<line number="533" hits="1"/>
						<line number="534" hits="1"/>
						<line number="535" hits="1"/>
						<line number="536" hits="1"/>
						<line number="537" hits="1"/>
						<line number="538" hits="1"/>
						<line number="541" hits="1"/>
						<line number="544" hits="1"/>
						<line number="547" hits="1"/>
						<line number="548" hits="1"/>
						<line number="549" hits="1"/>
						<line number="550" hits="1"/>
						<line number="559" hits="1"/>
						<line number="562" hits="1"/>
						<line number="563" hits="1"/>
						<line number="565" hits="1"/>
						<line number="567" hits="1"/>
						<line number="568" hits="1"/>
						<line number="569" hits="1"/>
						<line number="576" hits="1"/>
						<line number="578" hits="1"/>
						<line number="580" hits="1"/>
						<line number="585" hits="1"/>
						<line number="586" hits="1"/>
						<line number="589" hits="1"/>
						<line number="590" hits="1"/>
						<line number="591" hits="1"/>
						<line number="602" hits="0"/>
						<line number="603" hits="0"/>
						<line number="606" hits="1"/>
						<line number="607" hits="1"/>
						<line number="608" hits="1"/>
						<line number="611" hits="1"/>
						<line number="612" hits="1"/>
						<line number="613" hits="1"/>
						<line number="614" hits="1"/>
						<line number="615" hits="1"/>
						<line number="616" hits="1"/>
						<line number="618" hits="1"/>
						<line number="620" hits="1"/>
						<line number="623" hits="1"/>
						<line number="624" hits="1"/>
						<line number="625" hits="1"/>
						<line number="626" hits="1"/>
						<line number="627" hits="1"/>
						<line number="630" hits="1"/>
						<line number="631" hits="1"/>
						<line number="632" hits="1"/>
						<line number="635" hits="1"/>
						<line number="636" hits="1"/>
						<line number="639" hits="1"/>
						<line number="641" hits="1"/>
						<line number="642" hits="1"/>
						<line number="661" hits="1"/>
						<line number="668" hits="1"/>
						<line number="672" hits="1"/>
						<line number="686" hits="1"/>
						<line number="687" hits="1"/>
						<line number="688" hits="1"/>
						<line number="689" hits="1"/>
						<line number="690" hits="1"/>
						<line number="691" hits="1"/>
						<line number="692" hits="1"/>
						<line number="693" hits="1"/>
						<line number="699" hits="1"/>
						<line number="700" hits="1"/>
						<line number="706" hits="1"/>
						<line number="707" hits="1"/>
						<line number="713" hits="1"/>
						<line number="714" hits="1"/>
						<line number="726" hits="1"/>
						<line number="747" hits="1"/>
						<line number="748" hits="1"/>
						<line number="749" hits="0"/>
						<line number="750" hits="0"/>
						<line number="751" hits="1"/>
						<line number="752" hits="1"/>
						<line number="753" hits="1"/>
						<line number="754" hits="1"/>
						<line number="755" hits="1"/>
						<line number="756" hits="1"/>
						<line number="757" hits="1"/>
						<line number="764" hits="1"/>
						<line number="765" hits="1"/>
						<line number="767" hits="1"/>
						<line number="780" hits="1"/>
						<line number="781" hits="1"/>
						<line number="782" hits="1"/>
						<line number="783" hits="1"/>
						<line number="784" hits="1"/>
						<line number="785" hits="1"/>
						<line number="786" hits="1"/>
						<line number="788" hits="1"/>
						<line number="795" hits="1"/>
						<line number="798" hits="1"/>
						<line number="811" hits="1"/>
						<line number="812" hits="1"/>
						<line number="816" hits="1"/>
						<line number="849" hits="1"/>
						<line number="850" hits="1"/>
						<line number="851" hits="1"/>
						<line number="854" hits="1"/>
						<line number="855" hits="1"/>
						<line number="860" hits="1"/>
						<line number="877" hits="1"/>
						<line number="878" hits="1"/>
						<line number="879" hits="1"/>
						<line number="880" hits="1"/>
						<line number="881" hits="1"/>
						<line number="882" hits="1"/>
						<line number="883" hits="1"/>
						<line number="884" hits="1"/>
						<line number="886" hits="1"/>
						<line number="887" hits="1"/>
						<line number="888" hits="1"/>
						<line number="889" hits="1"/>
						<line number="890" hits="1"/>
						<line number="892" hits="1"/>
						<line number="907" hits="1"/>
						<line number="908" hits="1"/>
						<line number="909" hits="1"/>
						<line number="910" hits="1"/>
						<line number="911" hits="1"/>
						<line number="912" hits="1"/>
						<line number="913" hits="0"/>
						<line number="914" hits="1"/>
						<line number="915" hits="1"/>
						<line number="917" hits="1"/>
						<line number="936" hits="1"/>
						<line number="937" hits="1"/>
						<line number="938" hits="1"/>
						<line number="939" hits="1"/>
						<line number="940" hits="1"/>
						<line number="941" hits="1"/>
						<line number="942" hits="1"/>
						<line number="943" hits="1"/>
						<line number="944" hits="1"/>
						<line number="945" hits="1"/>
						<line number="947" hits="1"/>
						<line number="957" hits="1"/>
						<line number="958" hits="1"/>
						<line number="959" hits="1"/>
						<line number="960" hits="1"/>
						<line number="961" hits="1"/>
						<line number="967" hits="1"/>
						<line number="984" hits="1"/>
						<line number="985" hits="1"/>
						<line number="1055" hits="1"/>
						<line number="1083" hits="1"/>
						<line number="1084" hits="1"/>
						<line number="1085" hits="1"/>
						<line number="1086" hits="1"/>
						<line number="1089" hits="1"/>
						<line number="1090" hits="1"/>
						<line number="1091" hits="1"/>
						<line number="1094" hits="1"/>
						<line number="1095" hits="1"/>
						<line number="1098" hits="1"/>
						<line number="1099" hits="0"/>
						<line number="1100" hits="0"/>
						<line number="1101" hits="1"/>
						<line number="1102" hits="1"/>
						<line number="1103" hits="1"/>
						<line number="1104" hits="1"/>
						<line number="1105" hits="0"/>
						<line number="1106" hits="0"/>
						<line number="1107" hits="0"/>
						<line number="1110" hits="1"/>
						<line number="1111" hits="1"/>
						<line number="1114" hits="1"/>
						<line number="1115" hits="1"/>
						<line number="1116" hits="0"/>
						<line number="1117" hits="0"/>
						<line number="1120" hits="0"/>
						<line number="1121" hits="0"/>
						<line number="1122" hits="0"/>
						<line number="1123" hits="0"/>
						<line number="1124" hits="0"/>
						<line number="1125" hits="0"/>
						<line number="1126" hits="0"/>
						<line number="1127" hits="0"/>
						<line number="1128" hits="0"/>
						<line number="1129" hits="0"/>
						<line number="1130" hits="0"/>
						<line number="1132" hits="0"/>
						<line number="1135" hits="0"/>
						<line number="1136" hits="0"/>
						<line number="1137" hits="0"/>
						<line number="1138" hits="0"/>
						<line number="1139" hits="0"/>
						<line number="1140" hits="0"/>
						<line number="1142" hits="0"/>
						<line number="1145" hits="0"/>
						<line number="1146" hits="0"/>
						<line number="1148" hits="0"/>
						<line number="1149" hits="0"/>
						<line number="1172" hits="0"/>
						<line number="1173" hits="0"/>
						<line number="1174" hits="0"/>
						<line number="1175" hits="0"/>
						<line number="1176" hits="0"/>
						<line number="1180" hits="1"/>
						<line number="1191" hits="1"/>
						<line number="1192" hits="1"/>
						<line number="1194" hits="1"/>
						<line number="1195" hits="1"/>
						<line number="1196" hits="1"/>
						<line number="1197" hits="1"/>
						<line number="1200" hits="1"/>
						<line number="1201" hits="1"/>
						<line number="1204" hits="1"/>
						<line number="1207" hits="1"/>
						<line number="1208" hits="1"/>
						<line number="1209" hits="1"/>
						<line number="1210" hits="0"/>
						<line number="1211" hits="1"/>
						<line number="1214" hits="1"/>
						<line number="1215" hits="1"/>
						<line number="1218" hits="1"/>
						<line number="1219" hits="1"/>
						<line number="1220" hits="1"/>
						<line number="1221" hits="1"/>
						<line number="1225" hits="1"/>
						<line number="1247" hits="1"/>
						<line number="1248" hits="1"/>
						<line number="1249" hits="1"/>
						<line number="1250" hits="1"/>
						<line number="1251" hits="0"/>
						<line number="1254" hits="1"/>
						<line number="1257" hits="1"/>
						<line number="1258" hits="1"/>
						<line number="1259" hits="1"/>
						<line number="1260" hits="0"/>
						<line number="1261" hits="1"/>
						<line number="1264" hits="1"/>
						<line number="1265" hits="1"/>
						<line number="1266" hits="1"/>
						<line number="1267" hits="1"/>
						<line number="1268" hits="1"/>
						<line number="1269" hits="1"/>
						<line number="1273" hits="1"/>
						<line number="1274" hits="1"/>
						<line number="1275" hits="1"/>
						<line number="1276" hits="1"/>
						<line number="1277" hits="1"/>
						<line number="1280" hits="1"/>
						<line number="1283" hits="1"/>
						<line number="1284" hits="1"/>
						<line number="1285" hits="0"/>
						<line number="1286" hits="0"/>
						<line number="1287" hits="0"/>
						<line number="1290" hits="1"/>
						<line number="1291" hits="1"/>
						<line number="1292" hits="1"/>
						<line number="1293" hits="1"/>
						<line number="1294" hits="1"/>
						<line number="1295" hits="1"/>
						<line number="1298" hits="1"/>
						<line number="1299" hits="1"/>
						<line number="1300" hits="1"/>
						<line number="1301" hits="1"/>
						<line number="1302" hits="1"/>
						<line number="1303" hits="1"/>
						<line number="1306" hits="1"/>
						<line number="1307" hits="1"/>
						<line number="1308" hits="1"/>
						<line number="1309" hits="1"/>
						<line number="1310" hits="1"/>
						<line number="1313" hits="1"/>
						<line number="1314" hits="1"/>
						<line number="1315" hits="1"/>
						<line number="1316" hits="1"/>
						<line number="1317" hits="1"/>
						<line number="1318" hits="1"/>
						<line number="1319" hits="1"/>
						<line number="1320" hits="1"/>
						<line number="1321" hits="1"/>
						<line number="1322" hits="1"/>
						<line number="1326" hits="1"/>
						<line number="1341" hits="1"/>
						<line number="1342" hits="1"/>
						<line number="1343" hits="1"/>
						<line number="1346" hits="1"/>
						<line number="1347" hits="1"/>
						<line number="1350" hits="1"/>
						<line number="1351" hits="1"/>
						<line number="1354" hits="1"/>
						<line number="1355" hits="1"/>
						<line number="1358" hits="1"/>
						<line number="1359" hits="1"/>
						<line number="1360" hits="1"/>
						<line number="1361" hits="1"/>
						<line number="1362" hits="1"/>
						<line number="1363" hits="0"/>
						<line number="1364" hits="0"/>
						<line number="1365" hits="0"/>
						<line number="1367" hits="0"/>
						<line number="1368" hits="0"/>
						<line number="1369" hits="1"/>
						<line number="1372" hits="1"/>
						<line number="1373" hits="1"/>
						<line number="1374" hits="1"/>
						<line number="1375" hits="1"/>
						<line number="1379" hits="1"/>
						<line number="1387" hits="1"/>
						<line number="1388" hits="1"/>
						<line number="1389" hits="0"/>
						<line number="1390" hits="0"/>
						<line number="1391" hits="0"/>
						<line number="1392" hits="0"/>
						<line number="1393" hits="1"/>
						<line number="1394" hits="1"/>
						<line number="1395" hits="1"/>
						<line number="1396" hits="1"/>
						<line number="1398" hits="1"/>
						<line number="1413" hits="1"/>
						<line number="1414" hits="1"/>
						<line number="1424" hits="1"/>
						<line number="1425" hits="1"/>
						<line number="1426" hits="1"/>
						<line number="1440" hits="1"/>
						<line number="1441" hits="1"/>
						<line number="1442" hits="1"/>
						<line number="1444" hits="1"/>
						<line number="1450" hits="1"/>
						<line number="1451" hits="1"/>
						<line number="1454" hits="1"/>
						<line number="1455" hits="1"/>
						<line number="1456" hits="1"/>
						<line number="1458" hits="0"/>
						<line number="1461" hits="1"/>
						<line number="1469" hits="1"/>
						<line number="1470" hits="1"/>
						<line number="1471" hits="1"/>
						<line number="1473" hits="1"/>
						<line number="1482" hits="1"/>
						<line number="1483" hits="1"/>
						<line number="1484" hits="1"/>
						<line number="1485" hits="1"/>
						<line number="1486" hits="1"/>
						<line number="1487" hits="1"/>
						<line number="1488" hits="1"/>
						<line number="1491" hits="1"/>
						<line number="1492" hits="0"/>
						<line number="1493" hits="0"/>
						<line number="1494" hits="1"/>
						<line number="1496" hits="0"/>
						<line number="1497" hits="0"/>
						<line number="1498" hits="0"/>
						<line number="1499" hits="0"/>
						<line number="1500" hits="0"/>
						<line number="1501" hits="0"/>
						<line number="1503" hits="0"/>
						<line number="1506" hits="0"/>
						<line number="1507" hits="0"/>
						<line number="1508" hits="0"/>
						<line number="1509" hits="0"/>
						<line number="1510" hits="0"/>
						<line number="1511" hits="0"/>
						<line number="1513" hits="0"/>
						<line number="1514" hits="0"/>
						<line number="1515" hits="1"/>
						<line number="1518" hits="1"/>
						<line number="1519" hits="0"/>
						<line number="1520" hits="0"/>
						<line number="1521" hits="1"/>
						<line number="1523" hits="1"/>
						<line number="1530" hits="1"/>
						<line number="1533" hits="1"/>
						<line number="1537" hits="1"/>
						<line number="1538" hits="1"/>
						<line number="1540" hits="1"/>
						<line number="1541" hits="1"/>
						<line number="1542" hits="1"/>
						<line number="1543" hits="1"/>
						<line number="1545" hits="1"/>
						<line number="1546" hits="1"/>
						<line number="1549" hits="1"/>
						<line number="1550" hits="1"/>
						<line number="1551" hits="1"/>
						<line number="1552" hits="1"/>
						<line number="1555" hits="1"/>
						<line number="1556" hits="1"/>
						<line number="1557" hits="1"/>
						<line number="1559" hits="1"/>
						<line number="1561" hits="1"/>
						<line number="1562" hits="1"/>
						<line number="1569" hits="1"/>
						<line number="1571" hits="1"/>
						<line number="1572" hits="1"/>
						<line number="1574" hits="1"/>
						<line number="1576" hits="1"/>
						<line number="1577" hits="1"/>
						<line number="1579" hits="1"/>
						<line number="1580" hits="1"/>
						<line number="1581" hits="1"/>
						<line number="1594" hits="1"/>
						<line number="1595" hits="1"/>
						<line number="1596" hits="1"/>
						<line number="1597" hits="1"/>
						<line number="1598" hits="1"/>
						<line number="1599" hits="1"/>
						<line number="1600" hits="0"/>
						<line number="1601" hits="0"/>
						<line number="1602" hits="1"/>
						<line number="1603" hits="1"/>
						<line number="1613" hits="1"/>
						<line number="1616" hits="1"/>
						<line number="1617" hits="1"/>
						<line number="1618" hits="1"/>
						<line number="1621" hits="1"/>
						<line number="1622" hits="1"/>
						<line number="1624" hits="1"/>
						<line number="1625" hits="1"/>
						<line number="1626" hits="1"/>
						<line number="1628" hits="1"/>
						<line number="1630" hits="1"/>
						<line number="1631" hits="1"/>
						<line number="1632" hits="1"/>
						<line number="1633" hits="1"/>
						<line number="1634" hits="1"/>
						<line number="1635" hits="1"/>
						<line number="1636" hits="0"/>
						<line number="1637" hits="1"/>
						<line number="1638" hits="1"/>
						<line number="1639" hits="1"/>
						<line number="1640" hits="1"/>
						<line number="1642" hits="1"/>
						<line number="1666" hits="1"/>
						<line number="1668" hits="1"/>
						<line number="1669" hits="1"/>
						<line number="1670" hits="1"/>
						<line number="1671" hits="1"/>
						<line number="1672" hits="1"/>
						<line number="1673" hits="1"/>
						<line number="1674" hits="1"/>
						<line number="1675" hits="1"/>
						<line number="1676" hits="1"/>
						<line number="1677" hits="1"/>
						<line number="1678" hits="1"/>
						<line number="1679" hits="1"/>
						<line number="1680" hits="1"/>
						<line number="1681" hits="0"/>
						<line number="1682" hits="0"/>
						<line number="1683" hits="0"/>
						<line number="1684" hits="0"/>
						<line number="1685" hits="0"/>
						<line number="1686" hits="0"/>
						<line number="1688" hits="0"/>
						<line number="1689" hits="0"/>
						<line number="1690" hits="1"/>
						<line number="1691" hits="1"/>
						<line number="1693" hits="1"/>
						<line number="1695" hits="1"/>
						<line number="1697" hits="1"/>
						<line number="1698" hits="0"/>
						<line number="1699" hits="0"/>
						<line number="1700" hits="1"/>
						<line number="1703" hits="1"/>
						<line number="1704" hits="1"/>
						<line number="1705" hits="1"/>
						<line number="1706" hits="1"/>
						<line number="1707" hits="0"/>
						<line number="1708" hits="0"/>
						<line number="1711" hits="1"/>
						<line number="1712" hits="1"/>
						<line number="1713" hits="1"/>
						<line number="1714" hits="1"/>
						<line number="1715" hits="1"/>
						<line number="1716" hits="1"/>
						<line number="1718" hits="0"/>
						<line number="1721" hits="1"/>
						<line number="1722" hits="1"/>
						<line number="1723" hits="0"/>
						<line number="1724" hits="0"/>
						<line number="1725" hits="0"/>
						<line number="1728" hits="0"/>
						<line number="1729" hits="0"/>
						<line number="1730" hits="0"/>
						<line number="1731" hits="0"/>
						<line number="1732" hits="0"/>
						<line number="1733" hits="0"/>
						<line number="1734" hits="0"/>
						<line number="1736" hits="1"/>
						<line number="1737" hits="0"/>
						<line number="1739" hits="1"/>
						<line number="1741" hits="1"/>
						<line number="1753" hits="1"/>
						<line number="1754" hits="1"/>
						<line number="1757" hits="1"/>
						<line number="1758" hits="0"/>
						<line number="1759" hits="0"/>
						<line number="1760" hits="0"/>
						<line number="1761" hits="1"/>
						<line number="1762" hits="0"/>
						<line number="1763" hits="1"/>
						<line number="1767" hits="1"/>
						<line number="1771" hits="1"/>
						<line number="1774" hits="1"/>
						<line number="1778" hits="1"/>
						<line number="1781" hits="1"/>
						<line number="1782" hits="1"/>
						<line number="1783" hits="1"/>
						<line number="1784" hits="0"/>
						<line number="1788" hits="1"/>
						<line number="1789" hits="1"/>
						<line number="1807" hits="1"/>
						<line number="1808" hits="1"/>
						<line number="1809" hits="1"/>
						<line number="1812" hits="1"/>
						<line number="1820" hits="1"/>
						<line number="1839" hits="1"/>
						<line number="1845" hits="1"/>
						<line number="1847" hits="1"/>
						<line number="1853" hits="1"/>
						<line number="1854" hits="1"/>
						<line number="1855" hits="1"/>
						<line number="1856" hits="1"/>
						<line number="1863" hits="1"/>
						<line number="1864" hits="1"/>
						<line number="1865" hits="1"/>
						<line number="1866" hits="1"/>
						<line number="1867" hits="1"/>
						<line number="1868" hits="1"/>
						<line number="1869" hits="1"/>
						<line number="1870" hits="1"/>
						<line number="1872" hits="1"/>
						<line number="1885" hits="1"/>
						<line number="1887" hits="1"/>
						<line number="1893" hits="1"/>
						<line number="1897" hits="1"/>
						<line number="1899" hits="1"/>
						<line number="1901" hits="1"/>
						<line number="1902" hits="1"/>
						<line number="1903" hits="1"/>
						<line number="1904" hits="1"/>
						<line number="1905" hits="1"/>
						<line number="1907" hits="1"/>
						<line number="1909" hits="1"/>
						<line number="1910" hits="1"/>
						<line number="1912" hits="1"/>
						<line number="1914" hits="1"/>
						<line number="1915" hits="1"/>
						<line number="1917" hits="1"/>
						<line number="1918" hits="1"/>
						<line number="1919" hits="1"/>
						<line number="1920" hits="1"/>
						<line number="1921" hits="1"/>
						<line number="1922" hits="1"/>
						<line number="1924" hits="1"/>
						<line number="1926" hits="1"/>
						<line number="1928" hits="1"/>
						<line number="1930" hits="1"/>
						<line number="1931" hits="1"/>
						<line number="1933" hits="1"/>
						<line number="1935" hits="1"/>
						<line number="1937" hits="1"/>
						<line number="1938" hits="1"/>
						<line number="1940" hits="1"/>
						<line number="1942" hits="1"/>
						<line number="1944" hits="1"/>
						<line number="1945" hits="1"/>
						<line number="1946" hits="1"/>
						<line number="1947" hits="1"/>
						<line number="1948" hits="1"/>
						<line number="1949" hits="1"/>
						<line number="1951" hits="1"/>
						<line number="1952" hits="1"/>
						<line number="1953" hits="1"/>
						<line number="1954" hits="1"/>
						<line number="1956" hits="1"/>
						<line number="1967" hits="1"/>
						<line number="1969" hits="1"/>
						<line number="1970" hits="1"/>
						<line number="2103" hits="1"/>
						<line number="2104" hits="1"/>
						<line number="2105" hits="1"/>
						<line number="2107" hits="1"/>
						<line number="2108" hits="1"/>
						<line number="2109" hits="1"/>
						<line number="2111" hits="1"/>
						<line number="2112" hits="1"/>
						<line number="2113" hits="1"/>
						<line number="2114" hits="1"/>
						<line number="2115" hits="1"/>
						<line number="2116" hits="1"/>
						<line number="2117" hits="1"/>
						<line number="2118" hits="0"/>
						<line number="2119" hits="0"/>
						<line number="2120" hits="0"/>
						<line number="2121" hits="1"/>
						<line number="2122" hits="1"/>
						<line number="2123" hits="1"/>
						<line number="2124" hits="1"/>
						<line number="2125" hits="1"/>
						<line number="2130" hits="0"/>
						<line number="2131" hits="0"/>
						<line number="2132" hits="0"/>
						<line number="2133" hits="0"/>
						<line number="2136" hits="0"/>
						<line number="2137" hits="0"/>
						<line number="2138" hits="0"/>
						<line number="2139" hits="0"/>
						<line number="2146" hits="0"/>
						<line number="2160" hits="0"/>
						<line number="2161" hits="0"/>
						<line number="2162" hits="0"/>
						<line number="2163" hits="0"/>
						<line number="2165" hits="0"/>
						<line number="2166" hits="0"/>
						<line number="2167" hits="0"/>
						<line number="2170" hits="0"/>
						<line number="2182" hits="0"/>
						<line number="2183" hits="0"/>
						<line number="2185" hits="1"/>
						<line number="2186" hits="1"/>
						<line number="2188" hits="1"/>
						<line number="2189" hits="1"/>
						<line number="2190" hits="1"/>
						<line number="2191" hits="0"/>
						<line number="2192" hits="0"/>
						<line number="2202" hits="1"/>
						<line number="2203" hits="1"/>
						<line number="2208" hits="1"/>
						<line number="2209" hits="1"/>
						<line number="2213" hits="1"/>
						<line number="2214" hits="1"/>
						<line number="2215" hits="1"/>
						<line number="2216" hits="1"/>
						<line number="2217" hits="0"/>
						<line number="2218" hits="0"/>
						<line number="2219" hits="0"/>
						<line number="2220" hits="0"/>
						<line number="2221" hits="0"/>
						<line number="2230" hits="0"/>
						<line number="2231" hits="0"/>
						<line number="2232" hits="0"/>
						<line number="2233" hits="0"/>
						<line number="2234" hits="0"/>
						<line number="2242" hits="0"/>
						<line number="2243" hits="0"/>
						<line number="2244" hits="0"/>
						<line number="2245" hits="0"/>
						<line number="2246" hits="0"/>
						<line number="2250" hits="0"/>
						<line number="2270" hits="0"/>
						<line number="2271" hits="0"/>
						<line number="2273" hits="1"/>
						<line number="2274" hits="1"/>
						<line number="2288" hits="0"/>
						<line number="2290" hits="0"/>
						<line number="2291" hits="0"/>
						<line number="2293" hits="0"/>
						<line number="2300" hits="0"/>
						<line number="2301" hits="0"/>
						<line number="2302" hits="0"/>
						<line number="2303" hits="0"/>
						<line number="2304" hits="0"/>
						<line number="2305" hits="0"/>
						<line number="2308" hits="0"/>
						<line number="2309" hits="0"/>
						<line number="2310" hits="0"/>
						<line number="2311" hits="0"/>
						<line number="2312" hits="0"/>
						<line number="2313" hits="0"/>
						<line number="2314" hits="0"/>
						<line number="2316" hits="0"/>
						<line number="2317" hits="0"/>
						<line number="2327" hits="1"/>
						<line number="2328" hits="1"/>
						<line number="2340" hits="1"/>
						<line number="2341" hits="1"/>
						<line number="2342" hits="1"/>
						<line number="2343" hits="1"/>
						<line number="2344" hits="1"/>
						<line number="2352" hits="1"/>
						<line number="2354" hits="1"/>
						<line number="2355" hits="1"/>
						<line number="2356" hits="0"/>
						<line number="2357" hits="0"/>
						<line number="2358" hits="1"/>
						<line number="2359" hits="1"/>
						<line number="2360" hits="1"/>
						<line number="2361" hits="1"/>
						<line number="2362" hits="1"/>
						<line number="2363" hits="1"/>
						<line number="2364" hits="1"/>
						<line number="2367" hits="1"/>
						<line number="2368" hits="1"/>
						<line number="2369" hits="1"/>
						<line number="2370" hits="0"/>
						<line number="2371" hits="0"/>
						<line number="2372" hits="0"/>
						<line number="2374" hits="1"/>
						<line number="2376" hits="1"/>
						<line number="2377" hits="1"/>
						<line number="2378" hits="1"/>
						<line number="2379" hits="1"/>
						<line number="2380" hits="1"/>
						<line number="2381" hits="0"/>
						<line number="2382" hits="0"/>
						<line number="2384" hits="1"/>
						<line number="2385" hits="1"/>
						<line number="2386" hits="1"/>
						<line number="2389" hits="1"/>
						<line number="2390" hits="1"/>
						<line number="2412" hits="1"/>
						<line number="2413" hits="1"/>
						<line number="2415" hits="1"/>
						<line number="2416" hits="1"/>
						<line number="2417" hits="1"/>
						<line number="2419" hits="1"/>
						<line number="2420" hits="1"/>
						<line number="2423" hits="1"/>
						<line number="2424" hits="1"/>
						<line number="2425" hits="1"/>
						<line number="2426" hits="0"/>
						<line number="2427" hits="0"/>
						<line number="2428" hits="0"/>
						<line number="2430" hits="0"/>
						<line number="2431" hits="0"/>
						<line number="2434" hits="1"/>
						<line number="2435" hits="1"/>
						<line number="2436" hits="1"/>
						<line number="2437" hits="0"/>
						<line number="2440" hits="0"/>
						<line number="2441" hits="0"/>
						<line number="2442" hits="0"/>
						<line number="2445" hits="0"/>
						<line number="2447" hits="0"/>
						<line number="2448" hits="0"/>
						<line number="2449" hits="0"/>
						<line number="2450" hits="0"/>
						<line number="2451" hits="0"/>
						<line number="2452" hits="0"/>
						<line number="2454" hits="0"/>
						<line number="2455" hits="0"/>
						<line number="2456" hits="0"/>
						<line number="2457" hits="0"/>
						<line number="2458" hits="0"/>
						<line number="2460" hits="0"/>
						<line number="2463" hits="0"/>
						<line number="2464" hits="0"/>
						<line number="2465" hits="0"/>
						<line number="2466" hits="0"/>
						<line number="2468" hits="0"/>
						<line number="2476" hits="0"/>
						<line number="2477" hits="0"/>
						<line number="2478" hits="0"/>
						<line number="2479" hits="0"/>
						<line number="2480" hits="0"/>
						<line number="2482" hits="0"/>
						<line number="2483" hits="0"/>
						<line number="2484" hits="0"/>
						<line number="2485" hits="0"/>
						<line number="2487" hits="0"/>
						<line number="2488" hits="1"/>
						<line number="2492" hits="1"/>
						<line number="2504" hits="1"/>
						<line number="2505" hits="1"/>
						<line number="2506" hits="1"/>
						<line number="2507" hits="1"/>
						<line number="2508" hits="1"/>
						<line number="2509" hits="1"/>
						<line number="2511" hits="0"/>
						<line number="2512" hits="0"/>
						<line number="2513" hits="0"/>
						<line number="2514" hits="0"/>
						<line number="2516" hits="1"/>
						<line number="2517" hits="1"/>
						<line number="2519" hits="1"/>
						<line number="2520" hits="1"/>
						<line number="2524" hits="1"/>
						<line number="2525" hits="1"/>
						<line number="2526" hits="1"/>
						<line number="2527" hits="1"/>
						<line number="2528" hits="1"/>
						<line number="2529" hits="1"/>
						<line number="2530" hits="1"/>
						<line number="2531" hits="1"/>
						<line number="2532" hits="1"/>
						<line number="2533" hits="1"/>
						<line number="2534" hits="1"/>
						<line number="2535" hits="1"/>
						<line number="2539" hits="1"/>
						<line number="2564" hits="1"/>
						<line number="2565" hits="1"/>
						<line number="2566" hits="1"/>
						<line number="2567" hits="0"/>
						<line number="2568" hits="0"/>
						<line number="2569" hits="0"/>
						<line number="2570" hits="0"/>
						<line number="2571" hits="1"/>
						<line number="2572" hits="1"/>
						<line number="2573" hits="1"/>
						<line number="2576" hits="1"/>
						<line number="2582" hits="1"/>
						<line number="2585" hits="1"/>
						<line number="2586" hits="1"/>
						<line number="2589" hits="1"/>
						<line number="2590" hits="1"/>
						<line number="2591" hits="1"/>
						<line number="2592" hits="1"/>
						<line number="2595" hits="1"/>
						<line number="2596" hits="1"/>
						<line number="2599" hits="1"/>
						<line number="2600" hits="0"/>
						<line number="2602" hits="1"/>
						<line number="2603" hits="1"/>
						<line number="2606" hits="1"/>
						<line number="2607" hits="1"/>
						<line number="2610" hits="1"/>
						<line number="2611" hits="0"/>
						<line number="2613" hits="1"/>
						<line number="2614" hits="1"/>
						<line number="2617" hits="1"/>
						<line number="2618" hits="1"/>
						<line number="2619" hits="1"/>
						<line number="2620" hits="1"/>
						<line number="2623" hits="1"/>
						<line number="2624" hits="1"/>
						<line number="2631" hits="1"/>
						<line number="2632" hits="1"/>
						<line number="2633" hits="1"/>
						<line number="2635" hits="1"/>
						<line number="2649" hits="1"/>
						<line number="2652" hits="1"/>
						<line number="2659" hits="1"/>
						<line number="2662" hits="1"/>
						<line number="2663" hits="1"/>
						<line number="2664" hits="1"/>
						<line number="2665" hits="1"/>
						<line number="2667" hits="1"/>
						<line number="2680" hits="1"/>
						<line number="2681" hits="1"/>
						<line number="2682" hits="1"/>
						<line number="2683" hits="1"/>
						<line number="2685" hits="1"/>
						<line number="2686" hits="1"/>
						<line number="2692" hits="1"/>
						<line number="2734" hits="0"/>
						<line number="2740" hits="0"/>
						<line number="2741" hits="0"/>
						<line number="2744" hits="0"/>
						<line number="2745" hits="0"/>
						<line number="2746" hits="0"/>
						<line number="2747" hits="0"/>
						<line number="2748" hits="0"/>
						<line number="2751" hits="0"/>
						<line number="2752" hits="0"/>
						<line number="2753" hits="0"/>
						<line number="2756" hits="0"/>
						<line number="2757" hits="0"/>
						<line number="2758" hits="0"/>
						<line number="2759" hits="0"/>
						<line number="2762" hits="0"/>
						<line number="2765" hits="0"/>
						<line number="2766" hits="0"/>
						<line number="2770" hits="0"/>
						<line number="2771" hits="0"/>
						<line number="2772" hits="0"/>
						<line number="2773" hits="0"/>
						<line number="2775" hits="0"/>
						<line number="2776" hits="0"/>
						<line number="2780" hits="0"/>
						<line number="2781" hits="0"/>
						<line number="2784" hits="0"/>
						<line number="2797" hits="0"/>
						<line number="2800" hits="0"/>
						<line number="2801" hits="0"/>
						<line number="2802" hits="0"/>
						<line number="2803" hits="0"/>
						<line number="2804" hits="0"/>
						<line number="2805" hits="0"/>
						<line number="2807" hits="0"/>
						<line number="2808" hits="0"/>
						<line number="2811" hits="0"/>
						<line number="2812" hits="0"/>
						<line number="2813" hits="0"/>
						<line number="2814" hits="0"/>
						<line number="2815" hits="0"/>
						<line number="2816" hits="0"/>
						<line number="2817" hits="0"/>
						<line number="2818" hits="0"/>
						<line number="2826" hits="0"/>
						<line number="2827" hits="0"/>
						<line number="2828" hits="0"/>
						<line number="2829" hits="0"/>
						<line number="2832" hits="1"/>
						<line number="2856" hits="1"/>
						<line number="2857" hits="1"/>
						<line number="2858" hits="1"/>
						<line number="2859" hits="1"/>
						<line number="2860" hits="1"/>
						<line number="2861" hits="1"/>
						<line number="2862" hits="1"/>
						<line number="2863" hits="0"/>
						<line number="2864" hits="0"/>
						<line number="2865" hits="0"/>
						<line number="2867" hits="0"/>
						<line number="2868" hits="0"/>
						<line number="2869" hits="1"/>
						<line number="2872" hits="1"/>
						<line number="2897" hits="1"/>
						<line number="2899" hits="1"/>
						<line number="2900" hits="1"/>
						<line number="2901" hits="0"/>
						<line number="2902" hits="0"/>
						<line number="2903" hits="0"/>
						<line number="2905" hits="0"/>
						<line number="2906" hits="0"/>
						<line number="2907" hits="1"/>
						<line number="2910" hits="1"/>
						<line number="2918" hits="1"/>
						<line number="2919" hits="1"/>
						<line number="2920" hits="1"/>
						<line number="2921" hits="1"/>
						<line number="2922" hits="0"/>
						<line number="2925" hits="0"/>
						<line number="2926" hits="0"/>
						<line number="2927" hits="0"/>
						<line number="2928" hits="0"/>
						<line number="2929" hits="0"/>
						<line number="2930" hits="0"/>
						<line number="2931" hits="0"/>
						<line number="2932" hits="0"/>
						<line number="2933" hits="0"/>
						<line number="2935" hits="0"/>
						<line number="2936" hits="0"/>
						<line number="2937" hits="0"/>
						<line number="2940" hits="1"/>
						<line number="2942" hits="1"/>
						<line number="2943" hits="0"/>
						<line number="2944" hits="0"/>
						<line number="2945" hits="1"/>
						<line number="2946" hits="0"/>
						<line number="2947" hits="0"/>
						<line number="2950" hits="1"/>
						<line number="2951" hits="1"/>
						<line number="2954" hits="1"/>
						<line number="2955" hits="1"/>
						<line number="2956" hits="1"/>
						<line number="2959" hits="1"/>
						<line number="2967" hits="1"/>
						<line number="2968" hits="0"/>
						<line number="2969" hits="0"/>
						<line number="2970" hits="1"/>
						<line number="2971" hits="0"/>
						<line number="2972" hits="0"/>
						<line number="2973" hits="1"/>
						<line number="2974" hits="0"/>
						<line number="2975" hits="0"/>
						<line number="2976" hits="1"/>
						<line number="2979" hits="1"/>
						<line number="2980" hits="1"/>
						<line number="2981" hits="1"/>
						<line number="2984" hits="1"/>
						<line number="2985" hits="1"/>
						<line number="2986" hits="1"/>
						<line number="2990" hits="1"/>
						<line number="2998" hits="1"/>
						<line number="3000" hits="1"/>
						<line number="3001" hits="1"/>
						<line number="3003" hits="1"/>
						<line number="3004" hits="1"/>
						<line number="3007" hits="1"/>
						<line number="3008" hits="1"/>
						<line number="3009" hits="1"/>
						<line number="3010" hits="1"/>
						<line number="3013" hits="1"/>
						<line number="3018" hits="1"/>
						<line number="3019" hits="1"/>
						<line number="3021" hits="0"/>
						<line number="3022" hits="0"/>
						<line number="3023" hits="0"/>
						<line number="3024" hits="0"/>
						<line number="3026" hits="1"/>
						<line number="3027" hits="1"/>
						<line number="3040" hits="1"/>
						<line number="3041" hits="1"/>
						<line number="3042" hits="1"/>
						<line number="3043" hits="1"/>
						<line number="3044" hits="1"/>
						<line number="3045" hits="1"/>
						<line number="3046" hits="1"/>
						<line number="3047" hits="1"/>
						<line number="3048" hits="1"/>
						<line number="3049" hits="1"/>
						<line number="3054" hits="1"/>
						<line number="3055" hits="1"/>
						<line number="3056" hits="1"/>
						<line number="3059" hits="0"/>
						<line number="3060" hits="0"/>
						<line number="3061" hits="0"/>
						<line number="3062" hits="0"/>
						<line number="3063" hits="0"/>
						<line number="3064" hits="0"/>
						<line number="3066" hits="0"/>
						<line number="3067" hits="0"/>
						<line number="3071" hits="1"/>
						<line number="3079" hits="1"/>
						<line number="3081" hits="1"/>
						<line number="3082" hits="0"/>
						<line number="3084" hits="1"/>
						<line number="3085" hits="1"/>
						<line number="3088" hits="1"/>
						<line number="3089" hits="0"/>
						<line number="3090" hits="0"/>
						<line number="3091" hits="0"/>
						<line number="3092" hits="0"/>
						<line number="3095" hits="0"/>
						<line number="3100" hits="0"/>
						<line number="3101" hits="0"/>
						<line number="3103" hits="0"/>
						<line number="3104" hits="1"/>
						<line number="3105" hits="1"/>
						<line number="3106" hits="1"/>
						<line number="3108" hits="1"/>
						<line number="3128" hits="1"/>
						<line number="3129" hits="1"/>
						<line number="3130" hits="1"/>
						<line number="3132" hits="1"/>
						<line number="3135" hits="1"/>
						<line number="3136" hits="1"/>
						<line number="3137" hits="1"/>
						<line number="3138" hits="1"/>
						<line number="3141" hits="1"/>
						<line number="3147" hits="1"/>
						<line number="3149" hits="0"/>
						<line number="3150" hits="1"/>
						<line number="3151" hits="1"/>
						<line number="3152" hits="1"/>
						<line number="3153" hits="1"/>
						<line number="3154" hits="1"/>
						<line number="3155" hits="1"/>
						<line number="3156" hits="1"/>
						<line number="3157" hits="1"/>
						<line number="3158" hits="1"/>
						<line number="3159" hits="1"/>
						<line number="3161" hits="1"/>
						<line number="3162" hits="1"/>
						<line number="3166" hits="1"/>
						<line number="3187" hits="0"/>
						<line number="3196" hits="1"/>
						<line number="3217" hits="1"/>
						<line number="3218" hits="1"/>
						<line number="3219" hits="1"/>
						<line number="3221" hits="1"/>
						<line number="3224" hits="1"/>
						<line number="3225" hits="0"/>
						<line number="3226" hits="0"/>
						<line number="3227" hits="0"/>
						<line number="3230" hits="1"/>
						<line number="3238" hits="1"/>
						<line number="3239" hits="1"/>
						<line number="3241" hits="0"/>
						<line number="3242" hits="1"/>
						<line number="3243" hits="1"/>
						<line number="3244" hits="1"/>
						<line number="3245" hits="0"/>
						<line number="3246" hits="0"/>
						<line number="3247" hits="1"/>
						<line number="3248" hits="1"/>
						<line number="3249" hits="0"/>
						<line number="3250" hits="0"/>
						<line number="3251" hits="0"/>
						<line number="3253" hits="0"/>
						<line number="3254" hits="0"/>
						<line number="3256" hits="1"/>
						<line number="3257" hits="1"/>
						<line number="3266" hits="0"/>
						<line number="3268" hits="1"/>
						<line number="3269" hits="1"/>
						<line number="3284" hits="1"/>
						<line number="3285" hits="1"/>
						<line number="3286" hits="1"/>
						<line number="3288" hits="1"/>
						<line number="3289" hits="1"/>
						<line number="3290" hits="1"/>
						<line number="3291" hits="0"/>
						<line number="3293" hits="1"/>
						<line number="3294" hits="1"/>
						<line number="3295" hits="0"/>
						<line number="3296" hits="0"/>
						<line number="3297" hits="0"/>
						<line number="3299" hits="0"/>
						<line number="3300" hits="0"/>
						<line number="3302" hits="1"/>
						<line number="3311" hits="1"/>
						<line number="3312" hits="1"/>
						<line number="3314" hits="1"/>
						<line number="3315" hits="1"/>
						<line number="3316" hits="1"/>
						<line number="3317" hits="1"/>
						<line number="3318" hits="1"/>
						<line number="3319" hits="0"/>
						<line number="3320" hits="0"/>
						<line number="3321" hits="1"/>
						<line number="3322" hits="1"/>
						<line number="3323" hits="1"/>
						<line number="3325" hits="1"/>
						<line number="3326" hits="1"/>
						<line number="3328" hits="1"/>
						<line number="3336" hits="1"/>
						<line number="3337" hits="1"/>
						<line number="3339" hits="1"/>
						<line number="3340" hits="1"/>
						<line number="3341" hits="0"/>
						<line number="3342" hits="0"/>
						<line number="3343" hits="0"/>
						<line number="3345" hits="0"/>
						<line number="3346" hits="0"/>
						<line number="3365" hits="1"/>
						<line number="3397" hits="1"/>
						<line number="3398" hits="1"/>
						<line number="3399" hits="1"/>
						<line number="3400" hits="1"/>
						<line number="3401" hits="1"/>
						<line number="3402" hits="1"/>
						<line number="3403" hits="1"/>
						<line number="3404" hits="1"/>
						<line number="3405" hits="1"/>
						<line number="3406" hits="1"/>
						<line number="3407" hits="1"/>
						<line number="3409" hits="1"/>
						<line number="3410" hits="1"/>
						<line number="3411" hits="1"/>
						<line number="3412" hits="1"/>
						<line number="3413" hits="1"/>
						<line number="3414" hits="1"/>
						<line number="3415" hits="1"/>
						<line number="3418" hits="1"/>
						<line number="3419" hits="1"/>
						<line number="3422" hits="1"/>
						<line number="3423" hits="1"/>
						<line number="3424" hits="1"/>
						<line number="3425" hits="1"/>
						<line number="3428" hits="1"/>
						<line number="3429" hits="1"/>
						<line number="3430" hits="1"/>
						<line number="3434" hits="1"/>
						<line number="3444" hits="1"/>
						<line number="3445" hits="1"/>
						<line number="3446" hits="1"/>
						<line number="3449" hits="1"/>
						<line number="3450" hits="1"/>
						<line number="3451" hits="1"/>
						<line number="3452" hits="1"/>
						<line number="3454" hits="1"/>
						<line number="3455" hits="1"/>
						<line number="3457" hits="1"/>
						<line number="3469" hits="1"/>
						<line number="3504" hits="1"/>
						<line number="3507" hits="1"/>
						<line number="3508" hits="1"/>
						<line number="3509" hits="1"/>
						<line number="3510" hits="1"/>
						<line number="3514" hits="1"/>
						<line number="3519" hits="1"/>
						<line number="3520" hits="1"/>
						<line number="3521" hits="0"/>
						<line number="3523" hits="1"/>
						<line number="3526" hits="1"/>
						<line number="3527" hits="0"/>
						<line number="3530" hits="1"/>
						<line number="3534" hits="1"/>
						<line number="3536" hits="1"/>
						<line number="3537" hits="1"/>
						<line number="3538" hits="1"/>
						<line number="3541" hits="1"/>
						<line number="3546" hits="1"/>
						<line number="3570" hits="1"/>
						<line number="3571" hits="1"/>
						<line number="3572" hits="1"/>
						<line number="3573" hits="1"/>
						<line number="3574" hits="1"/>
						<line number="3576" hits="1"/>
						<line number="3577" hits="1"/>
						<line number="3580" hits="1"/>
						<line number="3581" hits="1"/>
						<line number="3582" hits="1"/>
						<line number="3583" hits="1"/>
						<line number="3586" hits="1"/>
						<line number="3590" hits="1"/>
						<line number="3604" hits="1"/>
						<line number="3605" hits="1"/>
						<line number="3606" hits="1"/>
						<line number="3607" hits="1"/>
						<line number="3608" hits="1"/>
						<line number="3609" hits="1"/>
						<line number="3610" hits="1"/>
						<line number="3615" hits="1"/>
						<line number="3632" hits="1"/>
						<line number="3633" hits="1"/>
						<line number="3634" hits="1"/>
						<line number="3635" hits="1"/>
						<line number="3636" hits="1"/>
						<line number="3637" hits="1"/>
						<line number="3643" hits="1"/>
						<line number="3660" hits="1"/>
						<line number="3661" hits="1"/>
						<line number="3662" hits="1"/>
						<line number="3663" hits="1"/>
						<line number="3666" hits="1"/>
						<line number="3667" hits="0"/>
						<line number="3668" hits="0"/>
						<line number="3669" hits="0"/>
						<line number="3670" hits="0"/>
						<line number="3672" hits="1"/>
						<line number="3673" hits="1"/>
						<line number="3674" hits="1"/>
						<line number="3678" hits="1"/>
						<line number="3679" hits="1"/>
						<line number="3680" hits="1"/>
						<line number="3682" hits="1"/>
						<line number="3685" hits="1"/>
						<line number="3686" hits="1"/>
						<line number="3687" hits="1"/>
						<line number="3688" hits="1"/>
						<line number="3691" hits="1"/>
						<line number="3692" hits="0"/>
						<line number="3693" hits="0"/>
						<line number="3694" hits="1"/>
						<line number="3695" hits="1"/>
						<line number="3696" hits="1"/>
						<line number="3697" hits="1"/>
						<line number="3698" hits="0"/>
						<line number="3699" hits="0"/>
						<line number="3701" hits="1"/>
						<line number="3702" hits="1"/>
						<line number="3703" hits="1"/>
						<line number="3706" hits="1"/>
						<line number="3707" hits="1"/>
						<line number="3710" hits="1"/>
						<line number="3729" hits="1"/>
						<line number="3732" hits="1"/>
						<line number="3733" hits="1"/>
						<line number="3734" hits="1"/>
						<line number="3735" hits="1"/>
						<line number="3736" hits="1"/>
						<line number="3737" hits="1"/>
						<line number="3738" hits="1"/>
						<line number="3739" hits="0"/>
						<line number="3740" hits="0"/>
						<line number="3741" hits="1"/>
						<line number="3742" hits="1"/>
						<line number="3743" hits="1"/>
						<line number="3746" hits="1"/>
						<line number="3747" hits="1"/>
						<line number="3748" hits="1"/>
						<line number="3751" hits="1"/>
						<line number="3752" hits="1"/>
						<line number="3753" hits="1"/>
						<line number="3754" hits="1"/>
						<line number="3755" hits="1"/>
						<line number="3756" hits="1"/>
						<line number="3757" hits="1"/>
						<line number="3758" hits="1"/>
						<line number="3759" hits="1"/>
						<line number="3760" hits="1"/>
						<line number="3766" hits="1"/>
						<line number="3777" hits="1"/>
						<line number="3778" hits="1"/>
						<line number="3781" hits="1"/>
						<line number="3782" hits="1"/>
						<line number="3783" hits="1"/>
						<line number="3784" hits="1"/>
						<line number="3785" hits="1"/>
						<line number="3786" hits="1"/>
						<line number="3787" hits="1"/>
						<line number="3793" hits="1"/>
						<line number="3804" hits="1"/>
						<line number="3805" hits="1"/>
						<line number="3808" hits="1"/>
						<line number="3809" hits="1"/>
						<line number="3810" hits="1"/>
						<line number="3811" hits="1"/>
						<line number="3812" hits="1"/>
						<line number="3813" hits="1"/>
						<line number="3814" hits="1"/>
						<line number="3820" hits="1"/>
						<line number="3832" hits="1"/>
						<line number="3833" hits="1"/>
						<line number="3834" hits="1"/>
						<line number="3835" hits="1"/>
						<line number="3836" hits="1"/>
						<line number="3839" hits="1"/>
						<line number="3840" hits="1"/>
						<line number="3841" hits="1"/>
						<line number="3842" hits="1"/>
						<line number="3843" hits="1"/>
						<line number="3844" hits="1"/>
						<line number="3847" hits="1"/>
						<line number="3848" hits="1"/>
						<line number="3849" hits="1"/>
						<line number="3850" hits="1"/>
						<line number="3853" hits="1"/>
						<line number="3854" hits="1"/>
						<line number="3857" hits="1"/>
						<line number="3858" hits="1"/>
						<line number="3859" hits="1"/>
						<line number="3865" hits="1"/>
						<line number="3866" hits="1"/>
						<line number="3880" hits="1"/>
						<line number="3882" hits="1"/>
						<line number="3901" hits="1"/>
						<line number="3903" hits="1"/>
						<line number="3904" hits="1"/>
						<line number="3910" hits="1"/>
						<line number="3911" hits="1"/>
						<line number="3912" hits="1"/>
						<line number="3914" hits="1"/>
						<line number="3915" hits="1"/>
						<line number="3917" hits="1"/>
						<line number="3927" hits="1"/>
						<line number="3930" hits="1"/>
						<line number="3931" hits="1"/>
						<line number="3937" hits="1"/>
						<line number="3938" hits="1"/>
						<line number="3939" hits="1"/>
						<line number="3941" hits="1"/>
						<line number="3942" hits="1"/>
						<line number="3946" hits="1"/>
						<line number="3959" hits="1"/>
						<line number="3960" hits="1"/>
						<line number="3961" hits="1"/>
						<line number="3962" hits="1"/>
						<line number="3963" hits="1"/>
						<line number="3964" hits="1"/>
						<line number="3969" hits="1"/>
						<line number="3970" hits="1"/>
						<line number="3972" hits="1"/>
						<line number="3973" hits="1"/>
						<line number="3975" hits="1"/>
						<line number="3976" hits="1"/>
						<line number="3978" hits="1"/>
						<line number="3979" hits="1"/>
						<line number="3981" hits="1"/>
						<line number="3982" hits="1"/>
						<line number="3984" hits="1"/>
						<line number="3985" hits="1"/>
						<line number="3987" hits="1"/>
						<line number="3988" hits="1"/>
						<line number="3990" hits="1"/>
						<line number="3991" hits="1"/>
						<line number="3993" hits="1"/>
						<line number="3994" hits="1"/>
						<line number="3996" hits="1"/>
						<line number="3997" hits="1"/>
						<line number="3999" hits="1"/>
						<line number="4000" hits="1"/>
						<line number="4002" hits="1"/>
						<line number="4003" hits="1"/>
						<line number="4005" hits="1"/>
						<line number="4006" hits="1"/>
						<line number="4008" hits="1"/>
						<line number="4009" hits="1"/>
						<line number="4011" hits="1"/>
						<line number="4012" hits="1"/>
						<line number="4014" hits="1"/>
						<line number="4015" hits="1"/>
						<line number="4017" hits="1"/>
						<line number="4019" hits="1"/>
						<line number="4020" hits="1"/>
						<line number="4021" hits="1"/>
						<line number="4023" hits="1"/>
						<line number="4025" hits="1"/>
						<line number="4026" hits="1"/>
						<line number="4027" hits="1"/>
						<line number="4029" hits="1"/>
						<line number="4031" hits="1"/>
						<line number="4032" hits="1"/>
						<line number="4033" hits="1"/>
						<line number="4035" hits="1"/>
						<line number="4037" hits="1"/>
						<line number="4038" hits="1"/>
						<line number="4039" hits="1"/>
						<line number="4041" hits="1"/>
						<line number="4042" hits="1"/>
						<line number="4044" hits="1"/>
						<line number="4045" hits="1"/>
						<line number="4047" hits="1"/>
						<line number="4048" hits="1"/>
						<line number="4050" hits="1"/>
						<line number="4051" hits="1"/>
						<line number="4053" hits="1"/>
						<line number="4054" hits="1"/>
						<line number="4056" hits="1"/>
						<line number="4065" hits="1"/>
						<line number="4067" hits="1"/>
						<line number="4068" hits="1"/>
						<line number="4069" hits="1"/>
						<line number="4070" hits="1"/>
						<line number="4072" hits="0"/>
						<line number="4073" hits="0"/>
						<line number="4074" hits="0"/>
						<line number="4075" hits="1"/>
						<line number="4076" hits="1"/>
						<line number="4081" hits="1"/>
						<line number="4093" hits="1"/>
						<line number="4094" hits="1"/>
						<line number="4097" hits="1"/>
						<line number="4098" hits="1"/>
						<line number="4099" hits="1"/>
						<line number="4102" hits="1"/>
						<line number="4103" hits="1"/>
						<line number="4104" hits="1"/>
						<line number="4106" hits="1"/>
						<line number="4107" hits="1"/>
						<line number="4109" hits="1"/>
						<line number="4110" hits="1"/>
						<line number="4112" hits="1"/>
						<line number="4113" hits="1"/>
						<line number="4115" hits="1"/>
						<line number="4116" hits="1"/>
						<line number="4118" hits="1"/>
						<line number="4119" hits="1"/>
						<line number="4121" hits="1"/>
						<line number="4122" hits="1"/>
						<line number="4124" hits="1"/>
						<line number="4125" hits="1"/>
						<line number="4127" hits="1"/>
						<line number="4128" hits="1"/>
						<line number="4130" hits="1"/>
						<line number="4131" hits="1"/>
						<line number="4133" hits="1"/>
						<line number="4134" hits="1"/>
						<line number="4136" hits="1"/>
						<line number="4137" hits="1"/>
						<line number="4139" hits="1"/>
						<line number="4140" hits="1"/>
						<line number="4142" hits="1"/>
						<line number="4143" hits="1"/>
						<line number="4145" hits="1"/>
						<line number="4146" hits="1"/>
						<line number="4148" hits="1"/>
						<line number="4149" hits="1"/>
						<line number="4151" hits="1"/>
						<line number="4152" hits="1"/>
						<line number="4154" hits="1"/>
						<line number="4155" hits="1"/>
						<line number="4157" hits="1"/>
						<line number="4158" hits="1"/>
						<line number="4160" hits="1"/>
						<line number="4161" hits="1"/>
						<line number="4163" hits="1"/>
						<line number="4164" hits="1"/>
						<line number="4166" hits="1"/>
						<line number="4167" hits="1"/>
						<line number="4169" hits="1"/>
						<line number="4170" hits="1"/>
						<line number="4172" hits="1"/>
						<line number="4173" hits="1"/>
						<line number="4175" hits="1"/>
						<line number="4176" hits="1"/>
						<line number="4178" hits="1"/>
						<line number="4179" hits="1"/>
					</lines>
				</class>
			</classes>
		</package>
		<package name="cascade_correlation_config" line-rate="0.9306" branch-rate="0" complexity="0">
			<classes>
				<class name="__init__.py" filename="cascade_correlation_config/__init__.py" complexity="0" line-rate="1" branch-rate="0">
					<methods/>
					<lines/>
				</class>
				<class name="cascade_correlation_config.py" filename="cascade_correlation_config/cascade_correlation_config.py" complexity="0" line-rate="0.9306" branch-rate="0">
					<methods/>
					<lines>
						<line number="37" hits="1"/>
						<line number="38" hits="1"/>
						<line number="39" hits="1"/>
						<line number="41" hits="1"/>
						<line number="84" hits="1"/>
						<line number="89" hits="1"/>
						<line number="90" hits="1"/>
						<line number="93" hits="1"/>
						<line number="94" hits="1"/>
						<line number="95" hits="1"/>
						<line number="96" hits="1"/>
						<line number="97" hits="1"/>
						<line number="98" hits="1"/>
						<line number="99" hits="1"/>
						<line number="104" hits="1"/>
						<line number="107" hits="1"/>
						<line number="164" hits="1"/>
						<line number="165" hits="1"/>
						<line number="166" hits="1"/>
						<line number="169" hits="1"/>
						<line number="170" hits="1"/>
						<line number="173" hits="1"/>
						<line number="174" hits="1"/>
						<line number="175" hits="1"/>
						<line number="176" hits="1"/>
						<line number="177" hits="1"/>
						<line number="178" hits="1"/>
						<line number="179" hits="1"/>
						<line number="182" hits="1"/>
						<line number="185" hits="1"/>
						<line number="186" hits="1"/>
						<line number="189" hits="1"/>
						<line number="190" hits="1"/>
						<line number="191" hits="1"/>
						<line number="192" hits="1"/>
						<line number="193" hits="1"/>
						<line number="196" hits="1"/>
						<line number="197" hits="1"/>
						<line number="198" hits="1"/>
						<line number="199" hits="1"/>
						<line number="202" hits="1"/>
						<line number="203" hits="1"/>
						<line number="204" hits="1"/>
						<line number="205" hits="1"/>
						<line number="206" hits="1"/>
						<line number="207" hits="1"/>
						<line number="208" hits="1"/>
						<line number="209" hits="1"/>
						<line number="210" hits="1"/>
						<line number="211" hits="1"/>
						<line number="212" hits="1"/>
						<line number="213" hits="1"/>
						<line number="216" hits="1"/>
						<line number="217" hits="1"/>
						<line number="218" hits="1"/>
						<line number="219" hits="1"/>
						<line number="220" hits="1"/>
						<line number="221" hits="1"/>
						<line number="222" hits="1"/>
						<line number="225" hits="1"/>
						<line number="228" hits="1"/>
						<line number="231" hits="1"/>
						<line number="233" hits="1"/>
						<line number="235" hits="0"/>
						<line number="237" hits="0"/>
						<line number="238" hits="0"/>
						<line number="240" hits="1"/>
						<line number="242" hits="0"/>
						<line number="244" hits="0"/>
						<line number="246" hits="1"/>
						<line number="247" hits="1"/>
						<line number="261" hits="1"/>
					</lines>
				</class>
			</classes>
		</package>
		<package name="cascade_correlation_exceptions" line-rate="1" branch-rate="0" complexity="0">
			<classes>
				<class name="__init__.py" filename="cascade_correlation_exceptions/__init__.py" complexity="0" line-rate="1" branch-rate="0">
					<methods/>
					<lines/>
				</class>
				<class name="cascade_correlation_exceptions.py" filename="cascade_correlation_exceptions/cascade_correlation_exceptions.py" complexity="0" line-rate="1" branch-rate="0">
					<methods/>
					<lines>
						<line number="42" hits="1"/>
						<line number="45" hits="1"/>
						<line number="48" hits="1"/>
						<line number="51" hits="1"/>
						<line number="54" hits="1"/>
						<line number="57" hits="1"/>
						<line number="60" hits="1"/>
						<line number="67" hits="1"/>
						<line number="70" hits="1"/>
						<line number="73" hits="1"/>
					</lines>
				</class>
			</classes>
		</package>
	</packages>
</coverage>
