<?xml version="1.0" encoding="utf-8"?><testsuites name="pytest tests"><testsuite name="pytest" errors="3" failures="2" skipped="1" tests="1066" time="1094.583" timestamp="2026-02-17T17:46:58.819673-06:00" hostname="yamaguchi"><testcase classname="" name="unit.test_hdf5" time="0.000"><error message="collection failure">ImportError while importing test module '/home/pcalnon/Development/python/Juniper/JuniperCascor/juniper_cascor/src/tests/unit/test_hdf5.py'.
Hint: make sure your test modules/packages have valid Python names.
Traceback:
/opt/miniforge3/envs/JuniperCascor/lib/python3.14/importlib/__init__.py:88: in import_module
    return _bootstrap._gcd_import(name[level:], package, level)
           ^^^^^^^^^^^^^^^^^^^^^^^^^^^^^^^^^^^^^^^^^^^^^^^^^^^^
src/tests/unit/test_hdf5.py:14: in &lt;module&gt;
    from cascade_correlation.snapshots.snapshot_utils import HDF5Utils
E   ModuleNotFoundError: No module named 'cascade_correlation.snapshots.snapshot_utils'</error></testcase><testcase classname="integration.test_comprehensive_serialization.TestDeterministicTrainingResume" name="test_deterministic_training_resume" time="0.001"><skipped type="pytest.skip" message="need --run-long option to run long-running correctness tests">/home/pcalnon/Development/python/Juniper/JuniperCascor/juniper_cascor/src/tests/integration/test_comprehensive_serialization.py:41: need --run-long option to run long-running correctness tests</skipped></testcase><testcase classname="integration.test_comprehensive_serialization.TestHiddenUnitsPreservation" name="test_hidden_units_preservation" time="0.583" /><testcase classname="integration.test_comprehensive_serialization.TestConfigRoundtrip" name="test_config_roundtrip" time="0.030" /><testcase classname="integration.test_comprehensive_serialization.TestActivationFunctionRestoration" name="test_activation_function_restoration" time="0.080" /><testcase classname="integration.test_comprehensive_serialization.TestTorchRandomStateRestoration" name="test_torch_random_state_restoration" time="0.039" /><testcase classname="integration.test_comprehensive_serialization.TestHistoryPreservation" name="test_history_preservation" time="0.051" /><testcase classname="integration.test_juniper_data_e2e.TestJuniperDataE2EHealth" name="test_health_endpoint_reachable" time="0.647" /><testcase classname="integration.test_juniper_data_e2e.TestJuniperDataE2EHealth" name="test_health_check_method" time="0.015" /><testcase classname="integration.test_juniper_data_e2e.TestJuniperDataE2EDatasetCreation" name="test_create_spiral_dataset_returns_metadata" time="0.015" /><testcase classname="integration.test_juniper_data_e2e.TestJuniperDataE2EDatasetCreation" name="test_download_npz_artifact" time="0.014" /><testcase classname="integration.test_juniper_data_e2e.TestJuniperDataE2EDatasetCreation" name="test_npz_arrays_have_correct_shapes" time="0.133" /><testcase classname="integration.test_juniper_data_e2e.TestJuniperDataE2EDatasetCreation" name="test_idempotent_dataset_creation" time="0.007" /><testcase classname="integration.test_juniper_data_e2e.TestJuniperDataE2EFullFlow" name="test_spiral_data_provider_full_roundtrip" time="0.041" /><testcase classname="integration.test_juniper_data_e2e.TestJuniperDataE2EFullFlow" name="test_provider_with_3_spirals" time="0.017" /><testcase classname="integration.test_juniper_data_e2e.TestJuniperDataE2EFullFlow" name="test_provider_with_legacy_algorithm" time="0.016" /><testcase classname="integration.test_juniper_data_e2e.TestJuniperDataE2EFullFlow" name="test_tensors_usable_for_cascor_network" time="0.035" /><testcase classname="integration.test_serialization.TestUUIDPersistence" name="test_uuid_preserved_after_load" time="0.029" /><testcase classname="integration.test_serialization.TestUUIDPersistence" name="test_multiple_save_load_cycles_preserve_uuid" time="0.067" /><testcase classname="integration.test_serialization.TestRandomSeedPreservation" name="test_random_seed_parameters_preserved" time="0.026" /><testcase classname="integration.test_serialization.TestRandomSeedPreservation" name="test_deterministic_forward_pass" time="0.033" /><testcase classname="integration.test_serialization.TestRandomSeedPreservation" name="test_random_state_data_in_file" time="0.018" /><testcase classname="integration.test_serialization.TestHistoryPreservation" name="test_history_keys_preserved" time="0.032" /><testcase classname="integration.test_serialization.TestHistoryPreservation" name="test_hidden_units_history_preserved" time="0.049" /><testcase classname="integration.test_serialization.TestConfigRoundtrip" name="test_config_serialization_excludes_non_serializable" time="0.031" /><testcase classname="integration.test_serialization.TestConfigRoundtrip" name="test_config_values_preserved" time="0.030" /><testcase classname="integration.test_serialization.TestActivationFunctionRestoration" name="test_activation_function_name_restored" time="0.032" /><testcase classname="integration.test_serialization.TestActivationFunctionRestoration" name="test_activation_function_callable_restored" time="0.026" /><testcase classname="integration.test_serialization.TestHiddenUnitsPreservation" name="test_hidden_units_count_preserved" time="0.037" /><testcase classname="integration.test_serialization.TestHiddenUnitsPreservation" name="test_hidden_units_weights_preserved" time="0.044" /><testcase classname="integration.test_serialization.TestHiddenUnitsPreservation" name="test_hidden_units_checksums_verified" time="0.043" /><testcase classname="integration.test_serialization.TestShapeValidation" name="test_output_weights_shape_validated" time="0.028" /><testcase classname="integration.test_serialization.TestShapeValidation" name="test_hidden_units_shape_validated" time="0.041" /><testcase classname="integration.test_serialization.TestFormatValidation" name="test_valid_format_accepted" time="0.028" /><testcase classname="integration.test_serialization.TestFormatValidation" name="test_format_verification_info" time="0.024" /><testcase classname="integration.test_serialization.TestRandomStateRestoration" name="test_python_random_state_restoration" time="0.042" /><testcase classname="integration.test_serialization.TestRandomStateRestoration" name="test_numpy_random_state_restoration" time="0.040" /><testcase classname="integration.test_serialization.TestRandomStateRestoration" name="test_torch_random_state_restoration" time="0.044" /><testcase classname="integration.test_serialization.TestRandomStateRestoration" name="test_deterministic_training_resume" time="1.446" /><testcase classname="integration.test_spiral_problem.TestSpiralProblemBasic" name="test_2_spiral_learning" time="4.573" /><testcase classname="integration.test_spiral_problem.TestSpiralProblemBasic" name="test_3_spiral_learning" time="4.173" /><testcase classname="integration.test_spiral_problem.TestSpiralProblemProgressive" name="test_n_spiral_difficulty_progression[2]" time="56.069" /><testcase classname="integration.test_spiral_problem.TestSpiralProblemProgressive" name="test_n_spiral_difficulty_progression[3]" time="82.709" /><testcase classname="integration.test_spiral_problem.TestSpiralProblemProgressive" name="test_n_spiral_difficulty_progression[4]" time="120.008"><failure message="Failed: Timeout (&gt;120.0s) from pytest-timeout.">src/cascade_correlation/cascade_correlation.py:1497: in _execute_candidate_training
    raise RuntimeError("CascadeCorrelationNetwork: _execute_candidate_training: Parallel processing failed to return results")
E   RuntimeError: CascadeCorrelationNetwork: _execute_candidate_training: Parallel processing failed to return results

During handling of the above exception, another exception occurred:
src/tests/integration/test_spiral_problem.py:139: in test_n_spiral_difficulty_progression
    history = network.fit(x, y, max_epochs=max_epochs)
              ^^^^^^^^^^^^^^^^^^^^^^^^^^^^^^^^^^^^^^^^
src/cascade_correlation/cascade_correlation.py:1153: in fit
    self.grow_network(
src/cascade_correlation/cascade_correlation.py:2765: in grow_network
    if not (training_results := self._get_training_results(x_train=x_train, y_train=y_train, residual_error=residual_error)) or not training_results.best_candidate:
                                ^^^^^^^^^^^^^^^^^^^^^^^^^^^^^^^^^^^^^^^^^^^^^^^^^^^^^^^^^^^^^^^^^^^^^^^^^^^^^^^^^^^^^^^^^^^
src/cascade_correlation/cascade_correlation.py:2913: in _get_training_results
    training_results = self.train_candidates(x=x_train, y=y_train, residual_error=residual_error)
                       ^^^^^^^^^^^^^^^^^^^^^^^^^^^^^^^^^^^^^^^^^^^^^^^^^^^^^^^^^^^^^^^^^^^^^^^^^^
src/cascade_correlation/cascade_correlation.py:1365: in train_candidates
    results = self._execute_candidate_training(tasks, process_count)
              ^^^^^^^^^^^^^^^^^^^^^^^^^^^^^^^^^^^^^^^^^^^^^^^^^^^^^^
src/cascade_correlation/cascade_correlation.py:1512: in _execute_candidate_training
    results = self._execute_sequential_training(tasks)
              ^^^^^^^^^^^^^^^^^^^^^^^^^^^^^^^^^^^^^^^^
src/cascade_correlation/cascade_correlation.py:1639: in _execute_sequential_training
    candidate_training_result = self.train_candidate_worker(task_data_input=task, parallel=False)
                                ^^^^^^^^^^^^^^^^^^^^^^^^^^^^^^^^^^^^^^^^^^^^^^^^^^^^^^^^^^^^^^^^^
src/cascade_correlation/cascade_correlation.py:2182: in train_candidate_worker
    result = CascadeCorrelationNetwork._train_candidate_unit(
src/cascade_correlation/cascade_correlation.py:2306: in _train_candidate_unit
    training_result = candidate.train_detailed(
src/candidate_unit/candidate_unit.py:675: in train_detailed
    candidate_training_result = self._get_correlations(output=output, residual_error=residual_error)
                                ^^^^^^^^^^^^^^^^^^^^^^^^^^^^^^^^^^^^^^^^^^^^^^^^^^^^^^^^^^^^^^^^^^^^
src/candidate_unit/candidate_unit.py:810: in _get_correlations
    candidate_correlations = self._multi_output_correlation(residual_error=residual_error, output=output)
                             ^^^^^^^^^^^^^^^^^^^^^^^^^^^^^^^^^^^^^^^^^^^^^^^^^^^^^^^^^^^^^^^^^^^^^^^^^^^^
src/candidate_unit/candidate_unit.py:922: in _multi_output_correlation
    self.logger.verbose(f"CandidateUnit: _multi_output_correlation: Correlations:\n{calculated_correlations}")
                                                                                   ^^^^^^^^^^^^^^^^^^^^^^^^^
/opt/miniforge3/envs/JuniperCascor/lib/python3.14/reprlib.py:21: in wrapper
    result = user_function(self)
             ^^^^^^^^^^^^^^^^^^^
&lt;string&gt;:13: in __repr__
    ???
/opt/miniforge3/envs/JuniperCascor/lib/python3.14/site-packages/torch/_tensor.py:568: in __repr__
    return torch._tensor_str._str(self, tensor_contents=tensor_contents)
           ^^^^^^^^^^^^^^^^^^^^^^^^^^^^^^^^^^^^^^^^^^^^^^^^^^^^^^^^^^^^^
/opt/miniforge3/envs/JuniperCascor/lib/python3.14/site-packages/torch/_tensor_str.py:722: in _str
    return _str_intern(self, tensor_contents=tensor_contents)
           ^^^^^^^^^^^^^^^^^^^^^^^^^^^^^^^^^^^^^^^^^^^^^^^^^^
/opt/miniforge3/envs/JuniperCascor/lib/python3.14/site-packages/torch/_tensor_str.py:643: in _str_intern
    tensor_str = _tensor_str(self, indent)
                 ^^^^^^^^^^^^^^^^^^^^^^^^^
/opt/miniforge3/envs/JuniperCascor/lib/python3.14/site-packages/torch/_tensor_str.py:375: in _tensor_str
    formatter = _Formatter(get_summarized_data(self) if summarize else self)
                ^^^^^^^^^^^^^^^^^^^^^^^^^^^^^^^^^^^^^^^^^^^^^^^^^^^^^^^^^^^^
/opt/miniforge3/envs/JuniperCascor/lib/python3.14/site-packages/torch/_tensor_str.py:208: in __init__
    value_str = f"{{:.{PRINT_OPTS.precision}f}}".format(value)
                ^^^^^^^^^^^^^^^^^^^^^^^^^^^^^^^^^^^^^^^^^^^^^^
/opt/miniforge3/envs/JuniperCascor/lib/python3.14/site-packages/torch/_tensor.py:1108: in __format__
    return self.detach().item().__format__(format_spec)
           ^^^^^^^^^^^^^
E   Failed: Timeout (&gt;120.0s) from pytest-timeout.</failure></testcase><testcase classname="integration.test_spiral_problem.TestSpiralProblemRobustness" name="test_spiral_noise_robustness[0.01]" time="2.097" /><testcase classname="integration.test_spiral_problem.TestSpiralProblemRobustness" name="test_spiral_noise_robustness[0.05]" time="2.242" /><testcase classname="integration.test_spiral_problem.TestSpiralProblemRobustness" name="test_spiral_noise_robustness[0.1]" time="2.645" /><testcase classname="integration.test_spiral_problem.TestSpiralProblemRobustness" name="test_spiral_data_size_scaling[20]" time="2.375" /><testcase classname="integration.test_spiral_problem.TestSpiralProblemRobustness" name="test_spiral_data_size_scaling[40]" time="2.151" /><testcase classname="integration.test_spiral_problem.TestSpiralProblemRobustness" name="test_spiral_data_size_scaling[60]" time="2.411" /><testcase classname="integration.test_spiral_problem.TestSpiralProblemVisualization" name="test_spiral_training_progression" time="1.795" /><testcase classname="integration.test_spiral_problem.TestSpiralProblemEdgeCases" name="test_minimal_spiral_data" time="1.237" /><testcase classname="integration.test_spiral_problem.TestSpiralProblemEdgeCases" name="test_perfect_spiral_separation" time="2.246" /><testcase classname="integration.test_spiral_problem.TestSpiralProblemComparison" name="test_spiral_configuration_comparison" time="300.001"><failure message="Failed: Timeout (&gt;300.0s) from pytest-timeout.">src/cascade_correlation/cascade_correlation.py:1497: in _execute_candidate_training
    raise RuntimeError("CascadeCorrelationNetwork: _execute_candidate_training: Parallel processing failed to return results")
E   RuntimeError: CascadeCorrelationNetwork: _execute_candidate_training: Parallel processing failed to return results

During handling of the above exception, another exception occurred:
src/tests/integration/test_spiral_problem.py:378: in test_spiral_configuration_comparison
    _, elapsed_time = measure_training_time(network, x, y, max_epochs=max_epochs)
                      ^^^^^^^^^^^^^^^^^^^^^^^^^^^^^^^^^^^^^^^^^^^^^^^^^^^^^^^^^^^
src/tests/helpers/utilities.py:166: in measure_training_time
    history = network.fit(x, y, **fit_kwargs)
              ^^^^^^^^^^^^^^^^^^^^^^^^^^^^^^^
src/cascade_correlation/cascade_correlation.py:1153: in fit
    self.grow_network(
src/cascade_correlation/cascade_correlation.py:2765: in grow_network
    if not (training_results := self._get_training_results(x_train=x_train, y_train=y_train, residual_error=residual_error)) or not training_results.best_candidate:
                                ^^^^^^^^^^^^^^^^^^^^^^^^^^^^^^^^^^^^^^^^^^^^^^^^^^^^^^^^^^^^^^^^^^^^^^^^^^^^^^^^^^^^^^^^^^^
src/cascade_correlation/cascade_correlation.py:2913: in _get_training_results
    training_results = self.train_candidates(x=x_train, y=y_train, residual_error=residual_error)
                       ^^^^^^^^^^^^^^^^^^^^^^^^^^^^^^^^^^^^^^^^^^^^^^^^^^^^^^^^^^^^^^^^^^^^^^^^^^
src/cascade_correlation/cascade_correlation.py:1365: in train_candidates
    results = self._execute_candidate_training(tasks, process_count)
              ^^^^^^^^^^^^^^^^^^^^^^^^^^^^^^^^^^^^^^^^^^^^^^^^^^^^^^
src/cascade_correlation/cascade_correlation.py:1512: in _execute_candidate_training
    results = self._execute_sequential_training(tasks)
              ^^^^^^^^^^^^^^^^^^^^^^^^^^^^^^^^^^^^^^^^
src/cascade_correlation/cascade_correlation.py:1639: in _execute_sequential_training
    candidate_training_result = self.train_candidate_worker(task_data_input=task, parallel=False)
                                ^^^^^^^^^^^^^^^^^^^^^^^^^^^^^^^^^^^^^^^^^^^^^^^^^^^^^^^^^^^^^^^^^
src/cascade_correlation/cascade_correlation.py:2182: in train_candidate_worker
    result = CascadeCorrelationNetwork._train_candidate_unit(
src/cascade_correlation/cascade_correlation.py:2306: in _train_candidate_unit
    training_result = candidate.train_detailed(
src/candidate_unit/candidate_unit.py:675: in train_detailed
    candidate_training_result = self._get_correlations(output=output, residual_error=residual_error)
                                ^^^^^^^^^^^^^^^^^^^^^^^^^^^^^^^^^^^^^^^^^^^^^^^^^^^^^^^^^^^^^^^^^^^^
src/candidate_unit/candidate_unit.py:810: in _get_correlations
    candidate_correlations = self._multi_output_correlation(residual_error=residual_error, output=output)
                             ^^^^^^^^^^^^^^^^^^^^^^^^^^^^^^^^^^^^^^^^^^^^^^^^^^^^^^^^^^^^^^^^^^^^^^^^^^^^
src/candidate_unit/candidate_unit.py:922: in _multi_output_correlation
    self.logger.verbose(f"CandidateUnit: _multi_output_correlation: Correlations:\n{calculated_correlations}")
                                                                                   ^^^^^^^^^^^^^^^^^^^^^^^^^
/opt/miniforge3/envs/JuniperCascor/lib/python3.14/reprlib.py:21: in wrapper
    result = user_function(self)
             ^^^^^^^^^^^^^^^^^^^
&lt;string&gt;:13: in __repr__
    ???
/opt/miniforge3/envs/JuniperCascor/lib/python3.14/site-packages/torch/_tensor.py:568: in __repr__
    return torch._tensor_str._str(self, tensor_contents=tensor_contents)
           ^^^^^^^^^^^^^^^^^^^^^^^^^^^^^^^^^^^^^^^^^^^^^^^^^^^^^^^^^^^^^
/opt/miniforge3/envs/JuniperCascor/lib/python3.14/site-packages/torch/_tensor_str.py:722: in _str
    return _str_intern(self, tensor_contents=tensor_contents)
           ^^^^^^^^^^^^^^^^^^^^^^^^^^^^^^^^^^^^^^^^^^^^^^^^^^
/opt/miniforge3/envs/JuniperCascor/lib/python3.14/site-packages/torch/_tensor_str.py:643: in _str_intern
    tensor_str = _tensor_str(self, indent)
                 ^^^^^^^^^^^^^^^^^^^^^^^^^
/opt/miniforge3/envs/JuniperCascor/lib/python3.14/site-packages/torch/_tensor_str.py:375: in _tensor_str
    formatter = _Formatter(get_summarized_data(self) if summarize else self)
                ^^^^^^^^^^^^^^^^^^^^^^^^^^^^^^^^^^^^^^^^^^^^^^^^^^^^^^^^^^^^
/opt/miniforge3/envs/JuniperCascor/lib/python3.14/site-packages/torch/_tensor_str.py:207: in __init__
    for value in nonzero_finite_vals:
                 ^^^^^^^^^^^^^^^^^^^
/opt/miniforge3/envs/JuniperCascor/lib/python3.14/site-packages/torch/_tensor.py:1181: in __iter__
    return iter(self.unbind(0))
                ^^^^^^^^^^^^^^
E   Failed: Timeout (&gt;300.0s) from pytest-timeout.</failure></testcase><testcase classname="unit.test_accuracy.TestAccuracyCalculation" name="test_perfect_accuracy" time="0.009" /><testcase classname="unit.test_accuracy.TestAccuracyCalculation" name="test_zero_accuracy" time="0.008" /><testcase classname="unit.test_accuracy.TestAccuracyCalculation" name="test_random_accuracy" time="0.021" /><testcase classname="unit.test_accuracy.TestAccuracyCalculation" name="test_accuracy_with_trained_network" time="3.092" /><testcase classname="unit.test_accuracy.TestAccuracyShapes" name="test_accuracy_batch_sizes[1]" time="0.010" /><testcase classname="unit.test_accuracy.TestAccuracyShapes" name="test_accuracy_batch_sizes[5]" time="0.012" /><testcase classname="unit.test_accuracy.TestAccuracyShapes" name="test_accuracy_batch_sizes[10]" time="0.011" /><testcase classname="unit.test_accuracy.TestAccuracyShapes" name="test_accuracy_batch_sizes[50]" time="0.017" /><testcase classname="unit.test_accuracy.TestAccuracyShapes" name="test_accuracy_batch_sizes[100]" time="0.028" /><testcase classname="unit.test_accuracy.TestAccuracyShapes" name="test_accuracy_output_sizes[2]" time="0.023" /><testcase classname="unit.test_accuracy.TestAccuracyShapes" name="test_accuracy_output_sizes[3]" time="0.033" /><testcase classname="unit.test_accuracy.TestAccuracyShapes" name="test_accuracy_output_sizes[5]" time="0.028" /><testcase classname="unit.test_accuracy.TestAccuracyShapes" name="test_accuracy_output_sizes[10]" time="0.035" /><testcase classname="unit.test_accuracy.TestAccuracyValidation" name="test_accuracy_none_inputs" time="0.008" /><testcase classname="unit.test_accuracy.TestAccuracyValidation" name="test_accuracy_mismatched_batch_sizes" time="0.007" /><testcase classname="unit.test_accuracy.TestAccuracyValidation" name="test_accuracy_wrong_shapes" time="0.010" /><testcase classname="unit.test_accuracy.TestAccuracyValidation" name="test_accuracy_non_tensor_inputs" time="0.009" /><testcase classname="unit.test_accuracy.TestAccuracyArgmax" name="test_accuracy_argmax_behavior" time="0.010" /><testcase classname="unit.test_accuracy.TestAccuracyArgmax" name="test_accuracy_tie_breaking" time="0.011" /><testcase classname="unit.test_accuracy.TestAccuracyEdgeCases" name="test_accuracy_empty_batch" time="0.008" /><testcase classname="unit.test_accuracy.TestAccuracyEdgeCases" name="test_accuracy_single_sample" time="0.008" /><testcase classname="unit.test_accuracy.TestAccuracyEdgeCases" name="test_accuracy_extreme_predictions" time="0.007" /><testcase classname="unit.test_accuracy.TestAccuracyConsistency" name="test_accuracy_methods_consistency" time="0.016" /><testcase classname="unit.test_accuracy.TestAccuracyConsistency" name="test_accuracy_deterministic" time="0.018" /><testcase classname="unit.test_accuracy.TestAccuracyMulticlass" name="test_multiclass_accuracy[3]" time="0.022" /><testcase classname="unit.test_accuracy.TestAccuracyMulticlass" name="test_multiclass_accuracy[5]" time="0.021" /><testcase classname="unit.test_accuracy.TestAccuracyMulticlass" name="test_multiclass_accuracy[10]" time="0.027" /><testcase classname="unit.test_accuracy.TestAccuracyMulticlass" name="test_imbalanced_accuracy" time="0.026" /><testcase classname="unit.test_activation_with_derivative.TestActivationWithDerivativePickling" name="test_pickle_tanh_function" time="0.003" /><testcase classname="unit.test_activation_with_derivative.TestActivationWithDerivativePickling" name="test_pickle_tanh_module" time="0.003" /><testcase classname="unit.test_activation_with_derivative.TestActivationWithDerivativePickling" name="test_pickle_sigmoid" time="0.003" /><testcase classname="unit.test_activation_with_derivative.TestActivationWithDerivativePickling" name="test_pickle_relu" time="0.003" /><testcase classname="unit.test_activation_with_derivative.TestActivationWithDerivativePickling" name="test_pickle_relu_module" time="0.003" /><testcase classname="unit.test_activation_with_derivative.TestActivationWithDerivativeDerivatives" name="test_tanh_derivative" time="0.003" /><testcase classname="unit.test_activation_with_derivative.TestActivationWithDerivativeDerivatives" name="test_sigmoid_derivative" time="0.003" /><testcase classname="unit.test_activation_with_derivative.TestActivationWithDerivativeDerivatives" name="test_relu_derivative" time="0.003" /><testcase classname="unit.test_activation_with_derivative.TestActivationWithDerivativeDerivatives" name="test_derivative_after_unpickling" time="0.003" /><testcase classname="unit.test_activation_with_derivative.TestCandidateUnitPickling" name="test_candidate_unit_pickling" time="0.009" /><testcase classname="unit.test_activation_with_derivative.TestCandidateUnitPickling" name="test_candidate_unit_forward_after_unpickling" time="0.011" /><testcase classname="unit.test_activation_with_derivative.TestCascorActivationWithDerivative" name="test_cascor_activation_pickling" time="0.003" /><testcase classname="unit.test_activation_with_derivative.TestCascorActivationWithDerivative" name="test_both_implementations_compatible" time="0.003" /><testcase classname="unit.test_activation_with_derivative.TestActivationMapCoverage" name="test_activation_map_entries[tanh-tanh]" time="0.003" /><testcase classname="unit.test_activation_with_derivative.TestActivationMapCoverage" name="test_activation_map_entries[sigmoid-sigmoid]" time="0.003" /><testcase classname="unit.test_activation_with_derivative.TestActivationMapCoverage" name="test_activation_map_entries[relu-relu]" time="0.002" /><testcase classname="unit.test_activation_with_derivative.TestActivationMapCoverage" name="test_activation_map_entries[Tanh-Tanh]" time="0.002" /><testcase classname="unit.test_activation_with_derivative.TestActivationMapCoverage" name="test_activation_map_entries[Sigmoid-Sigmoid]" time="0.002" /><testcase classname="unit.test_activation_with_derivative.TestActivationMapCoverage" name="test_activation_map_entries[ReLU-ReLU]" time="0.003" /><testcase classname="unit.test_activation_with_derivative.TestActivationMapCoverage" name="test_activation_map_entries[GELU-GELU]" time="0.003" /><testcase classname="unit.test_activation_with_derivative.TestActivationMapCoverage" name="test_activation_map_entries[SELU-SELU]" time="0.003" /><testcase classname="unit.test_activation_with_derivative.TestActivationMapCoverage" name="test_activation_map_entries[LeakyReLU-LeakyReLU]" time="0.002" /><testcase classname="unit.test_activation_with_derivative.TestActivationMapCoverage" name="test_unknown_activation_fallback" time="0.003" /><testcase classname="unit.test_candidate_seed_diversity.TestCandidateSeedDiversity" name="test_candidates_have_different_seeds" time="0.007" /><testcase classname="unit.test_candidate_seed_diversity.TestCandidateSeedDiversity" name="test_candidates_have_different_initial_weights" time="0.014" /><testcase classname="unit.test_candidate_seed_diversity.TestCandidateSeedDiversity" name="test_same_seed_produces_same_weights" time="0.008" /><testcase classname="unit.test_candidate_seed_diversity.TestCandidateSeedDiversity" name="test_different_seeds_produce_different_weights" time="0.008" /><testcase classname="unit.test_candidate_training_manager" name="test_candidate_training_manager_inheritance[happy-path-candidate-training-manager]" time="0.002" /><testcase classname="unit.test_candidate_training_manager" name="test_candidate_training_manager_inheritance[base-manager-direct]" time="0.002" /><testcase classname="unit.test_candidate_training_manager" name="test_candidate_training_manager_register[register_args0-register_kwargs0-None-register-method-happy-path]" time="0.002" /><testcase classname="unit.test_candidate_training_manager" name="test_candidate_training_manager_register[register_args1-register_kwargs1-None-register-method-with-callable]" time="0.003" /><testcase classname="unit.test_candidate_training_manager" name="test_candidate_training_manager_register[register_args2-register_kwargs2-TypeError-register-method-none-name]" time="0.003" /><testcase classname="unit.test_candidate_training_manager" name="test_candidate_training_manager_register[register_args3-register_kwargs3-TypeError-register-method-missing-args]" time="0.003" /><testcase classname="unit.test_candidate_training_manager" name="test_candidate_training_manager_start_method[fork-None-start-method-fork]" time="0.003" /><testcase classname="unit.test_candidate_training_manager" name="test_candidate_training_manager_start_method[spawn-None-start-method-spawn]" time="0.003" /><testcase classname="unit.test_candidate_training_manager" name="test_candidate_training_manager_start_method[forkserver-None-start-method-forkserver]" time="0.003" /><testcase classname="unit.test_candidate_training_manager" name="test_candidate_training_manager_start_method[invalid_method-ValueError-start-method-invalid]" time="0.003" /><testcase classname="unit.test_candidate_training_manager" name="test_candidate_training_manager_repr_and_str" time="0.003" /><testcase classname="unit.test_candidate_training_manager" name="test_candidate_training_manager_address_property" time="0.003" /><testcase classname="unit.test_candidate_training_manager" name="test_candidate_training_manager_shutdown_without_start" time="0.002" /><testcase classname="unit.test_candidate_unit_coverage.TestCandidateUnitInit" name="test_basic_initialization" time="0.006" /><testcase classname="unit.test_candidate_unit_coverage.TestCandidateUnitInit" name="test_initialization_with_custom_epochs" time="0.006" /><testcase classname="unit.test_candidate_unit_coverage.TestCandidateUnitInit" name="test_initialization_with_custom_learning_rate" time="0.006" /><testcase classname="unit.test_candidate_unit_coverage.TestCandidateUnitInit" name="test_initialization_with_random_seed" time="0.009" /><testcase classname="unit.test_candidate_unit_coverage.TestCandidateUnitInit" name="test_initialization_with_uuid" time="0.005" /><testcase classname="unit.test_candidate_unit_coverage.TestCandidateUnitProperties" name="test_get_uuid" time="0.005" /><testcase classname="unit.test_candidate_unit_coverage.TestCandidateUnitProperties" name="test_weights_shape" time="0.005" /><testcase classname="unit.test_candidate_unit_coverage.TestCandidateUnitProperties" name="test_bias_shape" time="0.006" /><testcase classname="unit.test_candidate_unit_coverage.TestCandidateUnitProperties" name="test_correlation_initial_value" time="0.006" /><testcase classname="unit.test_candidate_unit_coverage.TestCandidateUnitForward" name="test_forward_basic" time="0.009" /><testcase classname="unit.test_candidate_unit_coverage.TestCandidateUnitForward" name="test_forward_preserves_batch_size" time="0.012" /><testcase classname="unit.test_candidate_unit_coverage.TestCandidateUnitForward" name="test_forward_output_is_1d_per_sample" time="0.007" /><testcase classname="unit.test_candidate_unit_coverage.TestCandidateUnitPickling" name="test_getstate" time="0.005" /><testcase classname="unit.test_candidate_unit_coverage.TestCandidateUnitPickling" name="test_setstate" time="0.006" /><testcase classname="unit.test_candidate_unit_coverage.TestCandidateUnitPickling" name="test_pickle_roundtrip" time="0.007" /><testcase classname="unit.test_candidate_unit_coverage.TestCandidateTrainingResult" name="test_create_basic_result" time="0.003" /><testcase classname="unit.test_candidate_unit_coverage.TestCandidateTrainingResult" name="test_create_failed_result" time="0.003" /><testcase classname="unit.test_candidate_unit_coverage.TestActivationWithDerivative" name="test_import_activation_with_derivative" time="0.002" /><testcase classname="unit.test_candidate_unit_coverage.TestActivationWithDerivative" name="test_create_with_tanh" time="0.002" /><testcase classname="unit.test_candidate_unit_coverage.TestActivationWithDerivative" name="test_call_forward" time="0.003" /><testcase classname="unit.test_candidate_unit_coverage.TestActivationWithDerivative" name="test_call_derivative" time="0.003" /><testcase classname="unit.test_candidate_unit_coverage.TestActivationWithDerivative" name="test_pickle_activation_with_derivative" time="0.003" /><testcase classname="unit.test_candidate_unit_coverage.TestActivationWithDerivative" name="test_repr" time="0.003" /><testcase classname="unit.test_candidate_unit_coverage.TestCandidateUnitCorrelation" name="test_calculate_correlation_basic" time="0.009" /><testcase classname="unit.test_candidate_unit_coverage.TestCandidateUnitCorrelation" name="test_correlation_range" time="0.008" /><testcase classname="unit.test_candidate_unit_extended.TestCandidateUnitInitialization" name="test_basic_initialization" time="0.006" /><testcase classname="unit.test_candidate_unit_extended.TestCandidateUnitInitialization" name="test_initialization_with_custom_learning_rate" time="0.007" /><testcase classname="unit.test_candidate_unit_extended.TestCandidateUnitInitialization" name="test_initialization_with_seed" time="0.008" /><testcase classname="unit.test_candidate_unit_extended.TestCandidateUnitInitialization" name="test_initialization_with_epochs" time="0.004" /><testcase classname="unit.test_candidate_unit_extended.TestCandidateUnitInitialization" name="test_initialization_creates_weights" time="0.005" /><testcase classname="unit.test_candidate_unit_extended.TestCandidateTraining" name="test_train_method_exists" time="0.006" /><testcase classname="unit.test_candidate_unit_extended.TestCandidateTraining" name="test_train_updates_correlation" time="0.058" /><testcase classname="unit.test_candidate_unit_extended.TestCandidateTraining" name="test_train_with_zero_epochs" time="0.027" /><testcase classname="unit.test_candidate_unit_extended.TestCorrelationCalculation" name="test_get_correlation_returns_value" time="0.007" /><testcase classname="unit.test_candidate_unit_extended.TestCorrelationCalculation" name="test_correlation_in_valid_range" time="0.062" /><testcase classname="unit.test_candidate_unit_extended.TestCandidateActivation" name="test_activation_function_callable" time="0.008" /><testcase classname="unit.test_candidate_unit_extended.TestCandidateActivation" name="test_forward_pass" time="0.010" /><testcase classname="unit.test_candidate_unit_extended.TestCandidateWeightManagement" name="test_weights_have_correct_shape" time="0.007" /><testcase classname="unit.test_candidate_unit_extended.TestCandidateWeightManagement" name="test_bias_is_tensor" time="0.007" /><testcase classname="unit.test_candidate_unit_extended.TestCandidateWeightManagement" name="test_weights_require_grad" time="0.007" /><testcase classname="unit.test_candidate_unit_extended.TestCandidateGettersSetters" name="test_get_weights" time="0.007" /><testcase classname="unit.test_candidate_unit_extended.TestCandidateGettersSetters" name="test_get_bias" time="0.006" /><testcase classname="unit.test_candidate_unit_extended.TestCandidateEdgeCases" name="test_small_input_size" time="0.007" /><testcase classname="unit.test_candidate_unit_extended.TestCandidateEdgeCases" name="test_large_input_size" time="0.007" /><testcase classname="unit.test_candidate_unit_extended.TestCandidateEdgeCases" name="test_training_with_single_sample" time="0.053" /><testcase classname="unit.test_candidate_unit_extended.TestCandidatePickling" name="test_getstate_exists" time="0.008" /><testcase classname="unit.test_candidate_unit_extended.TestCandidatePickling" name="test_setstate_exists" time="0.007" /><testcase classname="unit.test_candidate_unit_extended.TestCandidateTrainingResult" name="test_training_result_creation" time="0.003" /><testcase classname="unit.test_candidate_unit_extended.TestCandidateTrainingResult" name="test_training_result_with_error" time="0.003" /><testcase classname="unit.test_cascade_correlation_coverage.TestOutputLayerTraining" name="test_train_output_layer_basic" time="0.187" /><testcase classname="unit.test_cascade_correlation_coverage.TestOutputLayerTraining" name="test_train_output_layer_multiple_epochs" time="0.112" /><testcase classname="unit.test_cascade_correlation_coverage.TestOutputLayerTraining" name="test_train_output_layer_single_epoch" time="0.033" /><testcase classname="unit.test_cascade_correlation_coverage.TestOutputLayerTraining" name="test_train_output_updates_weights" time="0.078" /><testcase classname="unit.test_cascade_correlation_coverage.TestCandidateTraining" name="test_train_candidates_returns_results" time="0.549" /><testcase classname="unit.test_cascade_correlation_coverage.TestCandidateTraining" name="test_train_candidates_with_small_pool" time="0.466" /><testcase classname="unit.test_cascade_correlation_coverage.TestCandidateTraining" name="test_sequential_training_fallback" time="0.380" /><testcase classname="unit.test_cascade_correlation_coverage.TestNetworkGrowth" name="test_grow_network_adds_hidden_unit" time="0.010" /><testcase classname="unit.test_cascade_correlation_coverage.TestNetworkGrowth" name="test_grow_network_respects_max_epochs" time="0.009" /><testcase classname="unit.test_cascade_correlation_coverage.TestNetworkGrowth" name="test_add_hidden_unit_increases_size" time="0.010" /><testcase classname="unit.test_cascade_correlation_coverage.TestFitMethod" name="test_fit_returns_history" time="0.101" /><testcase classname="unit.test_cascade_correlation_coverage.TestFitMethod" name="test_fit_with_validation_data" time="0.068" /><testcase classname="unit.test_cascade_correlation_coverage.TestFitMethod" name="test_fit_tracks_loss" time="0.092" /><testcase classname="unit.test_cascade_correlation_coverage.TestAccuracyCalculation" name="test_calculate_accuracy_returns_float" time="0.016" /><testcase classname="unit.test_cascade_correlation_coverage.TestAccuracyCalculation" name="test_accuracy_improves_after_training" time="0.278" /><testcase classname="unit.test_cascade_correlation_coverage.TestAccuracyCalculation" name="test_accuracy_on_binary_classification" time="0.019" /><testcase classname="unit.test_cascade_correlation_coverage.TestResidualErrorCalculation" name="test_residual_error_shape" time="0.019" /><testcase classname="unit.test_cascade_correlation_coverage.TestResidualErrorCalculation" name="test_residual_error_finite" time="0.022" /><testcase classname="unit.test_cascade_correlation_coverage.TestNetworkConfiguration" name="test_network_creation_with_config" time="0.008" /><testcase classname="unit.test_cascade_correlation_coverage.TestNetworkConfiguration" name="test_network_with_different_activation" time="0.007" /><testcase classname="unit.test_cascade_correlation_coverage.TestEdgeCases" name="test_empty_hidden_units_forward" time="0.011" /><testcase classname="unit.test_cascade_correlation_coverage.TestEdgeCases" name="test_single_sample_forward" time="0.007" /><testcase classname="unit.test_cascade_correlation_coverage.TestEdgeCases" name="test_large_batch_forward" time="0.012" /><testcase classname="unit.test_cascade_correlation_coverage.TestHistoryTracking" name="test_history_initialized" time="0.007" /><testcase classname="unit.test_cascade_correlation_coverage.TestHistoryTracking" name="test_history_updated_after_training" time="0.085" /><testcase classname="unit.test_cascade_correlation_coverage.TestCandidateCreation" name="test_create_candidate_unit_returns_candidate" time="0.013" /><testcase classname="unit.test_cascade_correlation_coverage.TestCandidateCreation" name="test_candidates_have_different_indices" time="0.021" /><testcase classname="unit.test_cascade_correlation_coverage.TestOptimalProcessCount" name="test_optimal_process_count_positive" time="0.016" /><testcase classname="unit.test_cascade_correlation_coverage.TestOptimalProcessCount" name="test_optimal_process_count_reasonable" time="0.015" /><testcase classname="unit.test_cascade_correlation_coverage_90.TestOptimizerCreation" name="test_create_sgd_optimizer" time="0.009" /><testcase classname="unit.test_cascade_correlation_coverage_90.TestOptimizerCreation" name="test_create_rmsprop_optimizer" time="0.008" /><testcase classname="unit.test_cascade_correlation_coverage_90.TestOptimizerCreation" name="test_create_adamw_optimizer" time="0.007" /><testcase classname="unit.test_cascade_correlation_coverage_90.TestOptimizerCreation" name="test_create_unknown_optimizer_defaults_to_adam" time="0.009" /><testcase classname="unit.test_cascade_correlation_coverage_90.TestAddUnitsAsLayer" name="test_add_units_as_layer_valid_candidates" time="0.026" /><testcase classname="unit.test_cascade_correlation_coverage_90.TestAddUnitsAsLayer" name="test_add_units_as_layer_invalid_candidate" time="0.008" /><testcase classname="unit.test_cascade_correlation_coverage_90.TestAddUnitsAsLayer" name="test_add_units_as_layer_mixed_valid_invalid" time="0.028" /><testcase classname="unit.test_cascade_correlation_coverage_90.TestRestoreSnapshot" name="test_restore_snapshot_none_path" time="0.147" /><testcase classname="unit.test_cascade_correlation_coverage_90.TestRestoreSnapshot" name="test_restore_snapshot_nonexistent_path" time="0.122" /><testcase classname="unit.test_cascade_correlation_coverage_90.TestRestoreSnapshot" name="test_restore_snapshot_load_failure" time="0.334" /><testcase classname="unit.test_cascade_correlation_coverage_90.TestSaveObject" name="test_save_object_with_mock" time="0.008" /><testcase classname="unit.test_cascade_correlation_coverage_90.TestSaveObject" name="test_save_object_failure" time="0.007" /><testcase classname="unit.test_cascade_correlation_coverage_90.TestSaveObject" name="test_save_object_exception" time="0.007" /><testcase classname="unit.test_cascade_correlation_coverage_90.TestPlotting" name="test_plot_decision_boundary_sync" time="0.010" /><testcase classname="unit.test_cascade_correlation_coverage_90.TestPlotting" name="test_plot_decision_boundary_async" time="0.011" /><testcase classname="unit.test_cascade_correlation_coverage_90.TestPlotting" name="test_plot_training_history_sync" time="0.009" /><testcase classname="unit.test_cascade_correlation_coverage_90.TestPlotting" name="test_plot_training_history_async" time="0.008" /><testcase classname="unit.test_cascade_correlation_coverage_90.TestAdditionalGettersSetters" name="test_set_and_get_candidate_pool_size" time="0.007" /><testcase classname="unit.test_cascade_correlation_coverage_90.TestAdditionalGettersSetters" name="test_set_and_get_correlation_threshold" time="0.007" /><testcase classname="unit.test_cascade_correlation_coverage_90.TestAdditionalGettersSetters" name="test_set_and_get_max_hidden_units" time="0.007" /><testcase classname="unit.test_cascade_correlation_coverage_90.TestAdditionalGettersSetters" name="test_set_and_get_patience" time="0.006" /><testcase classname="unit.test_cascade_correlation_coverage_90.TestAdditionalGettersSetters" name="test_set_and_get_min_improvement" time="0.006" /><testcase classname="unit.test_cascade_correlation_coverage_90.TestAdditionalGettersSetters" name="test_get_hidden_units" time="0.007" /><testcase classname="unit.test_cascade_correlation_coverage_90.TestAdditionalGettersSetters" name="test_get_output_weights" time="0.007" /><testcase classname="unit.test_cascade_correlation_coverage_90.TestAdditionalGettersSetters" name="test_get_output_bias" time="0.007" /><testcase classname="unit.test_cascade_correlation_coverage_90.TestSaveObjectHDF5" name="test_save_object_hdf5_with_backup" time="0.010" /><testcase classname="unit.test_cascade_correlation_coverage_90.TestSaveObjectHDF5" name="test_save_object_hdf5_verification_failure" time="0.007" /><testcase classname="unit.test_cascade_correlation_coverage_90.TestSaveObjectHDF5" name="test_save_object_hdf5_exception" time="0.008" /><testcase classname="unit.test_cascade_correlation_coverage_90.TestWorkerLoopMocked" name="test_worker_loop_sentinel_stops_worker" time="0.012" /><testcase classname="unit.test_cascade_correlation_coverage_90.TestWorkerLoopMocked" name="test_worker_loop_empty_queue_timeout" time="0.153" /><testcase classname="unit.test_cascade_correlation_coverage_90.TestExtendedSetters" name="test_set_candidate_unit" time="0.009" /><testcase classname="unit.test_cascade_correlation_coverage_90.TestExtendedSetters" name="test_set_display_frequency_epoch" time="0.006" /><testcase classname="unit.test_cascade_correlation_coverage_90.TestExtendedSetters" name="test_set_display_frequency_units" time="0.006" /><testcase classname="unit.test_cascade_correlation_coverage_90.TestExtendedSetters" name="test_set_generate_plots" time="0.007" /><testcase classname="unit.test_cascade_correlation_coverage_90.TestExtendedSetters" name="test_set_hidden_units" time="0.006" /><testcase classname="unit.test_cascade_correlation_coverage_90.TestExtendedSetters" name="test_set_history" time="0.007" /><testcase classname="unit.test_cascade_correlation_coverage_90.TestExtendedSetters" name="test_set_input_size" time="0.007" /><testcase classname="unit.test_cascade_correlation_coverage_90.TestExtendedSetters" name="test_set_output_size" time="0.007" /><testcase classname="unit.test_cascade_correlation_coverage_90.TestExtendedSetters" name="test_set_output_weights" time="0.007" /><testcase classname="unit.test_cascade_correlation_coverage_90.TestExtendedSetters" name="test_set_random_value_scale" time="0.007" /><testcase classname="unit.test_cascade_correlation_coverage_90.TestExtendedSetters" name="test_set_status_display_frequency" time="0.008" /><testcase classname="unit.test_cascade_correlation_coverage_90.TestExtendedGetters" name="test_get_candidate_training_queue_authkey" time="0.008" /><testcase classname="unit.test_cascade_correlation_coverage_90.TestExtendedGetters" name="test_get_candidate_training_queue_address" time="0.009" /><testcase classname="unit.test_cascade_correlation_coverage_90.TestExtendedGetters" name="test_get_candidate_training_tasks_queue_timeout" time="0.014" /><testcase classname="unit.test_cascade_correlation_coverage_90.TestExtendedGetters" name="test_get_candidate_training_shutdown_timeout" time="0.006" /><testcase classname="unit.test_cascade_correlation_coverage_90.TestExtendedGetters" name="test_get_activation_fn" time="0.007" /><testcase classname="unit.test_cascade_correlation_coverage_90.TestExtendedGetters" name="test_get_activation_fn_no_diff" time="0.007" /><testcase classname="unit.test_cascade_correlation_coverage_90.TestExtendedGetters" name="test_get_candidate_epochs" time="0.007" /><testcase classname="unit.test_cascade_correlation_coverage_90.TestExtendedGetters" name="test_get_candidate_pool_size" time="0.007" /><testcase classname="unit.test_cascade_correlation_coverage_90.TestExtendedGetters" name="test_get_candidate_unit" time="0.006" /><testcase classname="unit.test_cascade_correlation_coverage_90.TestExtendedGetters" name="test_get_correlation_threshold" time="0.017" /><testcase classname="unit.test_cascade_correlation_coverage_90.TestExtendedGetters" name="test_get_display_frequency_epoch" time="0.007" /><testcase classname="unit.test_cascade_correlation_coverage_90.TestExtendedGetters" name="test_get_display_frequency_units" time="0.007" /><testcase classname="unit.test_cascade_correlation_coverage_90.TestExtendedGetters" name="test_get_generate_plots" time="0.007" /><testcase classname="unit.test_cascade_correlation_coverage_90.TestExtendedGetters" name="test_get_hidden_units" time="0.007" /><testcase classname="unit.test_cascade_correlation_coverage_90.TestExtendedGetters" name="test_get_history" time="0.007" /><testcase classname="unit.test_cascade_correlation_coverage_90.TestExtendedGetters" name="test_get_input_size" time="0.007" /><testcase classname="unit.test_cascade_correlation_coverage_90.TestExtendedGetters" name="test_get_learning_rate" time="0.007" /><testcase classname="unit.test_cascade_correlation_coverage_90.TestExtendedGetters" name="test_get_max_hidden_units" time="0.008" /><testcase classname="unit.test_cascade_correlation_coverage_90.TestExtendedGetters" name="test_get_output_bias" time="0.007" /><testcase classname="unit.test_cascade_correlation_coverage_90.TestExtendedGetters" name="test_get_output_epochs" time="0.007" /><testcase classname="unit.test_cascade_correlation_coverage_90.TestExtendedGetters" name="test_get_output_size" time="0.007" /><testcase classname="unit.test_cascade_correlation_coverage_90.TestExtendedGetters" name="test_get_output_weights" time="0.009" /><testcase classname="unit.test_cascade_correlation_coverage_90.TestExtendedGetters" name="test_get_patience" time="0.007" /><testcase classname="unit.test_cascade_correlation_coverage_90.TestExtendedGetters" name="test_get_random_value_scale" time="0.007" /><testcase classname="unit.test_cascade_correlation_coverage_90.TestExtendedGetters" name="test_get_status_display_frequency" time="0.007" /><testcase classname="unit.test_cascade_correlation_coverage_90.TestExtendedGetters" name="test_get_uuid_generates_if_missing" time="0.007" /><testcase classname="unit.test_cascade_correlation_coverage_90.TestErrorHandlingPaths" name="test_add_best_candidate_none" time="0.008" /><testcase classname="unit.test_cascade_correlation_coverage_90.TestErrorHandlingPaths" name="test_calculate_residual_error_safe" time="0.016" /><testcase classname="unit.test_cascade_correlation_coverage_90.TestErrorHandlingPaths" name="test_get_training_results_empty" time="0.572" /><testcase classname="unit.test_cascade_correlation_coverage_90.TestErrorHandlingPaths" name="test_train_candidate_worker_no_task" time="0.120" /><testcase classname="unit.test_cascade_correlation_coverage_90.TestErrorHandlingPaths" name="test_select_best_candidates_empty" time="0.008" /><testcase classname="unit.test_cascade_correlation_coverage_90.TestErrorHandlingPaths" name="test_validate_training_with_inputs" time="0.014" /><testcase classname="unit.test_cascade_correlation_coverage_90.TestErrorHandlingPaths" name="test_retrain_output_layer" time="0.050" /><testcase classname="unit.test_cascade_correlation_coverage_90.TestErrorHandlingPaths" name="test_calculate_train_accuracy" time="0.014" /><testcase classname="unit.test_cascade_correlation_coverage_90.TestHDF5EdgeCases" name="test_verify_hdf5_file_nonexistent" time="0.013" /><testcase classname="unit.test_cascade_correlation_coverage_90.TestHDF5EdgeCases" name="test_create_snapshot_with_dir" time="0.020" /><testcase classname="unit.test_cascade_correlation_coverage_90.TestNetworkConfiguration" name="test_set_learning_rate_with_validation" time="0.008" /><testcase classname="unit.test_cascade_correlation_coverage_90.TestNetworkConfiguration" name="test_set_max_hidden_units_with_validation" time="0.006" /><testcase classname="unit.test_cascade_correlation_coverage_90.TestNetworkConfiguration" name="test_set_output_epochs_with_validation" time="0.006" /><testcase classname="unit.test_cascade_correlation_coverage_90.TestNetworkConfiguration" name="test_set_output_bias_tensor" time="0.011" /><testcase classname="unit.test_cascade_correlation_coverage_90.TestNetworkConfiguration" name="test_set_output_bias_invalid_raises" time="0.006" /><testcase classname="unit.test_cascade_correlation_coverage_90.TestStaticMethods" name="test_plot_worker_functions_exist" time="0.002" /><testcase classname="unit.test_cascade_correlation_coverage_extended.TestActivationWithDerivative" name="test_activation_with_derivative_tanh" time="0.003" /><testcase classname="unit.test_cascade_correlation_coverage_extended.TestActivationWithDerivative" name="test_activation_with_derivative_sigmoid" time="0.003" /><testcase classname="unit.test_cascade_correlation_coverage_extended.TestActivationWithDerivative" name="test_activation_with_derivative_relu" time="0.003" /><testcase classname="unit.test_cascade_correlation_coverage_extended.TestActivationWithDerivative" name="test_activation_with_derivative_numerical" time="0.035" /><testcase classname="unit.test_cascade_correlation_coverage_extended.TestActivationWithDerivative" name="test_activation_with_derivative_pickle" time="0.002" /><testcase classname="unit.test_cascade_correlation_coverage_extended.TestActivationWithDerivative" name="test_activation_with_derivative_repr" time="0.002" /><testcase classname="unit.test_cascade_correlation_coverage_extended.TestActivationWithDerivative" name="test_activation_get_name_from_class" time="0.002" /><testcase classname="unit.test_cascade_correlation_coverage_extended.TestValidationMethods" name="test_validate_tensor_input_none" time="0.005" /><testcase classname="unit.test_cascade_correlation_coverage_extended.TestValidationMethods" name="test_validate_tensor_input_allow_none" time="0.006" /><testcase classname="unit.test_cascade_correlation_coverage_extended.TestValidationMethods" name="test_validate_tensor_input_wrong_type" time="0.006" /><testcase classname="unit.test_cascade_correlation_coverage_extended.TestValidationMethods" name="test_validate_tensor_input_empty" time="0.005" /><testcase classname="unit.test_cascade_correlation_coverage_extended.TestValidationMethods" name="test_validate_tensor_input_allow_empty" time="0.007" /><testcase classname="unit.test_cascade_correlation_coverage_extended.TestValidationMethods" name="test_validate_tensor_input_nan" time="0.025" /><testcase classname="unit.test_cascade_correlation_coverage_extended.TestValidationMethods" name="test_validate_tensor_input_inf" time="0.007" /><testcase classname="unit.test_cascade_correlation_coverage_extended.TestValidationMethods" name="test_validate_tensor_shapes_wrong_dims" time="0.006" /><testcase classname="unit.test_cascade_correlation_coverage_extended.TestValidationMethods" name="test_validate_tensor_shapes_wrong_features" time="0.007" /><testcase classname="unit.test_cascade_correlation_coverage_extended.TestValidationMethods" name="test_validate_tensor_shapes_mismatched_batch" time="0.006" /><testcase classname="unit.test_cascade_correlation_coverage_extended.TestValidationMethods" name="test_validate_numeric_parameter_none" time="0.005" /><testcase classname="unit.test_cascade_correlation_coverage_extended.TestValidationMethods" name="test_validate_numeric_parameter_allow_none" time="0.006" /><testcase classname="unit.test_cascade_correlation_coverage_extended.TestValidationMethods" name="test_validate_numeric_parameter_wrong_type" time="0.005" /><testcase classname="unit.test_cascade_correlation_coverage_extended.TestValidationMethods" name="test_validate_numeric_parameter_out_of_range" time="0.007" /><testcase classname="unit.test_cascade_correlation_coverage_extended.TestValidationMethods" name="test_validate_positive_integer_wrong_type" time="0.022" /><testcase classname="unit.test_cascade_correlation_coverage_extended.TestValidationMethods" name="test_validate_positive_integer_negative" time="0.006" /><testcase classname="unit.test_cascade_correlation_coverage_extended.TestValidationMethods" name="test_validate_positive_integer_allow_zero" time="0.006" /><testcase classname="unit.test_cascade_correlation_coverage_extended.TestEarlyStopping" name="test_check_patience_improved" time="0.006" /><testcase classname="unit.test_cascade_correlation_coverage_extended.TestEarlyStopping" name="test_check_patience_not_improved" time="0.006" /><testcase classname="unit.test_cascade_correlation_coverage_extended.TestEarlyStopping" name="test_check_patience_exhausted" time="0.006" /><testcase classname="unit.test_cascade_correlation_coverage_extended.TestEarlyStopping" name="test_check_hidden_units_max_not_reached" time="0.006" /><testcase classname="unit.test_cascade_correlation_coverage_extended.TestEarlyStopping" name="test_check_hidden_units_max_reached" time="0.007" /><testcase classname="unit.test_cascade_correlation_coverage_extended.TestEarlyStopping" name="test_check_training_accuracy_reached" time="0.007" /><testcase classname="unit.test_cascade_correlation_coverage_extended.TestEarlyStopping" name="test_check_training_accuracy_not_reached" time="0.005" /><testcase classname="unit.test_cascade_correlation_coverage_extended.TestEarlyStopping" name="test_evaluate_early_stopping_no_early_stopping" time="0.006" /><testcase classname="unit.test_cascade_correlation_coverage_extended.TestEarlyStopping" name="test_evaluate_early_stopping_accuracy_reached" time="0.005" /><testcase classname="unit.test_cascade_correlation_coverage_extended.TestAccuracyAndPrediction" name="test_accuracy_valid" time="0.006" /><testcase classname="unit.test_cascade_correlation_coverage_extended.TestAccuracyAndPrediction" name="test_accuracy_partial_correct" time="0.007" /><testcase classname="unit.test_cascade_correlation_coverage_extended.TestAccuracyAndPrediction" name="test_accuracy_empty_batch" time="0.009" /><testcase classname="unit.test_cascade_correlation_coverage_extended.TestAccuracyAndPrediction" name="test_accuracy_missing_inputs" time="0.006" /><testcase classname="unit.test_cascade_correlation_coverage_extended.TestAccuracyAndPrediction" name="test_accuracy_wrong_type" time="0.006" /><testcase classname="unit.test_cascade_correlation_coverage_extended.TestAccuracyAndPrediction" name="test_predict_valid" time="0.009" /><testcase classname="unit.test_cascade_correlation_coverage_extended.TestAccuracyAndPrediction" name="test_predict_classes_valid" time="0.009" /><testcase classname="unit.test_cascade_correlation_coverage_extended.TestAccuracyAndPrediction" name="test_calculate_accuracy_valid" time="0.017" /><testcase classname="unit.test_cascade_correlation_coverage_extended.TestAccuracyAndPrediction" name="test_calculate_accuracy_mismatched_shapes" time="0.008" /><testcase classname="unit.test_cascade_correlation_coverage_extended.TestResidualError" name="test_calculate_residual_error_valid" time="0.016" /><testcase classname="unit.test_cascade_correlation_coverage_extended.TestResidualError" name="test_calculate_residual_error_none_input" time="0.007" /><testcase classname="unit.test_cascade_correlation_coverage_extended.TestResidualError" name="test_calculate_residual_error_mismatched_batch" time="0.006" /><testcase classname="unit.test_cascade_correlation_coverage_extended.TestResidualError" name="test_calculate_residual_error_safe_none" time="0.006" /><testcase classname="unit.test_cascade_correlation_coverage_extended.TestResidualError" name="test_calculate_residual_error_safe_empty" time="0.006" /><testcase classname="unit.test_cascade_correlation_coverage_extended.TestHDF5Serialization" name="test_save_to_hdf5_basic" time="0.019" /><testcase classname="unit.test_cascade_correlation_coverage_extended.TestHDF5Serialization" name="test_load_from_hdf5_basic" time="0.028" /><testcase classname="unit.test_cascade_correlation_coverage_extended.TestHDF5Serialization" name="test_create_snapshot" time="0.026" /><testcase classname="unit.test_cascade_correlation_coverage_extended.TestHDF5Serialization" name="test_list_hdf5_snapshots" time="0.010" /><testcase classname="unit.test_cascade_correlation_coverage_extended.TestHDF5Serialization" name="test_list_hdf5_snapshots_nonexistent" time="0.008" /><testcase classname="unit.test_cascade_correlation_coverage_extended.TestHDF5Serialization" name="test_verify_hdf5_file_nonexistent" time="0.007" /><testcase classname="unit.test_cascade_correlation_coverage_extended.TestNetworkSummary" name="test_summary_empty_network" time="0.015" /><testcase classname="unit.test_cascade_correlation_coverage_extended.TestNetworkSummary" name="test_summary_with_hidden_units" time="0.007" /><testcase classname="unit.test_cascade_correlation_coverage_extended.TestNetworkSummary" name="test_summary_with_history" time="0.063" /><testcase classname="unit.test_cascade_correlation_coverage_extended.TestGettersSetters" name="test_get_uuid" time="0.006" /><testcase classname="unit.test_cascade_correlation_coverage_extended.TestGettersSetters" name="test_set_learning_rate_valid" time="0.006" /><testcase classname="unit.test_cascade_correlation_coverage_extended.TestGettersSetters" name="test_set_learning_rate_invalid" time="0.006" /><testcase classname="unit.test_cascade_correlation_coverage_extended.TestGettersSetters" name="test_set_max_hidden_units_valid" time="0.007" /><testcase classname="unit.test_cascade_correlation_coverage_extended.TestGettersSetters" name="test_set_max_hidden_units_invalid" time="0.005" /><testcase classname="unit.test_cascade_correlation_coverage_extended.TestGettersSetters" name="test_set_output_epochs_valid" time="0.007" /><testcase classname="unit.test_cascade_correlation_coverage_extended.TestGettersSetters" name="test_set_output_bias_tensor" time="0.009" /><testcase classname="unit.test_cascade_correlation_coverage_extended.TestGettersSetters" name="test_set_output_bias_invalid" time="0.006" /><testcase classname="unit.test_cascade_correlation_coverage_extended.TestGettersSetters" name="test_getters_return_correct_values" time="0.006" /><testcase classname="unit.test_cascade_correlation_coverage_extended.TestGettersSetters" name="test_multiprocessing_getters" time="0.006" /><testcase classname="unit.test_cascade_correlation_coverage_extended.TestGettersSetters" name="test_setters_basic" time="0.006" /><testcase classname="unit.test_cascade_correlation_coverage_extended.TestFactoryMethods" name="test_create_simple_network" time="0.023" /><testcase classname="unit.test_cascade_correlation_coverage_extended.TestFactoryMethods" name="test_create_candidate_unit" time="0.009" /><testcase classname="unit.test_cascade_correlation_coverage_extended.TestFactoryMethods" name="test_create_candidate_unit_with_uuid" time="0.009" /><testcase classname="unit.test_cascade_correlation_coverage_extended.TestPickleState" name="test_getstate_removes_non_picklable" time="0.006" /><testcase classname="unit.test_cascade_correlation_coverage_extended.TestPickleState" name="test_setstate_restores_objects" time="0.015" /><testcase classname="unit.test_cascade_correlation_coverage_extended.TestOptimizerCreation" name="test_create_optimizer_adam" time="0.007" /><testcase classname="unit.test_cascade_correlation_coverage_extended.TestOptimizerCreation" name="test_create_optimizer_sgd" time="0.006" /><testcase classname="unit.test_cascade_correlation_coverage_extended.TestOptimizerCreation" name="test_create_optimizer_unknown_type" time="0.006" /><testcase classname="unit.test_cascade_correlation_coverage_extended.TestStaticMethods" name="test_get_activation_function_default" time="0.002" /><testcase classname="unit.test_cascade_correlation_coverage_extended.TestStaticMethods" name="test_get_activation_function_tanh" time="0.003" /><testcase classname="unit.test_cascade_correlation_coverage_extended.TestStaticMethods" name="test_plot_dataset_static" time="0.043" /><testcase classname="unit.test_cascade_correlation_coverage_extended.TestCandidateResultsProcessing" name="test_get_candidates_data" time="0.008" /><testcase classname="unit.test_cascade_correlation_coverage_extended.TestCandidateResultsProcessing" name="test_get_single_candidate_data" time="0.013" /><testcase classname="unit.test_cascade_correlation_coverage_extended.TestCandidateResultsProcessing" name="test_get_single_candidate_data_out_of_bounds" time="0.006" /><testcase classname="unit.test_cascade_correlation_coverage_extended.TestCandidateResultsProcessing" name="test_get_candidates_data_count" time="0.006" /><testcase classname="unit.test_cascade_correlation_coverage_extended.TestCandidateResultsProcessing" name="test_get_dummy_results" time="0.008" /><testcase classname="unit.test_cascade_correlation_coverage_extended.TestMultiprocessingManager" name="test_start_stop_manager" time="0.959" /><testcase classname="unit.test_cascade_correlation_coverage_extended.TestMultiprocessingManager" name="test_start_manager_already_started" time="1.003" /><testcase classname="unit.test_cascade_correlation_coverage_extended.TestMultiprocessingManager" name="test_stop_manager_not_started" time="0.008" /><testcase classname="unit.test_cascade_correlation_coverage_extended.TestCandidateTrainingManager" name="test_manager_start_invalid_method" time="0.003" /><testcase classname="unit.test_cascade_correlation_coverage_extended.TestCandidateTrainingManager" name="test_manager_start_unsupported_method" time="0.003" /><testcase classname="unit.test_cascade_correlation_coverage_extended.TestValidateTraining" name="test_validate_training_without_validation_data" time="0.018" /><testcase classname="unit.test_cascade_correlation_coverage_extended.TestValidateTraining" name="test_validate_training_with_validation_data" time="0.021" /><testcase classname="unit.test_cascade_correlation_coverage_extended.TestAddUnit" name="test_add_unit_basic" time="0.019" /><testcase classname="unit.test_cascade_correlation_coverage_extended.TestAddUnit" name="test_add_unit_updates_weights" time="0.021" /><testcase classname="unit.test_cascade_correlation_coverage_extended.TestSelectBestCandidates" name="test_select_best_candidates" time="0.007" /><testcase classname="unit.test_cascade_correlation_coverage_extended.TestSelectBestCandidates" name="test_select_best_candidates_with_threshold" time="0.006" /><testcase classname="unit.test_cascade_correlation_coverage_extended.TestQueueFactoryFunctions" name="test_create_task_queue" time="0.003" /><testcase classname="unit.test_cascade_correlation_coverage_extended.TestQueueFactoryFunctions" name="test_create_result_queue" time="0.003" /><testcase classname="unit.test_cascade_correlation_coverage_extended.TestFitValidation" name="test_fit_conflicting_epochs" time="0.008" /><testcase classname="unit.test_cascade_correlation_coverage_extended.TestFitValidation" name="test_fit_wrong_output_size" time="0.008" /><testcase classname="unit.test_cascade_correlation_coverage_extended.TestFitValidation" name="test_fit_early_stopping_not_bool" time="0.009" /><testcase classname="unit.test_cascade_correlation_coverage_extended.TestFitValidation" name="test_fit_empty_dataset" time="0.006" /><testcase classname="unit.test_cascade_correlation_coverage_extended.TestFitValidation" name="test_fit_y_val_without_x_val" time="0.008" /><testcase classname="unit.test_cascor_fix" name="test_sequential_candidate_training" time="0.266" /><testcase classname="unit.test_cascor_fix" name="test_individual_candidates" time="0.274" /><testcase classname="unit.test_cascor_getters_setters.TestCascorGetters" name="test_get_uuid_returns_string" time="0.005" /><testcase classname="unit.test_cascor_getters_setters.TestCascorGetters" name="test_get_activation_fn" time="0.005" /><testcase classname="unit.test_cascor_getters_setters.TestCascorGetters" name="test_get_candidate_training_queue_authkey" time="0.005" /><testcase classname="unit.test_cascor_getters_setters.TestCascorGetters" name="test_get_candidate_training_queue_address" time="0.005" /><testcase classname="unit.test_cascor_getters_setters.TestCascorGetters" name="test_get_candidate_training_tasks_queue_timeout" time="0.005" /><testcase classname="unit.test_cascor_getters_setters.TestCascorGetters" name="test_get_candidate_training_shutdown_timeout" time="0.005" /><testcase classname="unit.test_cascor_getters_setters.TestCascorSetters" name="test_set_activation_fn" time="0.006" /><testcase classname="unit.test_cascor_getters_setters.TestCascorSetters" name="test_set_activation_fn_no_diff" time="0.006" /><testcase classname="unit.test_cascor_getters_setters.TestCascorSetters" name="test_set_candidate_training_queue_authkey" time="0.006" /><testcase classname="unit.test_cascor_getters_setters.TestCascorSetters" name="test_set_candidate_training_queue_address" time="0.008" /><testcase classname="unit.test_cascor_getters_setters.TestCascorSetters" name="test_set_candidate_training_tasks_queue_timeout" time="0.007" /><testcase classname="unit.test_cascor_getters_setters.TestCascorSetters" name="test_set_candidate_training_shutdown_timeout" time="0.009" /><testcase classname="unit.test_cascor_getters_setters.TestCandidateDataHelpers" name="test_get_candidates_data_empty_list" time="0.009" /><testcase classname="unit.test_cascor_getters_setters.TestCandidateDataHelpers" name="test_get_candidates_data_with_results" time="0.008" /><testcase classname="unit.test_cascor_getters_setters.TestCandidateDataHelpers" name="test_get_single_candidate_data" time="0.008" /><testcase classname="unit.test_cascor_getters_setters.TestCandidateDataHelpers" name="test_get_single_candidate_data_not_found" time="0.007" /><testcase classname="unit.test_cascor_getters_setters.TestCandidateDataHelpers" name="test_get_candidates_data_count_all_success" time="0.008" /><testcase classname="unit.test_cascor_getters_setters.TestCandidateDataHelpers" name="test_get_candidates_data_count_none_match" time="0.008" /><testcase classname="unit.test_cascor_getters_setters.TestCandidateDataHelpers" name="test_get_candidates_error_messages" time="0.007" /><testcase classname="unit.test_cascor_getters_setters.TestNetworkProperties" name="test_input_size_property" time="0.007" /><testcase classname="unit.test_cascor_getters_setters.TestNetworkProperties" name="test_output_size_property" time="0.007" /><testcase classname="unit.test_cascor_getters_setters.TestNetworkProperties" name="test_hidden_units_starts_empty" time="0.006" /><testcase classname="unit.test_cascor_getters_setters.TestNetworkProperties" name="test_history_initialized" time="0.006" /><testcase classname="unit.test_cascor_getters_setters.TestNetworkProperties" name="test_learning_rate_property" time="0.008" /><testcase classname="unit.test_cascor_getters_setters.TestNetworkProperties" name="test_output_weights_shape" time="0.006" /><testcase classname="unit.test_cascor_getters_setters.TestNetworkProperties" name="test_output_bias_shape" time="0.007" /><testcase classname="unit.test_cascor_getters_setters.TestCreateCandidateUnit" name="test_create_candidate_unit_basic" time="0.010" /><testcase classname="unit.test_cascor_getters_setters.TestCreateCandidateUnit" name="test_create_candidate_unit_with_uuid" time="0.011" /><testcase classname="unit.test_cascor_getters_setters.TestCreateCandidateUnit" name="test_create_candidate_unit_with_custom_input_size" time="0.010" /><testcase classname="unit.test_cascor_getters_setters.TestSelectBestCandidates" name="test_select_best_candidates_empty" time="0.007" /><testcase classname="unit.test_cascor_getters_setters.TestSelectBestCandidates" name="test_select_best_candidates_single" time="0.007" /><testcase classname="unit.test_cascor_getters_setters.TestSelectBestCandidates" name="test_select_best_candidates_multiple" time="0.007" /><testcase classname="unit.test_cascor_getters_setters.TestSelectBestCandidates" name="test_select_best_candidates_negative_correlation" time="0.007" /><testcase classname="unit.test_cascor_plotter_coverage.TestCascadeCorrelationPlotterInit" name="test_init_default_logger" time="0.002" /><testcase classname="unit.test_cascor_plotter_coverage.TestCascadeCorrelationPlotterInit" name="test_init_custom_logger" time="0.005" /><testcase classname="unit.test_cascor_plotter_coverage.TestCascadeCorrelationPlotterPickle" name="test_getstate_removes_logger" time="0.003" /><testcase classname="unit.test_cascor_plotter_coverage.TestCascadeCorrelationPlotterPickle" name="test_setstate_restores_logger" time="0.002" /><testcase classname="unit.test_cascor_plotter_coverage.TestPlotDataset" name="test_plot_dataset_invalid_type" time="0.003" /><testcase classname="unit.test_cascor_plotter_coverage.TestPlotDataset" name="test_plot_dataset_wrong_features" time="0.004" /><testcase classname="unit.test_cascor_plotter_coverage.TestPlotDataset" name="test_plot_dataset_valid" time="0.014" /><testcase classname="unit.test_cascor_plotter_coverage.TestPlotDecisionBoundary" name="test_plot_decision_boundary_plotting_disabled" time="0.014" /><testcase classname="unit.test_cascor_plotter_coverage.TestPlotDecisionBoundary" name="test_plot_decision_boundary_none_inputs" time="0.003" /><testcase classname="unit.test_cascor_plotter_coverage.TestPlotDecisionBoundary" name="test_plot_decision_boundary_invalid_types" time="0.003" /><testcase classname="unit.test_cascor_plotter_coverage.TestPlotDecisionBoundary" name="test_plot_decision_boundary_wrong_features" time="0.003" /><testcase classname="unit.test_cascor_plotter_coverage.TestPlotTrainingHistory" name="test_plot_training_history_invalid_type" time="0.013" /><testcase classname="unit.test_cascor_plotter_coverage.TestPlotTrainingHistory" name="test_plot_training_history_empty" time="0.003" /><testcase classname="unit.test_cascor_plotter_coverage.TestPlotTrainingHistory" name="test_plot_training_history_missing_train_loss" time="0.003" /><testcase classname="unit.test_cascor_plotter_coverage.TestPlotTrainingHistory" name="test_plot_training_history_valid" time="0.020" /><testcase classname="unit.test_cascor_plotter_coverage.TestPlotHeadings" name="test_plot_headings_invalid_plot" time="0.003" /><testcase classname="unit.test_cascor_plotter_coverage.TestPlotHeadings" name="test_plot_headings_invalid_title" time="0.003" /><testcase classname="unit.test_cascor_plotter_coverage.TestPlotHeadings" name="test_plot_headings_invalid_x_label" time="0.003" /><testcase classname="unit.test_cascor_plotter_coverage.TestPlotHeadings" name="test_plot_headings_invalid_y_label" time="0.003" /><testcase classname="unit.test_cascor_plotter_coverage.TestPlotHeadings" name="test_plot_headings_valid_with_legend" time="0.005" /><testcase classname="unit.test_cascor_plotter_coverage.TestPlotHeadings" name="test_plot_headings_valid_no_legend" time="0.005" /><testcase classname="unit.test_cascor_plotter_extended.TestPlotDecisionBoundaryFullPath" name="test_plot_decision_boundary_full_execution" time="0.015" /><testcase classname="unit.test_cascor_plotter_extended.TestPlotDecisionBoundaryFullPath" name="test_plot_decision_boundary_multiple_classes" time="0.012" /><testcase classname="unit.test_cascor_plotter_extended.TestPlotDecisionBoundaryFullPath" name="test_plot_decision_boundary_calls_plot_headings" time="0.007" /><testcase classname="unit.test_cascor_plotter_extended.TestPlotHeadingsMissingMethods" name="test_plot_headings_invalid_plot_type" time="0.003" /><testcase classname="unit.test_cascor_plotter_extended.TestPlotHeadingsMissingMethods" name="test_plot_headings_string_plot" time="0.002" /><testcase classname="unit.test_cascor_plotter_extended.TestPlotHeadingsMissingMethods" name="test_plot_headings_number_plot" time="0.002" /><testcase classname="unit.test_cascor_plotter_extended.TestPlotHeadingsMissingMethods" name="test_plot_headings_list_plot" time="0.002" /><testcase classname="unit.test_cascor_plotter_extended.TestPlotTrainingHistoryExtended" name="test_plot_training_history_no_validation_data" time="0.042" /><testcase classname="unit.test_cascor_plotter_extended.TestPlotTrainingHistoryExtended" name="test_plot_training_history_empty_hidden_units" time="0.143" /><testcase classname="unit.test_cascor_plotter_extended.TestPlotTrainingHistoryExtended" name="test_plot_training_history_empty_validation_lists" time="0.013" /><testcase classname="unit.test_cascor_plotter_extended.TestPlotDatasetExtended" name="test_plot_dataset_single_class" time="0.007" /><testcase classname="unit.test_cascor_plotter_extended.TestPlotDatasetExtended" name="test_plot_dataset_many_classes" time="0.007" /><testcase classname="unit.test_config_and_exceptions.TestCascadeCorrelationConfig" name="test_config_default_values" time="0.003" /><testcase classname="unit.test_config_and_exceptions.TestCascadeCorrelationConfig" name="test_config_custom_input_size" time="0.003" /><testcase classname="unit.test_config_and_exceptions.TestCascadeCorrelationConfig" name="test_config_custom_output_size" time="0.003" /><testcase classname="unit.test_config_and_exceptions.TestCascadeCorrelationConfig" name="test_config_learning_rate" time="0.003" /><testcase classname="unit.test_config_and_exceptions.TestCascadeCorrelationConfig" name="test_config_max_hidden_units" time="0.003" /><testcase classname="unit.test_config_and_exceptions.TestCascadeCorrelationConfig" name="test_config_candidate_pool_size" time="0.004" /><testcase classname="unit.test_config_and_exceptions.TestCascadeCorrelationConfig" name="test_config_candidate_epochs" time="0.003" /><testcase classname="unit.test_config_and_exceptions.TestCascadeCorrelationConfig" name="test_config_output_epochs" time="0.003" /><testcase classname="unit.test_config_and_exceptions.TestCascadeCorrelationConfig" name="test_config_correlation_threshold" time="0.003" /><testcase classname="unit.test_config_and_exceptions.TestCascadeCorrelationConfig" name="test_config_patience" time="0.003" /><testcase classname="unit.test_config_and_exceptions.TestCascadeCorrelationConfig" name="test_config_random_seed" time="0.003" /><testcase classname="unit.test_config_and_exceptions.TestCascadeCorrelationConfig" name="test_config_activation_function_name" time="0.003" /><testcase classname="unit.test_config_and_exceptions.TestCascadeCorrelationConfig" name="test_config_to_dict" time="0.003" /><testcase classname="unit.test_config_and_exceptions.TestCascadeCorrelationExceptions" name="test_configuration_error" time="0.003" /><testcase classname="unit.test_config_and_exceptions.TestCascadeCorrelationExceptions" name="test_training_error" time="0.003" /><testcase classname="unit.test_config_and_exceptions.TestCascadeCorrelationExceptions" name="test_validation_error" time="0.003" /><testcase classname="unit.test_config_and_exceptions.TestCascadeCorrelationExceptions" name="test_exception_messages" time="0.003" /><testcase classname="unit.test_config_and_exceptions.TestConfigValidation" name="test_config_with_zero_input_size" time="0.003" /><testcase classname="unit.test_config_and_exceptions.TestConfigValidation" name="test_config_with_negative_learning_rate" time="0.003" /><testcase classname="unit.test_config_and_exceptions.TestNetworkWithConfig" name="test_network_from_config" time="0.007" /><testcase classname="unit.test_config_and_exceptions.TestNetworkWithConfig" name="test_network_with_all_config_options" time="0.007" /><testcase classname="unit.test_critical_fixes" name="test_1_dataclass_fields" time="0.003" /><testcase classname="unit.test_critical_fixes" name="test_2_network_creation" time="0.008" /><testcase classname="unit.test_critical_fixes" name="test_3_candidate_training" time="0.096" /><testcase classname="unit.test_critical_fixes" name="test_4_get_single_candidate_data" time="0.007" /><testcase classname="unit.test_critical_fixes" name="test_5_training_results_dataclass" time="0.002" /><testcase classname="unit.test_final" name="test_candidate_units_simple" time="0.283" /><testcase classname="unit.test_forward_pass.TestForwardPassBasics" name="test_forward_pass_no_hidden_units" time="0.009" /><testcase classname="unit.test_forward_pass.TestForwardPassBasics" name="test_forward_pass_single_hidden_unit" time="0.014" /><testcase classname="unit.test_forward_pass.TestForwardPassBasics" name="test_forward_pass_multiple_hidden_units" time="0.014" /><testcase classname="unit.test_forward_pass.TestForwardPassBasics" name="test_forward_pass_deterministic" time="0.013" /><testcase classname="unit.test_forward_pass.TestForwardPassShapes" name="test_forward_pass_batch_sizes[1]" time="0.010" /><testcase classname="unit.test_forward_pass.TestForwardPassShapes" name="test_forward_pass_batch_sizes[5]" time="0.008" /><testcase classname="unit.test_forward_pass.TestForwardPassShapes" name="test_forward_pass_batch_sizes[10]" time="0.009" /><testcase classname="unit.test_forward_pass.TestForwardPassShapes" name="test_forward_pass_batch_sizes[50]" time="0.010" /><testcase classname="unit.test_forward_pass.TestForwardPassShapes" name="test_forward_pass_input_sizes[1]" time="0.008" /><testcase classname="unit.test_forward_pass.TestForwardPassShapes" name="test_forward_pass_input_sizes[2]" time="0.008" /><testcase classname="unit.test_forward_pass.TestForwardPassShapes" name="test_forward_pass_input_sizes[5]" time="0.008" /><testcase classname="unit.test_forward_pass.TestForwardPassShapes" name="test_forward_pass_input_sizes[10]" time="0.009" /><testcase classname="unit.test_forward_pass.TestForwardPassShapes" name="test_forward_pass_output_sizes[1]" time="0.008" /><testcase classname="unit.test_forward_pass.TestForwardPassShapes" name="test_forward_pass_output_sizes[2]" time="0.009" /><testcase classname="unit.test_forward_pass.TestForwardPassShapes" name="test_forward_pass_output_sizes[5]" time="0.007" /><testcase classname="unit.test_forward_pass.TestForwardPassShapes" name="test_forward_pass_output_sizes[10]" time="0.009" /><testcase classname="unit.test_forward_pass.TestForwardPassValidation" name="test_forward_pass_invalid_input_shape" time="0.007" /><testcase classname="unit.test_forward_pass.TestForwardPassValidation" name="test_forward_pass_1d_input" time="0.008" /><testcase classname="unit.test_forward_pass.TestForwardPassValidation" name="test_forward_pass_empty_input" time="0.012" /><testcase classname="unit.test_forward_pass.TestForwardPassValidation" name="test_forward_pass_nan_input" time="0.013" /><testcase classname="unit.test_forward_pass.TestForwardPassCascading" name="test_cascading_connections" time="0.016" /><testcase classname="unit.test_forward_pass.TestForwardPassCascading" name="test_hidden_unit_output_shapes" time="0.010" /><testcase classname="unit.test_forward_pass.TestForwardPassGradients" name="test_forward_pass_gradients_enabled" time="0.014" /><testcase classname="unit.test_forward_pass.TestForwardPassGradients" name="test_forward_pass_no_grad" time="0.014" /><testcase classname="unit.test_forward_pass.TestForwardPassActivationFunctions" name="test_forward_pass_different_activations[tanh]" time="0.014" /><testcase classname="unit.test_forward_pass.TestForwardP
[...]
rage.TestVerifySnapshot" name="test_verify_snapshot_valid" time="0.009" /><testcase classname="unit.test_snapshot_cli_coverage.TestVerifySnapshot" name="test_verify_snapshot_invalid" time="0.004" /><testcase classname="unit.test_snapshot_cli_coverage.TestVerifySnapshot" name="test_verify_snapshot_exception" time="0.004" /><testcase classname="unit.test_snapshot_cli_coverage.TestCompareSnapshots" name="test_compare_snapshots_comparable" time="0.011" /><testcase classname="unit.test_snapshot_cli_coverage.TestCompareSnapshots" name="test_compare_snapshots_different_architecture" time="0.004" /><testcase classname="unit.test_snapshot_cli_coverage.TestCompareSnapshots" name="test_compare_snapshots_not_comparable" time="0.004" /><testcase classname="unit.test_snapshot_cli_coverage.TestCompareSnapshots" name="test_compare_snapshots_exception" time="0.004" /><testcase classname="unit.test_snapshot_cli_coverage.TestCleanupOldSnapshots" name="test_cleanup_old_snapshots_success" time="0.006" /><testcase classname="unit.test_snapshot_cli_coverage.TestCleanupOldSnapshots" name="test_cleanup_old_snapshots_no_files_deleted" time="0.004" /><testcase classname="unit.test_snapshot_cli_coverage.TestCleanupOldSnapshots" name="test_cleanup_old_snapshots_exception" time="0.004" /><testcase classname="unit.test_snapshot_cli_coverage.TestMainCLI" name="test_main_no_command" time="0.014" /><testcase classname="unit.test_snapshot_cli_coverage.TestMainCLI" name="test_main_save_command" time="0.009" /><testcase classname="unit.test_snapshot_cli_coverage.TestMainCLI" name="test_main_save_command_with_training" time="0.009" /><testcase classname="unit.test_snapshot_cli_coverage.TestMainCLI" name="test_main_load_command" time="0.013" /><testcase classname="unit.test_snapshot_cli_coverage.TestMainCLI" name="test_main_load_command_with_output" time="0.008" /><testcase classname="unit.test_snapshot_cli_coverage.TestMainCLI" name="test_main_list_command" time="0.008" /><testcase classname="unit.test_snapshot_cli_coverage.TestMainCLI" name="test_main_verify_command" time="0.007" /><testcase classname="unit.test_snapshot_cli_coverage.TestMainCLI" name="test_main_compare_command" time="0.007" /><testcase classname="unit.test_snapshot_cli_coverage.TestMainCLI" name="test_main_cleanup_command" time="0.008" /><testcase classname="unit.test_snapshot_cli_coverage.TestMainCLI" name="test_main_cleanup_command_with_keep" time="0.015" /><testcase classname="unit.test_snapshot_cli_coverage.TestMainCLI" name="test_main_command_failure" time="0.007" /><testcase classname="unit.test_snapshot_cli_coverage.TestMainCLI" name="test_main_unexpected_exception" time="0.006" /><testcase classname="unit.test_snapshot_common_coverage.TestWriteStrAttr" name="test_write_str_attr_basic" time="0.004" /><testcase classname="unit.test_snapshot_common_coverage.TestWriteStrAttr" name="test_write_str_attr_none_value" time="0.004" /><testcase classname="unit.test_snapshot_common_coverage.TestWriteStrAttr" name="test_write_str_attr_to_dataset" time="0.004" /><testcase classname="unit.test_snapshot_common_coverage.TestWriteStrAttr" name="test_write_str_attr_integer_value" time="0.004" /><testcase classname="unit.test_snapshot_common_coverage.TestReadStrAttr" name="test_read_str_attr_basic" time="0.005" /><testcase classname="unit.test_snapshot_common_coverage.TestReadStrAttr" name="test_read_str_attr_missing_key" time="0.005" /><testcase classname="unit.test_snapshot_common_coverage.TestReadStrAttr" name="test_read_str_attr_missing_key_with_default" time="0.005" /><testcase classname="unit.test_snapshot_common_coverage.TestReadStrAttr" name="test_read_str_attr_bytes_value" time="0.005" /><testcase classname="unit.test_snapshot_common_coverage.TestReadStrAttr" name="test_read_str_attr_np_bytes_value" time="0.005" /><testcase classname="unit.test_snapshot_common_coverage.TestReadStrAttr" name="test_read_str_attr_non_bytes_value" time="0.004" /><testcase classname="unit.test_snapshot_common_coverage.TestReadStrAttr" name="test_read_str_attr_decode_error_fallback" time="0.006" /><testcase classname="unit.test_snapshot_common_coverage.TestWriteStrDataset" name="test_write_str_dataset_basic" time="0.005" /><testcase classname="unit.test_snapshot_common_coverage.TestWriteStrDataset" name="test_write_str_dataset_overwrites_existing" time="0.005" /><testcase classname="unit.test_snapshot_common_coverage.TestWriteStrDataset" name="test_write_str_dataset_filters_compression_kwargs" time="0.005" /><testcase classname="unit.test_snapshot_common_coverage.TestReadStrDataset" name="test_read_str_dataset_basic" time="0.005" /><testcase classname="unit.test_snapshot_common_coverage.TestReadStrDataset" name="test_read_str_dataset_missing" time="0.004" /><testcase classname="unit.test_snapshot_common_coverage.TestReadStrDataset" name="test_read_str_dataset_missing_with_default" time="0.005" /><testcase classname="unit.test_snapshot_common_coverage.TestReadStrDataset" name="test_read_str_dataset_bytes_fallback" time="0.006" /><testcase classname="unit.test_snapshot_common_coverage.TestSaveTensor" name="test_save_tensor_basic" time="0.006" /><testcase classname="unit.test_snapshot_common_coverage.TestSaveTensor" name="test_save_tensor_with_requires_grad" time="0.006" /><testcase classname="unit.test_snapshot_common_coverage.TestSaveTensor" name="test_save_tensor_custom_compression" time="0.005" /><testcase classname="unit.test_snapshot_common_coverage.TestLoadTensor" name="test_load_tensor_basic" time="0.007" /><testcase classname="unit.test_snapshot_common_coverage.TestLoadTensor" name="test_load_tensor_preserves_requires_grad" time="0.006" /><testcase classname="unit.test_snapshot_common_coverage.TestLoadTensor" name="test_load_tensor_without_requires_grad_attr" time="0.005" /><testcase classname="unit.test_snapshot_common_coverage.TestLoadTensor" name="test_load_tensor_cpu_device_fallback" time="0.006" /><testcase classname="unit.test_snapshot_common_coverage.TestSaveNumpyArray" name="test_save_numpy_array_basic" time="0.006" /><testcase classname="unit.test_snapshot_common_coverage.TestSaveNumpyArray" name="test_save_numpy_array_custom_compression" time="0.006" /><testcase classname="unit.test_snapshot_common_coverage.TestLoadNumpyArray" name="test_load_numpy_array_basic" time="0.007" /><testcase classname="unit.test_snapshot_common_coverage.TestValidateTensorDataset" name="test_validate_valid_tensor_dataset" time="0.009" /><testcase classname="unit.test_snapshot_common_coverage.TestValidateTensorDataset" name="test_validate_missing_tensor_type_attr" time="0.005" /><testcase classname="unit.test_snapshot_common_coverage.TestValidateTensorDataset" name="test_validate_wrong_tensor_type" time="0.005" /><testcase classname="unit.test_snapshot_common_coverage.TestValidateTensorDataset" name="test_validate_shape_mismatch" time="0.006" /><testcase classname="unit.test_snapshot_common_coverage.TestValidateTensorDataset" name="test_validate_exception_handling" time="0.004" /><testcase classname="unit.test_snapshot_common_coverage.TestCalculateTensorChecksum" name="test_calculate_checksum_basic" time="0.002" /><testcase classname="unit.test_snapshot_common_coverage.TestCalculateTensorChecksum" name="test_calculate_checksum_deterministic" time="0.002" /><testcase classname="unit.test_snapshot_common_coverage.TestCalculateTensorChecksum" name="test_calculate_checksum_different_tensors" time="0.002" /><testcase classname="unit.test_snapshot_common_coverage.TestVerifyTensorChecksum" name="test_verify_checksum_match" time="0.002" /><testcase classname="unit.test_snapshot_common_coverage.TestVerifyTensorChecksum" name="test_verify_checksum_mismatch" time="0.003" /><testcase classname="unit.test_snapshot_common_extended.TestReadStrAttrDecodeFailure" name="test_decode_unicode_error_falls_back_to_str" time="0.003" /><testcase classname="unit.test_snapshot_common_extended.TestReadStrAttrDecodeFailure" name="test_decode_attribute_error_falls_back_to_str" time="0.003" /><testcase classname="unit.test_snapshot_common_extended.TestReadStrAttrDecodeFailure" name="test_object_with_decode_that_raises" time="0.002" /><testcase classname="unit.test_snapshot_common_extended.TestReadStrDatasetAsstrFailure" name="test_asstr_attribute_error_falls_back_to_manual_decode" time="0.003" /><testcase classname="unit.test_snapshot_common_extended.TestReadStrDatasetAsstrFailure" name="test_asstr_type_error_falls_back_to_manual_decode" time="0.003" /><testcase classname="unit.test_snapshot_common_extended.TestReadStrDatasetAsstrFailure" name="test_fallback_with_np_bytes_value" time="0.004" /><testcase classname="unit.test_snapshot_common_extended.TestReadStrDatasetAsstrFailure" name="test_fallback_with_non_bytes_value" time="0.004" /><testcase classname="unit.test_snapshot_common_extended.TestLoadTensorCudaFailure" name="test_cuda_runtime_error_suppressed_returns_cpu_tensor" time="0.007" /><testcase classname="unit.test_snapshot_common_extended.TestLoadTensorCudaFailure" name="test_cuda_available_but_device_transfer_fails" time="0.006" /><testcase classname="unit.test_snapshot_common_extended.TestLoadTensorCudaFailure" name="test_cpu_device_no_transfer_attempted" time="0.005" /><testcase classname="unit.test_snapshot_common_extended.TestLoadTensorCudaFailure" name="test_cuda_not_available_no_transfer_attempted" time="0.005" /><testcase classname="unit.test_snapshot_common_extended.TestLoadTensorCudaFailure" name="test_no_device_attr_defaults_to_cpu" time="0.005" /><testcase classname="unit.test_snapshot_serializer.TestSerializerInit" name="test_serializer_creates_with_defaults" time="0.002" /><testcase classname="unit.test_snapshot_serializer.TestSerializerInit" name="test_serializer_has_logger" time="0.003" /><testcase classname="unit.test_snapshot_serializer.TestSaveObject" name="test_save_object_creates_file" time="0.017" /><testcase classname="unit.test_snapshot_serializer.TestSaveObject" name="test_save_object_with_compression" time="0.019" /><testcase classname="unit.test_snapshot_serializer.TestSaveObject" name="test_save_object_creates_parent_directories" time="0.093" /><testcase classname="unit.test_snapshot_serializer.TestSaveNetwork" name="test_save_network_basic" time="0.015" /><testcase classname="unit.test_snapshot_serializer.TestSaveNetwork" name="test_save_network_with_training_state" time="0.016" /><testcase classname="unit.test_snapshot_serializer.TestSaveNetwork" name="test_save_network_with_training_data" time="0.021" /><testcase classname="unit.test_snapshot_serializer.TestLoadNetwork" name="test_load_network_roundtrip" time="0.027" /><testcase classname="unit.test_snapshot_serializer.TestLoadNetwork" name="test_load_network_preserves_uuid" time="0.029" /><testcase classname="unit.test_snapshot_serializer.TestLoadNetwork" name="test_load_network_preserves_weights" time="0.026" /><testcase classname="unit.test_snapshot_serializer.TestVerifyFile" name="test_verify_valid_file" time="0.018" /><testcase classname="unit.test_snapshot_serializer.TestVerifyFile" name="test_verify_nonexistent_file" time="0.002" /><testcase classname="unit.test_snapshot_serializer.TestVerifyFile" name="test_verify_returns_format_info" time="0.021" /><testcase classname="unit.test_snapshot_serializer.TestEdgeCases" name="test_save_to_invalid_path" time="0.128" /><testcase classname="unit.test_snapshot_serializer.TestEdgeCases" name="test_load_from_invalid_path" time="0.093" /><testcase classname="unit.test_snapshot_serializer.TestEdgeCases" name="test_save_network_with_hidden_units" time="0.135" /><testcase classname="unit.test_snapshot_serializer.TestRandomStatePreservation" name="test_random_seed_preserved" time="0.027" /><testcase classname="unit.test_snapshot_serializer.TestRandomStatePreservation" name="test_deterministic_after_load" time="0.033" /><testcase classname="unit.test_snapshot_serializer.TestConfigSerialization" name="test_config_roundtrip" time="0.032" /><testcase classname="unit.test_snapshot_serializer_coverage.TestSaveTrainingHistoryEmpty" name="test_save_network_without_history" time="0.018" /><testcase classname="unit.test_snapshot_serializer_coverage.TestSaveTrainingHistoryEmpty" name="test_save_network_without_history_attribute" time="0.020" /><testcase classname="unit.test_snapshot_serializer_coverage.TestLoadTrainingHistoryEmpty" name="test_load_network_without_history_group" time="0.029" /><testcase classname="unit.test_snapshot_serializer_coverage.TestLoadHiddenUnitsEmpty" name="test_load_network_without_hidden_units_group" time="0.032" /><testcase classname="unit.test_snapshot_serializer_coverage.TestLoadOptimizerStateNonAdam" name="test_load_optimizer_non_adam_type" time="0.030" /><testcase classname="unit.test_snapshot_serializer_coverage.TestLoadOptimizerWithoutStateDict" name="test_load_optimizer_without_state_dict" time="0.028" /><testcase classname="unit.test_snapshot_serializer_coverage.TestLoadHiddenUnitMissingGroup" name="test_load_hidden_units_renumbers_correctly" time="180.147"><error message="failed on setup with &quot;Failed: Timeout (&gt;180.0s) from pytest-timeout.&quot;">src/tests/unit/test_snapshot_serializer_coverage.py:52: in network_with_hidden_units
    simple_network.fit(x, y, epochs=5)
src/cascade_correlation/cascade_correlation.py:1153: in fit
    self.grow_network(
src/cascade_correlation/cascade_correlation.py:2765: in grow_network
    if not (training_results := self._get_training_results(x_train=x_train, y_train=y_train, residual_error=residual_error)) or not training_results.best_candidate:
                                ^^^^^^^^^^^^^^^^^^^^^^^^^^^^^^^^^^^^^^^^^^^^^^^^^^^^^^^^^^^^^^^^^^^^^^^^^^^^^^^^^^^^^^^^^^^
src/cascade_correlation/cascade_correlation.py:2913: in _get_training_results
    training_results = self.train_candidates(x=x_train, y=y_train, residual_error=residual_error)
                       ^^^^^^^^^^^^^^^^^^^^^^^^^^^^^^^^^^^^^^^^^^^^^^^^^^^^^^^^^^^^^^^^^^^^^^^^^^
src/cascade_correlation/cascade_correlation.py:1365: in train_candidates
    results = self._execute_candidate_training(tasks, process_count)
              ^^^^^^^^^^^^^^^^^^^^^^^^^^^^^^^^^^^^^^^^^^^^^^^^^^^^^^
src/cascade_correlation/cascade_correlation.py:1492: in _execute_candidate_training
    results = self._execute_parallel_training(tasks, process_count)
              ^^^^^^^^^^^^^^^^^^^^^^^^^^^^^^^^^^^^^^^^^^^^^^^^^^^^^
src/cascade_correlation/cascade_correlation.py:1625: in _execute_parallel_training
    self._stop_workers(workers, task_queue)
src/cascade_correlation/cascade_correlation.py:1717: in _stop_workers
    worker.join(timeout=15)  # Increased from 10
    ^^^^^^^^^^^^^^^^^^^^^^^
/opt/miniforge3/envs/JuniperCascor/lib/python3.14/multiprocessing/process.py:156: in join
    res = self._popen.wait(timeout)
          ^^^^^^^^^^^^^^^^^^^^^^^^^
/opt/miniforge3/envs/JuniperCascor/lib/python3.14/multiprocessing/popen_fork.py:41: in wait
    if not wait([self.sentinel], timeout):
           ^^^^^^^^^^^^^^^^^^^^^^^^^^^^^^
/opt/miniforge3/envs/JuniperCascor/lib/python3.14/multiprocessing/connection.py:1165: in wait
    ready = selector.select(timeout)
            ^^^^^^^^^^^^^^^^^^^^^^^^
/opt/miniforge3/envs/JuniperCascor/lib/python3.14/selectors.py:398: in select
    fd_event_list = self._selector.poll(timeout)
                    ^^^^^^^^^^^^^^^^^^^^^^^^^^^^
E   Failed: Timeout (&gt;180.0s) from pytest-timeout.</error></testcase><testcase classname="unit.test_snapshot_serializer_coverage.TestLoadRandomStateEmpty" name="test_load_random_state_with_empty_group" time="0.036" /><testcase classname="unit.test_snapshot_serializer_coverage.TestRestoreMultiprocessingEmpty" name="test_load_network_without_mp_group" time="0.071" /><testcase classname="unit.test_snapshot_serializer_coverage.TestRestoreMultiprocessingException" name="test_restore_mp_with_corrupt_data" time="0.068" /><testcase classname="unit.test_snapshot_serializer_coverage.TestServerRoleAutostart" name="test_restore_mp_server_role_autostart" time="0.063" /><testcase classname="unit.test_snapshot_serializer_coverage.TestCreateNetworkFromFileNoConfig" name="test_create_network_no_config_group" time="0.247" /><testcase classname="unit.test_snapshot_serializer_coverage.TestCreateNetworkFromFileOldFormat" name="test_create_network_from_old_format" time="0.025" /><testcase classname="unit.test_snapshot_serializer_coverage.TestCreateNetworkFromFileException" name="test_create_network_exception_handling" time="0.202" /><testcase classname="unit.test_snapshot_serializer_coverage.TestValidateShapesException" name="test_validate_shapes_exception" time="0.277" /><testcase classname="unit.test_snapshot_serializer_coverage.TestValidateFormatVersionParseError" name="test_validate_format_unparseable_version" time="0.033" /><testcase classname="unit.test_snapshot_serializer_coverage.TestValidateFormatMissingGroups" name="test_validate_format_missing_required_group" time="0.209" /><testcase classname="unit.test_snapshot_serializer_coverage.TestValidateFormatMissingOutputLayer" name="test_validate_format_missing_output_layer" time="0.186" /><testcase classname="unit.test_snapshot_serializer_coverage.TestValidateFormatMissingOutputLayer" name="test_validate_format_missing_params_output_layer_group" time="0.206" /><testcase classname="unit.test_snapshot_serializer_coverage.TestValidateFormatHiddenUnitsInconsistent" name="test_validate_format_hidden_units_count_mismatch" time="180.160"><error message="failed on setup with &quot;Failed: Timeout (&gt;180.0s) from pytest-timeout.&quot;">src/tests/unit/test_snapshot_serializer_coverage.py:52: in network_with_hidden_units
    simple_network.fit(x, y, epochs=5)
src/cascade_correlation/cascade_correlation.py:1153: in fit
    self.grow_network(
src/cascade_correlation/cascade_correlation.py:2765: in grow_network
    if not (training_results := self._get_training_results(x_train=x_train, y_train=y_train, residual_error=residual_error)) or not training_results.best_candidate:
                                ^^^^^^^^^^^^^^^^^^^^^^^^^^^^^^^^^^^^^^^^^^^^^^^^^^^^^^^^^^^^^^^^^^^^^^^^^^^^^^^^^^^^^^^^^^^
src/cascade_correlation/cascade_correlation.py:2913: in _get_training_results
    training_results = self.train_candidates(x=x_train, y=y_train, residual_error=residual_error)
                       ^^^^^^^^^^^^^^^^^^^^^^^^^^^^^^^^^^^^^^^^^^^^^^^^^^^^^^^^^^^^^^^^^^^^^^^^^^
src/cascade_correlation/cascade_correlation.py:1365: in train_candidates
    results = self._execute_candidate_training(tasks, process_count)
              ^^^^^^^^^^^^^^^^^^^^^^^^^^^^^^^^^^^^^^^^^^^^^^^^^^^^^^
src/cascade_correlation/cascade_correlation.py:1492: in _execute_candidate_training
    results = self._execute_parallel_training(tasks, process_count)
              ^^^^^^^^^^^^^^^^^^^^^^^^^^^^^^^^^^^^^^^^^^^^^^^^^^^^^
src/cascade_correlation/cascade_correlation.py:1621: in _execute_parallel_training
    results = self._collect_training_results(result_queue, len(tasks))
              ^^^^^^^^^^^^^^^^^^^^^^^^^^^^^^^^^^^^^^^^^^^^^^^^^^^^^^^^
src/cascade_correlation/cascade_correlation.py:1680: in _collect_training_results
    result = result_queue.get(timeout=request_timeout)
             ^^^^^^^^^^^^^^^^^^^^^^^^^^^^^^^^^^^^^^^^^
&lt;string&gt;:2: in get
    ???
/opt/miniforge3/envs/JuniperCascor/lib/python3.14/multiprocessing/managers.py:832: in _callmethod
    kind, result = conn.recv()
                   ^^^^^^^^^^^
/opt/miniforge3/envs/JuniperCascor/lib/python3.14/multiprocessing/connection.py:256: in recv
    buf = self._recv_bytes()
          ^^^^^^^^^^^^^^^^^^
/opt/miniforge3/envs/JuniperCascor/lib/python3.14/multiprocessing/connection.py:447: in _recv_bytes
    buf = self._recv(4)
          ^^^^^^^^^^^^^
/opt/miniforge3/envs/JuniperCascor/lib/python3.14/multiprocessing/connection.py:412: in _recv
    chunk = read(handle, to_read)
            ^^^^^^^^^^^^^^^^^^^^^
E   Failed: Timeout (&gt;180.0s) from pytest-timeout.</error></testcase></testsuite></testsuites>
