<?xml version="1.0" ?>
<coverage version="7.13.1" timestamp="1768982358510" lines-valid="2307" lines-covered="497" line-rate="0.2154" branches-covered="0" branches-valid="0" branch-rate="0" complexity="0">
	<!-- Generated by coverage.py: https://coverage.readthedocs.io/en/7.13.1 -->
	<!-- Based on https://raw.githubusercontent.com/cobertura/web/master/htdocs/xml/coverage-04.dtd -->
	<sources>
		<source>/home/pcalnon/Development/python/Juniper/JuniperCascor/juniper_cascor/src/candidate_unit</source>
		<source>/home/pcalnon/Development/python/Juniper/JuniperCascor/juniper_cascor/src/cascade_correlation</source>
	</sources>
	<packages>
		<package name="." line-rate="0.2099" branch-rate="0" complexity="0">
			<classes>
				<class name="__init__.py" filename="__init__.py" complexity="0" line-rate="1" branch-rate="0">
					<methods/>
					<lines/>
				</class>
				<class name="candidate_unit.py" filename="candidate_unit.py" complexity="0" line-rate="0.4173" branch-rate="0">
					<methods/>
					<lines>
						<line number="41" hits="1"/>
						<line number="42" hits="1"/>
						<line number="43" hits="1"/>
						<line number="45" hits="1"/>
						<line number="46" hits="1"/>
						<line number="48" hits="1"/>
						<line number="49" hits="1"/>
						<line number="51" hits="1"/>
						<line number="69" hits="1"/>
						<line number="70" hits="1"/>
						<line number="75" hits="1"/>
						<line number="76" hits="1"/>
						<line number="78" hits="1"/>
						<line number="79" hits="1"/>
						<line number="80" hits="1"/>
						<line number="81" hits="1"/>
						<line number="82" hits="1"/>
						<line number="83" hits="1"/>
						<line number="84" hits="1"/>
						<line number="85" hits="1"/>
						<line number="86" hits="1"/>
						<line number="87" hits="1"/>
						<line number="88" hits="1"/>
						<line number="89" hits="1"/>
						<line number="90" hits="1"/>
						<line number="92" hits="1"/>
						<line number="93" hits="1"/>
						<line number="94" hits="1"/>
						<line number="95" hits="1"/>
						<line number="96" hits="1"/>
						<line number="97" hits="1"/>
						<line number="98" hits="1"/>
						<line number="99" hits="1"/>
						<line number="100" hits="1"/>
						<line number="101" hits="1"/>
						<line number="102" hits="1"/>
						<line number="103" hits="1"/>
						<line number="105" hits="1"/>
						<line number="106" hits="1"/>
						<line number="107" hits="1"/>
						<line number="108" hits="1"/>
						<line number="109" hits="1"/>
						<line number="110" hits="1"/>
						<line number="111" hits="1"/>
						<line number="112" hits="1"/>
						<line number="113" hits="1"/>
						<line number="114" hits="1"/>
						<line number="116" hits="1"/>
						<line number="117" hits="1"/>
						<line number="118" hits="1"/>
						<line number="119" hits="1"/>
						<line number="120" hits="1"/>
						<line number="121" hits="1"/>
						<line number="131" hits="1"/>
						<line number="143" hits="1"/>
						<line number="175" hits="1"/>
						<line number="182" hits="1"/>
						<line number="183" hits="1"/>
						<line number="185" hits="1"/>
						<line number="195" hits="1"/>
						<line number="196" hits="1"/>
						<line number="197" hits="1"/>
						<line number="198" hits="1"/>
						<line number="200" hits="0"/>
						<line number="202" hits="1"/>
						<line number="213" hits="1"/>
						<line number="214" hits="1"/>
						<line number="215" hits="1"/>
						<line number="216" hits="1"/>
						<line number="217" hits="1"/>
						<line number="218" hits="1"/>
						<line number="219" hits="1"/>
						<line number="220" hits="1"/>
						<line number="221" hits="1"/>
						<line number="224" hits="0"/>
						<line number="225" hits="0"/>
						<line number="227" hits="1"/>
						<line number="229" hits="1"/>
						<line number="231" hits="1"/>
						<line number="233" hits="1"/>
						<line number="235" hits="1"/>
						<line number="237" hits="1"/>
						<line number="242" hits="1"/>
						<line number="244" hits="1"/>
						<line number="248" hits="1"/>
						<line number="253" hits="1"/>
						<line number="275" hits="1"/>
						<line number="278" hits="1"/>
						<line number="279" hits="1"/>
						<line number="280" hits="1"/>
						<line number="281" hits="1"/>
						<line number="284" hits="1"/>
						<line number="285" hits="1"/>
						<line number="288" hits="1"/>
						<line number="289" hits="1"/>
						<line number="290" hits="1"/>
						<line number="291" hits="1"/>
						<line number="292" hits="1"/>
						<line number="293" hits="1"/>
						<line number="295" hits="1"/>
						<line number="296" hits="1"/>
						<line number="299" hits="1"/>
						<line number="300" hits="1"/>
						<line number="301" hits="1"/>
						<line number="302" hits="1"/>
						<line number="303" hits="1"/>
						<line number="304" hits="1"/>
						<line number="305" hits="1"/>
						<line number="308" hits="1"/>
						<line number="309" hits="1"/>
						<line number="312" hits="1"/>
						<line number="313" hits="1"/>
						<line number="314" hits="1"/>
						<line number="315" hits="1"/>
						<line number="318" hits="1"/>
						<line number="319" hits="1"/>
						<line number="320" hits="1"/>
						<line number="321" hits="1"/>
						<line number="324" hits="1"/>
						<line number="325" hits="1"/>
						<line number="326" hits="1"/>
						<line number="327" hits="1"/>
						<line number="330" hits="1"/>
						<line number="331" hits="1"/>
						<line number="332" hits="1"/>
						<line number="333" hits="1"/>
						<line number="336" hits="1"/>
						<line number="337" hits="1"/>
						<line number="345" hits="1"/>
						<line number="346" hits="1"/>
						<line number="349" hits="1"/>
						<line number="350" hits="1"/>
						<line number="351" hits="1"/>
						<line number="352" hits="1"/>
						<line number="355" hits="1"/>
						<line number="356" hits="1"/>
						<line number="357" hits="1"/>
						<line number="358" hits="1"/>
						<line number="360" hits="1"/>
						<line number="361" hits="1"/>
						<line number="366" hits="1"/>
						<line number="368" hits="1"/>
						<line number="370" hits="1"/>
						<line number="371" hits="1"/>
						<line number="372" hits="1"/>
						<line number="373" hits="1"/>
						<line number="375" hits="1"/>
						<line number="377" hits="1"/>
						<line number="379" hits="1"/>
						<line number="380" hits="1"/>
						<line number="386" hits="1"/>
						<line number="394" hits="1"/>
						<line number="395" hits="1"/>
						<line number="396" hits="1"/>
						<line number="399" hits="1"/>
						<line number="400" hits="1"/>
						<line number="401" hits="1"/>
						<line number="402" hits="1"/>
						<line number="403" hits="1"/>
						<line number="404" hits="1"/>
						<line number="405" hits="1"/>
						<line number="406" hits="1"/>
						<line number="407" hits="1"/>
						<line number="409" hits="1"/>
						<line number="410" hits="0"/>
						<line number="412" hits="0"/>
						<line number="413" hits="0"/>
						<line number="414" hits="0"/>
						<line number="417" hits="1"/>
						<line number="432" hits="1"/>
						<line number="433" hits="1"/>
						<line number="434" hits="0"/>
						<line number="435" hits="0"/>
						<line number="436" hits="1"/>
						<line number="437" hits="1"/>
						<line number="438" hits="1"/>
						<line number="439" hits="1"/>
						<line number="440" hits="1"/>
						<line number="443" hits="1"/>
						<line number="444" hits="1"/>
						<line number="445" hits="1"/>
						<line number="446" hits="1"/>
						<line number="449" hits="1"/>
						<line number="462" hits="1"/>
						<line number="463" hits="1"/>
						<line number="464" hits="1"/>
						<line number="465" hits="1"/>
						<line number="466" hits="1"/>
						<line number="467" hits="1"/>
						<line number="470" hits="1"/>
						<line number="477" hits="1"/>
						<line number="480" hits="1"/>
						<line number="493" hits="1"/>
						<line number="494" hits="1"/>
						<line number="495" hits="1"/>
						<line number="518" hits="1"/>
						<line number="519" hits="1"/>
						<line number="520" hits="1"/>
						<line number="523" hits="1"/>
						<line number="524" hits="1"/>
						<line number="525" hits="1"/>
						<line number="529" hits="1"/>
						<line number="541" hits="1"/>
						<line number="542" hits="1"/>
						<line number="545" hits="1"/>
						<line number="546" hits="0"/>
						<line number="547" hits="0"/>
						<line number="549" hits="1"/>
						<line number="550" hits="1"/>
						<line number="551" hits="1"/>
						<line number="552" hits="1"/>
						<line number="553" hits="1"/>
						<line number="561" hits="1"/>
						<line number="588" hits="0"/>
						<line number="596" hits="0"/>
						<line number="598" hits="0"/>
						<line number="600" hits="1"/>
						<line number="628" hits="0"/>
						<line number="629" hits="0"/>
						<line number="630" hits="0"/>
						<line number="631" hits="0"/>
						<line number="632" hits="0"/>
						<line number="635" hits="0"/>
						<line number="636" hits="0"/>
						<line number="637" hits="0"/>
						<line number="638" hits="0"/>
						<line number="641" hits="0"/>
						<line number="642" hits="0"/>
						<line number="643" hits="0"/>
						<line number="644" hits="0"/>
						<line number="645" hits="0"/>
						<line number="648" hits="0"/>
						<line number="649" hits="0"/>
						<line number="650" hits="0"/>
						<line number="651" hits="0"/>
						<line number="652" hits="0"/>
						<line number="653" hits="0"/>
						<line number="654" hits="0"/>
						<line number="657" hits="0"/>
						<line number="658" hits="0"/>
						<line number="659" hits="0"/>
						<line number="660" hits="0"/>
						<line number="661" hits="0"/>
						<line number="662" hits="0"/>
						<line number="663" hits="0"/>
						<line number="664" hits="0"/>
						<line number="667" hits="0"/>
						<line number="668" hits="0"/>
						<line number="679" hits="0"/>
						<line number="680" hits="0"/>
						<line number="681" hits="0"/>
						<line number="682" hits="0"/>
						<line number="685" hits="0"/>
						<line number="688" hits="0"/>
						<line number="689" hits="0"/>
						<line number="690" hits="0"/>
						<line number="691" hits="0"/>
						<line number="692" hits="0"/>
						<line number="693" hits="0"/>
						<line number="695" hits="0"/>
						<line number="696" hits="0"/>
						<line number="698" hits="0"/>
						<line number="699" hits="0"/>
						<line number="700" hits="0"/>
						<line number="701" hits="0"/>
						<line number="704" hits="0"/>
						<line number="705" hits="0"/>
						<line number="706" hits="0"/>
						<line number="707" hits="0"/>
						<line number="708" hits="0"/>
						<line number="709" hits="0"/>
						<line number="710" hits="0"/>
						<line number="711" hits="0"/>
						<line number="712" hits="0"/>
						<line number="713" hits="0"/>
						<line number="714" hits="0"/>
						<line number="715" hits="0"/>
						<line number="716" hits="0"/>
						<line number="717" hits="0"/>
						<line number="718" hits="0"/>
						<line number="721" hits="0"/>
						<line number="722" hits="0"/>
						<line number="723" hits="0"/>
						<line number="726" hits="0"/>
						<line number="727" hits="0"/>
						<line number="728" hits="0"/>
						<line number="731" hits="0"/>
						<line number="732" hits="0"/>
						<line number="735" hits="0"/>
						<line number="736" hits="0"/>
						<line number="737" hits="0"/>
						<line number="739" hits="0"/>
						<line number="740" hits="0"/>
						<line number="742" hits="0"/>
						<line number="743" hits="0"/>
						<line number="746" hits="0"/>
						<line number="751" hits="1"/>
						<line number="753" hits="0"/>
						<line number="754" hits="0"/>
						<line number="756" hits="0"/>
						<line number="757" hits="0"/>
						<line number="758" hits="0"/>
						<line number="759" hits="0"/>
						<line number="762" hits="0"/>
						<line number="763" hits="0"/>
						<line number="765" hits="0"/>
						<line number="770" hits="1"/>
						<line number="791" hits="0"/>
						<line number="792" hits="0"/>
						<line number="793" hits="0"/>
						<line number="794" hits="0"/>
						<line number="797" hits="0"/>
						<line number="798" hits="0"/>
						<line number="799" hits="0"/>
						<line number="802" hits="0"/>
						<line number="803" hits="0"/>
						<line number="806" hits="0"/>
						<line number="807" hits="0"/>
						<line number="810" hits="0"/>
						<line number="811" hits="0"/>
						<line number="812" hits="0"/>
						<line number="813" hits="0"/>
						<line number="814" hits="0"/>
						<line number="815" hits="0"/>
						<line number="816" hits="0"/>
						<line number="817" hits="0"/>
						<line number="819" hits="0"/>
						<line number="820" hits="0"/>
						<line number="821" hits="0"/>
						<line number="822" hits="0"/>
						<line number="823" hits="0"/>
						<line number="824" hits="0"/>
						<line number="826" hits="0"/>
						<line number="827" hits="0"/>
						<line number="830" hits="0"/>
						<line number="831" hits="0"/>
						<line number="843" hits="0"/>
						<line number="844" hits="0"/>
						<line number="848" hits="1"/>
						<line number="867" hits="0"/>
						<line number="868" hits="0"/>
						<line number="869" hits="0"/>
						<line number="870" hits="0"/>
						<line number="871" hits="0"/>
						<line number="874" hits="0"/>
						<line number="875" hits="0"/>
						<line number="876" hits="0"/>
						<line number="879" hits="0"/>
						<line number="882" hits="0"/>
						<line number="883" hits="0"/>
						<line number="886" hits="0"/>
						<line number="887" hits="0"/>
						<line number="888" hits="0"/>
						<line number="890" hits="0"/>
						<line number="891" hits="0"/>
						<line number="892" hits="0"/>
						<line number="895" hits="0"/>
						<line number="896" hits="0"/>
						<line number="897" hits="0"/>
						<line number="898" hits="0"/>
						<line number="899" hits="0"/>
						<line number="900" hits="0"/>
						<line number="901" hits="0"/>
						<line number="905" hits="0"/>
						<line number="915" hits="0"/>
						<line number="916" hits="0"/>
						<line number="917" hits="0"/>
						<line number="919" hits="0"/>
						<line number="920" hits="0"/>
						<line number="921" hits="0"/>
						<line number="922" hits="0"/>
						<line number="926" hits="0"/>
						<line number="929" hits="1"/>
						<line number="947" hits="0"/>
						<line number="948" hits="0"/>
						<line number="949" hits="0"/>
						<line number="950" hits="0"/>
						<line number="953" hits="0"/>
						<line number="954" hits="0"/>
						<line number="955" hits="0"/>
						<line number="956" hits="0"/>
						<line number="957" hits="0"/>
						<line number="958" hits="0"/>
						<line number="959" hits="0"/>
						<line number="961" hits="0"/>
						<line number="962" hits="0"/>
						<line number="965" hits="0"/>
						<line number="966" hits="0"/>
						<line number="967" hits="0"/>
						<line number="970" hits="0"/>
						<line number="972" hits="1"/>
						<line number="985" hits="0"/>
						<line number="986" hits="0"/>
						<line number="987" hits="0"/>
						<line number="988" hits="0"/>
						<line number="990" hits="0"/>
						<line number="991" hits="0"/>
						<line number="995" hits="1"/>
						<line number="1021" hits="0"/>
						<line number="1022" hits="0"/>
						<line number="1025" hits="0"/>
						<line number="1026" hits="0"/>
						<line number="1027" hits="0"/>
						<line number="1031" hits="0"/>
						<line number="1032" hits="0"/>
						<line number="1033" hits="0"/>
						<line number="1036" hits="0"/>
						<line number="1037" hits="0"/>
						<line number="1038" hits="0"/>
						<line number="1039" hits="0"/>
						<line number="1040" hits="0"/>
						<line number="1041" hits="0"/>
						<line number="1044" hits="0"/>
						<line number="1045" hits="0"/>
						<line number="1046" hits="0"/>
						<line number="1047" hits="0"/>
						<line number="1051" hits="0"/>
						<line number="1052" hits="0"/>
						<line number="1056" hits="0"/>
						<line number="1057" hits="0"/>
						<line number="1058" hits="0"/>
						<line number="1059" hits="0"/>
						<line number="1060" hits="0"/>
						<line number="1063" hits="0"/>
						<line number="1064" hits="0"/>
						<line number="1065" hits="0"/>
						<line number="1066" hits="0"/>
						<line number="1069" hits="0"/>
						<line number="1070" hits="0"/>
						<line number="1071" hits="0"/>
						<line number="1075" hits="0"/>
						<line number="1077" hits="0"/>
						<line number="1078" hits="0"/>
						<line number="1079" hits="0"/>
						<line number="1081" hits="0"/>
						<line number="1082" hits="0"/>
						<line number="1085" hits="0"/>
						<line number="1094" hits="1"/>
						<line number="1117" hits="0"/>
						<line number="1118" hits="0"/>
						<line number="1121" hits="0"/>
						<line number="1122" hits="0"/>
						<line number="1123" hits="0"/>
						<line number="1126" hits="0"/>
						<line number="1127" hits="0"/>
						<line number="1128" hits="0"/>
						<line number="1131" hits="0"/>
						<line number="1134" hits="0"/>
						<line number="1136" hits="0"/>
						<line number="1137" hits="0"/>
						<line number="1138" hits="0"/>
						<line number="1140" hits="0"/>
						<line number="1141" hits="0"/>
						<line number="1144" hits="0"/>
						<line number="1145" hits="0"/>
						<line number="1147" hits="0"/>
						<line number="1150" hits="0"/>
						<line number="1151" hits="0"/>
						<line number="1152" hits="0"/>
						<line number="1153" hits="0"/>
						<line number="1154" hits="0"/>
						<line number="1155" hits="0"/>
						<line number="1156" hits="0"/>
						<line number="1157" hits="0"/>
						<line number="1158" hits="0"/>
						<line number="1160" hits="0"/>
						<line number="1161" hits="0"/>
						<line number="1164" hits="0"/>
						<line number="1165" hits="0"/>
						<line number="1166" hits="0"/>
						<line number="1167" hits="0"/>
						<line number="1168" hits="0"/>
						<line number="1169" hits="0"/>
						<line number="1170" hits="0"/>
						<line number="1171" hits="0"/>
						<line number="1172" hits="0"/>
						<line number="1173" hits="0"/>
						<line number="1174" hits="0"/>
						<line number="1177" hits="0"/>
						<line number="1178" hits="0"/>
						<line number="1179" hits="0"/>
						<line number="1182" hits="0"/>
						<line number="1183" hits="0"/>
						<line number="1186" hits="0"/>
						<line number="1187" hits="0"/>
						<line number="1188" hits="0"/>
						<line number="1190" hits="0"/>
						<line number="1191" hits="0"/>
						<line number="1192" hits="0"/>
						<line number="1195" hits="0"/>
						<line number="1196" hits="0"/>
						<line number="1197" hits="0"/>
						<line number="1198" hits="0"/>
						<line number="1199" hits="0"/>
						<line number="1200" hits="0"/>
						<line number="1202" hits="0"/>
						<line number="1203" hits="0"/>
						<line number="1206" hits="0"/>
						<line number="1207" hits="0"/>
						<line number="1211" hits="1"/>
						<line number="1231" hits="0"/>
						<line number="1234" hits="0"/>
						<line number="1235" hits="0"/>
						<line number="1236" hits="0"/>
						<line number="1237" hits="0"/>
						<line number="1240" hits="0"/>
						<line number="1241" hits="0"/>
						<line number="1242" hits="0"/>
						<line number="1243" hits="0"/>
						<line number="1246" hits="0"/>
						<line number="1247" hits="0"/>
						<line number="1248" hits="0"/>
						<line number="1249" hits="0"/>
						<line number="1252" hits="0"/>
						<line number="1253" hits="0"/>
						<line number="1254" hits="0"/>
						<line number="1255" hits="0"/>
						<line number="1258" hits="0"/>
						<line number="1259" hits="0"/>
						<line number="1260" hits="0"/>
						<line number="1261" hits="0"/>
						<line number="1264" hits="0"/>
						<line number="1265" hits="0"/>
						<line number="1266" hits="0"/>
						<line number="1267" hits="0"/>
						<line number="1268" hits="0"/>
						<line number="1269" hits="0"/>
						<line number="1270" hits="0"/>
						<line number="1271" hits="0"/>
						<line number="1274" hits="0"/>
						<line number="1277" hits="0"/>
						<line number="1282" hits="1"/>
						<line number="1291" hits="1"/>
						<line number="1292" hits="1"/>
						<line number="1293" hits="1"/>
						<line number="1294" hits="1"/>
						<line number="1295" hits="1"/>
						<line number="1297" hits="1"/>
						<line number="1307" hits="1"/>
						<line number="1308" hits="1"/>
						<line number="1309" hits="1"/>
						<line number="1310" hits="1"/>
						<line number="1311" hits="1"/>
						<line number="1313" hits="1"/>
						<line number="1323" hits="1"/>
						<line number="1324" hits="1"/>
						<line number="1325" hits="1"/>
						<line number="1326" hits="1"/>
						<line number="1327" hits="1"/>
						<line number="1329" hits="1"/>
						<line number="1338" hits="0"/>
						<line number="1339" hits="0"/>
						<line number="1340" hits="0"/>
						<line number="1341" hits="0"/>
						<line number="1343" hits="0"/>
						<line number="1344" hits="0"/>
						<line number="1346" hits="1"/>
						<line number="1355" hits="0"/>
						<line number="1356" hits="0"/>
						<line number="1357" hits="0"/>
						<line number="1358" hits="0"/>
						<line number="1360" hits="0"/>
						<line number="1361" hits="0"/>
						<line number="1366" hits="1"/>
						<line number="1372" hits="0"/>
						<line number="1374" hits="1"/>
						<line number="1380" hits="0"/>
						<line number="1382" hits="1"/>
						<line number="1388" hits="0"/>
						<line number="1390" hits="1"/>
						<line number="1396" hits="0"/>
						<line number="1406" hits="1"/>
						<line number="1412" hits="0"/>
						<line number="1414" hits="1"/>
						<line number="1420" hits="0"/>
						<line number="1422" hits="1"/>
						<line number="1428" hits="0"/>
						<line number="1430" hits="1"/>
						<line number="1436" hits="0"/>
						<line number="1438" hits="1"/>
						<line number="1444" hits="0"/>
						<line number="1446" hits="1"/>
						<line number="1452" hits="0"/>
						<line number="1454" hits="1"/>
						<line number="1460" hits="0"/>
						<line number="1462" hits="1"/>
						<line number="1471" hits="1"/>
						<line number="1472" hits="1"/>
						<line number="1473" hits="1"/>
						<line number="1475" hits="0"/>
						<line number="1476" hits="0"/>
						<line number="1477" hits="1"/>
						<line number="1478" hits="1"/>
						<line number="1483" hits="1"/>
						<line number="1492" hits="0"/>
						<line number="1493" hits="0"/>
						<line number="1494" hits="0"/>
						<line number="1495" hits="0"/>
						<line number="1496" hits="0"/>
						<line number="1497" hits="0"/>
						<line number="1498" hits="0"/>
						<line number="1500" hits="1"/>
						<line number="1506" hits="0"/>
						<line number="1508" hits="1"/>
						<line number="1514" hits="0"/>
						<line number="1516" hits="1"/>
						<line number="1522" hits="0"/>
						<line number="1524" hits="1"/>
						<line number="1530" hits="0"/>
						<line number="1532" hits="1"/>
						<line number="1538" hits="0"/>
						<line number="1548" hits="1"/>
						<line number="1554" hits="0"/>
						<line number="1556" hits="1"/>
						<line number="1562" hits="0"/>
						<line number="1564" hits="1"/>
						<line number="1570" hits="0"/>
						<line number="1572" hits="1"/>
						<line number="1578" hits="0"/>
						<line number="1580" hits="1"/>
						<line number="1586" hits="0"/>
						<line number="1588" hits="1"/>
						<line number="1594" hits="0"/>
					</lines>
				</class>
				<class name="cascade_correlation.py" filename="cascade_correlation.py" complexity="0" line-rate="0.1292" branch-rate="0">
					<methods/>
					<lines>
						<line number="37" hits="1"/>
						<line number="38" hits="1"/>
						<line number="41" hits="1"/>
						<line number="42" hits="1"/>
						<line number="43" hits="1"/>
						<line number="44" hits="1"/>
						<line number="45" hits="1"/>
						<line number="46" hits="1"/>
						<line number="47" hits="1"/>
						<line number="48" hits="1"/>
						<line number="49" hits="1"/>
						<line number="50" hits="1"/>
						<line number="51" hits="1"/>
						<line number="52" hits="1"/>
						<line number="55" hits="1"/>
						<line number="56" hits="1"/>
						<line number="57" hits="1"/>
						<line number="58" hits="1"/>
						<line number="65" hits="1"/>
						<line number="78" hits="1"/>
						<line number="81" hits="1"/>
						<line number="87" hits="1"/>
						<line number="91" hits="1"/>
						<line number="92" hits="1"/>
						<line number="140" hits="1"/>
						<line number="141" hits="1"/>
						<line number="142" hits="1"/>
						<line number="147" hits="1"/>
						<line number="148" hits="1"/>
						<line number="169" hits="1"/>
						<line number="170" hits="1"/>
						<line number="186" hits="1"/>
						<line number="187" hits="1"/>
						<line number="199" hits="1"/>
						<line number="200" hits="1"/>
						<line number="203" hits="1"/>
						<line number="209" hits="0"/>
						<line number="210" hits="0"/>
						<line number="211" hits="0"/>
						<line number="214" hits="1"/>
						<line number="220" hits="0"/>
						<line number="221" hits="0"/>
						<line number="222" hits="0"/>
						<line number="226" hits="1"/>
						<line number="229" hits="1"/>
						<line number="246" hits="0"/>
						<line number="247" hits="0"/>
						<line number="248" hits="0"/>
						<line number="249" hits="0"/>
						<line number="252" hits="0"/>
						<line number="253" hits="0"/>
						<line number="254" hits="0"/>
						<line number="255" hits="0"/>
						<line number="260" hits="0"/>
						<line number="264" hits="1"/>
						<line number="265" hits="1"/>
						<line number="271" hits="1"/>
						<line number="281" hits="0"/>
						<line number="283" hits="0"/>
						<line number="284" hits="0"/>
						<line number="287" hits="1"/>
						<line number="294" hits="0"/>
						<line number="296" hits="0"/>
						<line number="297" hits="0"/>
						<line number="307" hits="1"/>
						<line number="319" hits="1"/>
						<line number="351" hits="1"/>
						<line number="358" hits="1"/>
						<line number="359" hits="1"/>
						<line number="361" hits="1"/>
						<line number="371" hits="1"/>
						<line number="372" hits="1"/>
						<line number="373" hits="0"/>
						<line number="374" hits="0"/>
						<line number="376" hits="0"/>
						<line number="378" hits="1"/>
						<line number="389" hits="1"/>
						<line number="390" hits="1"/>
						<line number="391" hits="1"/>
						<line number="392" hits="1"/>
						<line number="393" hits="0"/>
						<line number="394" hits="0"/>
						<line number="395" hits="0"/>
						<line number="396" hits="0"/>
						<line number="397" hits="0"/>
						<line number="400" hits="0"/>
						<line number="401" hits="0"/>
						<line number="403" hits="1"/>
						<line number="405" hits="1"/>
						<line number="407" hits="1"/>
						<line number="409" hits="1"/>
						<line number="411" hits="1"/>
						<line number="413" hits="1"/>
						<line number="418" hits="1"/>
						<line number="420" hits="0"/>
						<line number="426" hits="1"/>
						<line number="443" hits="1"/>
						<line number="448" hits="0"/>
						<line number="451" hits="0"/>
						<line number="454" hits="0"/>
						<line number="457" hits="0"/>
						<line number="460" hits="0"/>
						<line number="463" hits="0"/>
						<line number="466" hits="0"/>
						<line number="467" hits="0"/>
						<line number="473" hits="1"/>
						<line number="475" hits="0"/>
						<line number="476" hits="0"/>
						<line number="478" hits="0"/>
						<line number="479" hits="0"/>
						<line number="482" hits="0"/>
						<line number="483" hits="0"/>
						<line number="484" hits="0"/>
						<line number="485" hits="0"/>
						<line number="488" hits="0"/>
						<line number="489" hits="0"/>
						<line number="493" hits="1"/>
						<line number="495" hits="0"/>
						<line number="500" hits="0"/>
						<line number="505" hits="0"/>
						<line number="510" hits="0"/>
						<line number="515" hits="0"/>
						<line number="542" hits="0"/>
						<line number="543" hits="0"/>
						<line number="544" hits="0"/>
						<line number="548" hits="1"/>
						<line number="550" hits="0"/>
						<line number="555" hits="0"/>
						<line number="558" hits="0"/>
						<line number="562" hits="0"/>
						<line number="566" hits="0"/>
						<line number="573" hits="0"/>
						<line number="576" hits="0"/>
						<line number="579" hits="0"/>
						<line number="585" hits="0"/>
						<line number="588" hits="0"/>
						<line number="592" hits="0"/>
						<line number="596" hits="0"/>
						<line number="600" hits="0"/>
						<line number="601" hits="0"/>
						<line number="605" hits="0"/>
						<line number="608" hits="0"/>
						<line number="611" hits="0"/>
						<line number="615" hits="0"/>
						<line number="619" hits="0"/>
						<line number="623" hits="0"/>
						<line number="627" hits="0"/>
						<line number="633" hits="0"/>
						<line number="636" hits="0"/>
						<line number="639" hits="0"/>
						<line number="640" hits="0"/>
						<line number="646" hits="0"/>
						<line number="650" hits="0"/>
						<line number="659" hits="0"/>
						<line number="662" hits="0"/>
						<line number="666" hits="0"/>
						<line number="670" hits="1"/>
						<line number="672" hits="0"/>
						<line number="676" hits="0"/>
						<line number="680" hits="0"/>
						<line number="687" hits="0"/>
						<line number="691" hits="1"/>
						<line number="693" hits="0"/>
						<line number="700" hits="0"/>
						<line number="704" hits="0"/>
						<line number="707" hits="0"/>
						<line number="708" hits="0"/>
						<line number="709" hits="0"/>
						<line number="721" hits="0"/>
						<line number="722" hits="0"/>
						<line number="727" hits="0"/>
						<line number="728" hits="0"/>
						<line number="729" hits="0"/>
						<line number="732" hits="0"/>
						<line number="735" hits="0"/>
						<line number="738" hits="0"/>
						<line number="742" hits="0"/>
						<line number="746" hits="0"/>
						<line number="750" hits="0"/>
						<line number="754" hits="1"/>
						<line number="756" hits="0"/>
						<line number="761" hits="0"/>
						<line number="765" hits="0"/>
						<line number="769" hits="0"/>
						<line number="772" hits="0"/>
						<line number="776" hits="0"/>
						<line number="782" hits="0"/>
						<line number="785" hits="0"/>
						<line number="788" hits="0"/>
						<line number="793" hits="0"/>
						<line number="794" hits="0"/>
						<line number="799" hits="0"/>
						<line number="801" hits="1"/>
						<line number="802" hits="1"/>
						<line number="821" hits="0"/>
						<line number="828" hits="0"/>
						<line number="832" hits="1"/>
						<line number="846" hits="0"/>
						<line number="849" hits="0"/>
						<line number="850" hits="0"/>
						<line number="853" hits="0"/>
						<line number="856" hits="0"/>
						<line number="859" hits="0"/>
						<line number="862" hits="0"/>
						<line number="865" hits="0"/>
						<line number="871" hits="0"/>
						<line number="874" hits="0"/>
						<line number="880" hits="0"/>
						<line number="883" hits="0"/>
						<line number="889" hits="0"/>
						<line number="892" hits="0"/>
						<line number="904" hits="1"/>
						<line number="925" hits="0"/>
						<line number="928" hits="0"/>
						<line number="929" hits="0"/>
						<line number="932" hits="0"/>
						<line number="933" hits="0"/>
						<line number="934" hits="0"/>
						<line number="937" hits="0"/>
						<line number="938" hits="0"/>
						<line number="941" hits="0"/>
						<line number="942" hits="0"/>
						<line number="943" hits="0"/>
						<line number="952" hits="0"/>
						<line number="955" hits="0"/>
						<line number="959" hits="1"/>
						<line number="974" hits="0"/>
						<line number="977" hits="0"/>
						<line number="980" hits="0"/>
						<line number="981" hits="0"/>
						<line number="982" hits="0"/>
						<line number="985" hits="0"/>
						<line number="988" hits="0"/>
						<line number="992" hits="1"/>
						<line number="999" hits="0"/>
						<line number="1002" hits="1"/>
						<line number="1017" hits="0"/>
						<line number="1020" hits="0"/>
						<line number="1024" hits="0"/>
						<line number="1059" hits="0"/>
						<line number="1062" hits="0"/>
						<line number="1063" hits="0"/>
						<line number="1068" hits="0"/>
						<line number="1071" hits="0"/>
						<line number="1076" hits="1"/>
						<line number="1093" hits="0"/>
						<line number="1094" hits="0"/>
						<line number="1095" hits="0"/>
						<line number="1096" hits="0"/>
						<line number="1097" hits="0"/>
						<line number="1098" hits="0"/>
						<line number="1101" hits="0"/>
						<line number="1102" hits="0"/>
						<line number="1104" hits="0"/>
						<line number="1105" hits="0"/>
						<line number="1106" hits="0"/>
						<line number="1107" hits="0"/>
						<line number="1108" hits="0"/>
						<line number="1112" hits="1"/>
						<line number="1127" hits="0"/>
						<line number="1128" hits="0"/>
						<line number="1131" hits="0"/>
						<line number="1135" hits="0"/>
						<line number="1138" hits="0"/>
						<line number="1139" hits="0"/>
						<line number="1140" hits="0"/>
						<line number="1143" hits="0"/>
						<line number="1144" hits="0"/>
						<line number="1148" hits="1"/>
						<line number="1167" hits="0"/>
						<line number="1168" hits="0"/>
						<line number="1169" hits="0"/>
						<line number="1170" hits="0"/>
						<line number="1171" hits="0"/>
						<line number="1172" hits="0"/>
						<line number="1175" hits="0"/>
						<line number="1176" hits="0"/>
						<line number="1179" hits="0"/>
						<line number="1180" hits="0"/>
						<line number="1184" hits="1"/>
						<line number="1196" hits="0"/>
						<line number="1197" hits="0"/>
						<line number="1200" hits="0"/>
						<line number="1201" hits="0"/>
						<line number="1202" hits="0"/>
						<line number="1210" hits="1"/>
						<line number="1227" hits="0"/>
						<line number="1230" hits="0"/>
						<line number="1258" hits="1"/>
						<line number="1267" hits="0"/>
						<line number="1271" hits="0"/>
						<line number="1274" hits="0"/>
						<line number="1303" hits="0"/>
						<line number="1304" hits="0"/>
						<line number="1307" hits="0"/>
						<line number="1308" hits="0"/>
						<line number="1311" hits="0"/>
						<line number="1315" hits="1"/>
						<line number="1343" hits="0"/>
						<line number="1344" hits="0"/>
						<line number="1347" hits="0"/>
						<line number="1348" hits="0"/>
						<line number="1351" hits="0"/>
						<line number="1352" hits="0"/>
						<line number="1353" hits="0"/>
						<line number="1358" hits="0"/>
						<line number="1359" hits="0"/>
						<line number="1364" hits="0"/>
						<line number="1365" hits="0"/>
						<line number="1366" hits="0"/>
						<line number="1367" hits="0"/>
						<line number="1368" hits="0"/>
						<line number="1369" hits="0"/>
						<line number="1370" hits="0"/>
						<line number="1373" hits="0"/>
						<line number="1376" hits="0"/>
						<line number="1377" hits="0"/>
						<line number="1382" hits="0"/>
						<line number="1383" hits="0"/>
						<line number="1386" hits="0"/>
						<line number="1387" hits="0"/>
						<line number="1390" hits="0"/>
						<line number="1391" hits="0"/>
						<line number="1396" hits="0"/>
						<line number="1399" hits="0"/>
						<line number="1402" hits="0"/>
						<line number="1403" hits="0"/>
						<line number="1404" hits="0"/>
						<line number="1405" hits="0"/>
						<line number="1406" hits="0"/>
						<line number="1407" hits="0"/>
						<line number="1408" hits="0"/>
						<line number="1409" hits="0"/>
						<line number="1410" hits="0"/>
						<line number="1414" hits="0"/>
						<line number="1419" hits="0"/>
						<line number="1420" hits="0"/>
						<line number="1421" hits="0"/>
						<line number="1422" hits="0"/>
						<line number="1423" hits="0"/>
						<line number="1424" hits="0"/>
						<line number="1428" hits="0"/>
						<line number="1433" hits="0"/>
						<line number="1434" hits="0"/>
						<line number="1436" hits="0"/>
						<line number="1439" hits="0"/>
						<line number="1462" hits="0"/>
						<line number="1465" hits="0"/>
						<line number="1466" hits="0"/>
						<line number="1469" hits="0"/>
						<line number="1472" hits="0"/>
						<line number="1476" hits="1"/>
						<line number="1487" hits="0"/>
						<line number="1488" hits="0"/>
						<line number="1490" hits="0"/>
						<line number="1493" hits="0"/>
						<line number="1496" hits="0"/>
						<line number="1497" hits="0"/>
						<line number="1502" hits="0"/>
						<line number="1503" hits="0"/>
						<line number="1506" hits="0"/>
						<line number="1509" hits="0"/>
						<line number="1512" hits="0"/>
						<line number="1513" hits="0"/>
						<line number="1514" hits="0"/>
						<line number="1517" hits="0"/>
						<line number="1522" hits="0"/>
						<line number="1523" hits="0"/>
						<line number="1528" hits="0"/>
						<line number="1529" hits="0"/>
						<line number="1532" hits="0"/>
						<line number="1535" hits="0"/>
						<line number="1539" hits="1"/>
						<line number="1561" hits="0"/>
						<line number="1564" hits="0"/>
						<line number="1567" hits="0"/>
						<line number="1568" hits="0"/>
						<line number="1569" hits="0"/>
						<line number="1574" hits="0"/>
						<line number="1577" hits="0"/>
						<line number="1578" hits="0"/>
						<line number="1581" hits="0"/>
						<line number="1582" hits="0"/>
						<line number="1583" hits="0"/>
						<line number="1588" hits="0"/>
						<line number="1589" hits="0"/>
						<line number="1590" hits="0"/>
						<line number="1593" hits="0"/>
						<line number="1596" hits="0"/>
						<line number="1597" hits="0"/>
						<line number="1603" hits="0"/>
						<line number="1604" hits="0"/>
						<line number="1607" hits="0"/>
						<line number="1608" hits="0"/>
						<line number="1611" hits="0"/>
						<line number="1616" hits="0"/>
						<line number="1619" hits="0"/>
						<line number="1620" hits="0"/>
						<line number="1621" hits="0"/>
						<line number="1624" hits="0"/>
						<line number="1627" hits="0"/>
						<line number="1630" hits="0"/>
						<line number="1633" hits="0"/>
						<line number="1634" hits="0"/>
						<line number="1637" hits="0"/>
						<line number="1640" hits="0"/>
						<line number="1643" hits="0"/>
						<line number="1646" hits="0"/>
						<line number="1647" hits="0"/>
						<line number="1648" hits="0"/>
						<line number="1649" hits="0"/>
						<line number="1650" hits="0"/>
						<line number="1653" hits="0"/>
						<line number="1658" hits="0"/>
						<line number="1659" hits="0"/>
						<line number="1660" hits="0"/>
						<line number="1663" hits="0"/>
						<line number="1664" hits="0"/>
						<line number="1669" hits="0"/>
						<line number="1670" hits="0"/>
						<line number="1671" hits="0"/>
						<line number="1674" hits="0"/>
						<line number="1675" hits="0"/>
						<line number="1678" hits="0"/>
						<line number="1679" hits="0"/>
						<line number="1682" hits="0"/>
						<line number="1683" hits="0"/>
						<line number="1686" hits="0"/>
						<line number="1690" hits="1"/>
						<line number="1705" hits="0"/>
						<line number="1708" hits="0"/>
						<line number="1709" hits="0"/>
						<line number="1714" hits="0"/>
						<line number="1715" hits="0"/>
						<line number="1720" hits="0"/>
						<line number="1721" hits="0"/>
						<line number="1726" hits="0"/>
						<line number="1727" hits="0"/>
						<line number="1732" hits="0"/>
						<line number="1735" hits="0"/>
						<line number="1736" hits="0"/>
						<line number="1739" hits="0"/>
						<line number="1740" hits="0"/>
						<line number="1743" hits="0"/>
						<line number="1744" hits="0"/>
						<line number="1747" hits="0"/>
						<line number="1749" hits="0"/>
						<line number="1750" hits="0"/>
						<line number="1751" hits="0"/>
						<line number="1756" hits="0"/>
						<line number="1759" hits="0"/>
						<line number="1760" hits="0"/>
						<line number="1763" hits="0"/>
						<line number="1767" hits="1"/>
						<line number="1775" hits="0"/>
						<line number="1776" hits="0"/>
						<line number="1777" hits="0"/>
						<line number="1778" hits="0"/>
						<line number="1781" hits="0"/>
						<line number="1782" hits="0"/>
						<line number="1785" hits="0"/>
						<line number="1788" hits="0"/>
						<line number="1791" hits="0"/>
						<line number="1794" hits="0"/>
						<line number="1796" hits="1"/>
						<line number="1811" hits="0"/>
						<line number="1812" hits="0"/>
						<line number="1822" hits="0"/>
						<line number="1823" hits="0"/>
						<line number="1827" hits="0"/>
						<line number="1841" hits="0"/>
						<line number="1845" hits="0"/>
						<line number="1848" hits="0"/>
						<line number="1850" hits="1"/>
						<line number="1856" hits="0"/>
						<line number="1859" hits="0"/>
						<line number="1864" hits="0"/>
						<line number="1865" hits="0"/>
						<line number="1866" hits="0"/>
						<line number="1870" hits="0"/>
						<line number="1873" hits="0"/>
						<line number="1885" hits="0"/>
						<line number="1886" hits="0"/>
						<line number="1889" hits="0"/>
						<line number="1891" hits="1"/>
						<line number="1900" hits="0"/>
						<line number="1903" hits="0"/>
						<line number="1904" hits="0"/>
						<line number="1907" hits="0"/>
						<line number="1908" hits="0"/>
						<line number="1909" hits="0"/>
						<line number="1912" hits="0"/>
						<line number="1915" hits="0"/>
						<line number="1916" hits="0"/>
						<line number="1919" hits="0"/>
						<line number="1922" hits="0"/>
						<line number="1926" hits="0"/>
						<line number="1929" hits="0"/>
						<line number="1930" hits="0"/>
						<line number="1933" hits="0"/>
						<line number="1934" hits="0"/>
						<line number="1937" hits="0"/>
						<line number="1939" hits="0"/>
						<line number="1944" hits="0"/>
						<line number="1947" hits="0"/>
						<line number="1948" hits="0"/>
						<line number="1949" hits="0"/>
						<line number="1952" hits="0"/>
						<line number="1953" hits="0"/>
						<line number="1957" hits="0"/>
						<line number="1960" hits="0"/>
						<line number="1961" hits="0"/>
						<line number="1966" hits="0"/>
						<line number="1967" hits="0"/>
						<line number="1970" hits="0"/>
						<line number="1971" hits="0"/>
						<line number="1973" hits="1"/>
						<line number="1980" hits="0"/>
						<line number="1985" hits="0"/>
						<line number="1991" hits="0"/>
						<line number="1994" hits="0"/>
						<line number="1996" hits="0"/>
						<line number="1999" hits="0"/>
						<line number="2000" hits="0"/>
						<line number="2001" hits="0"/>
						<line number="2003" hits="0"/>
						<line number="2006" hits="0"/>
						<line number="2009" hits="0"/>
						<line number="2012" hits="0"/>
						<line number="2013" hits="0"/>
						<line number="2014" hits="0"/>
						<line number="2019" hits="0"/>
						<line number="2020" hits="0"/>
						<line number="2021" hits="0"/>
						<line number="2025" hits="0"/>
						<line number="2027" hits="0"/>
						<line number="2030" hits="0"/>
						<line number="2037" hits="0"/>
						<line number="2041" hits="0"/>
						<line number="2044" hits="0"/>
						<line number="2046" hits="0"/>
						<line number="2050" hits="0"/>
						<line number="2053" hits="0"/>
						<line number="2055" hits="0"/>
						<line number="2058" hits="0"/>
						<line number="2061" hits="0"/>
						<line number="2066" hits="0"/>
						<line number="2069" hits="0"/>
						<line number="2070" hits="0"/>
						<line number="2071" hits="0"/>
						<line number="2074" hits="0"/>
						<line number="2077" hits="0"/>
						<line number="2082" hits="0"/>
						<line number="2085" hits="0"/>
						<line number="2086" hits="0"/>
						<line number="2091" hits="0"/>
						<line number="2092" hits="0"/>
						<line number="2096" hits="0"/>
						<line number="2099" hits="0"/>
						<line number="2100" hits="0"/>
						<line number="2102" hits="1"/>
						<line number="2104" hits="0"/>
						<line number="2107" hits="0"/>
						<line number="2108" hits="0"/>
						<line number="2109" hits="0"/>
						<line number="2112" hits="0"/>
						<line number="2113" hits="0"/>
						<line number="2116" hits="0"/>
						<line number="2117" hits="0"/>
						<line number="2118" hits="0"/>
						<line number="2121" hits="0"/>
						<line number="2124" hits="0"/>
						<line number="2126" hits="1"/>
						<line number="2150" hits="0"/>
						<line number="2152" hits="0"/>
						<line number="2153" hits="0"/>
						<line number="2154" hits="0"/>
						<line number="2157" hits="0"/>
						<line number="2160" hits="0"/>
						<line number="2163" hits="0"/>
						<line number="2164" hits="0"/>
						<line number="2165" hits="0"/>
						<line number="2166" hits="0"/>
						<line number="2167" hits="0"/>
						<line number="2170" hits="0"/>
						<line number="2171" hits="0"/>
						<line number="2172" hits="0"/>
						<line number="2175" hits="0"/>
						<line number="2176" hits="0"/>
						<line number="2179" hits="0"/>
						<line number="2180" hits="0"/>
						<line number="2181" hits="0"/>
						<line number="2184" hits="0"/>
						<line number="2186" hits="0"/>
						<line number="2187" hits="0"/>
						<line number="2188" hits="0"/>
						<line number="2191" hits="0"/>
						<line number="2193" hits="1"/>
						<line number="2195" hits="0"/>
						<line number="2197" hits="0"/>
						<line number="2198" hits="0"/>
						<line number="2201" hits="0"/>
						<line number="2202" hits="0"/>
						<line number="2207" hits="0"/>
						<line number="2208" hits="0"/>
						<line number="2209" hits="0"/>
						<line number="2210" hits="0"/>
						<line number="2213" hits="0"/>
						<line number="2214" hits="0"/>
						<line number="2219" hits="0"/>
						<line number="2220" hits="0"/>
						<line number="2221" hits="0"/>
						<line number="2222" hits="0"/>
						<line number="2223" hits="0"/>
						<line number="2224" hits="0"/>
						<line number="2228" hits="0"/>
						<line number="2233" hits="0"/>
						<line number="2234" hits="0"/>
						<line number="2235" hits="0"/>
						<line number="2238" hits="0"/>
						<line number="2239" hits="0"/>
						<line number="2242" hits="0"/>
						<line number="2243" hits="0"/>
						<line number="2246" hits="0"/>
						<line number="2247" hits="0"/>
						<line number="2248" hits="0"/>
						<line number="2249" hits="0"/>
						<line number="2250" hits="0"/>
						<line number="2254" hits="0"/>
						<line number="2255" hits="0"/>
						<line number="2259" hits="0"/>
						<line number="2263" hits="1"/>
						<line number="2277" hits="0"/>
						<line number="2278" hits="0"/>
						<line number="2283" hits="0"/>
						<line number="2284" hits="0"/>
						<line number="2287" hits="0"/>
						<line number="2290" hits="0"/>
						<line number="2291" hits="0"/>
						<line number="2292" hits="0"/>
						<line number="2295" hits="0"/>
						<line number="2301" hits="0"/>
						<line number="2305" hits="0"/>
						<line number="2310" hits="0"/>
						<line number="2320" hits="0"/>
						<line number="2323" hits="0"/>
						<line number="2326" hits="0"/>
						<line number="2327" hits="0"/>
						<line number="2328" hits="0"/>
						<line number="2334" hits="0"/>
						<line number="2335" hits="0"/>
						<line number="2363" hits="0"/>
						<line number="2366" hits="0"/>
						<line number="2369" hits="0"/>
						<line number="2372" hits="1"/>
						<line number="2380" hits="0"/>
						<line number="2399" hits="1"/>
						<line number="2405" hits="0"/>
						<line number="2407" hits="1"/>
						<line number="2415" hits="0"/>
						<line number="2418" hits="0"/>
						<line number="2421" hits="0"/>
						<line number="2424" hits="0"/>
						<line number="2433" hits="0"/>
						<line number="2438" hits="0"/>
						<line number="2441" hits="0"/>
						<line number="2442" hits="0"/>
						<line number="2443" hits="0"/>
						<line number="2446" hits="0"/>
						<line number="2447" hits="0"/>
						<line number="2450" hits="0"/>
						<line number="2452" hits="1"/>
						<line number="2463" hits="0"/>
						<line number="2469" hits="1"/>
						<line number="2477" hits="0"/>
						<line number="2495" hits="1"/>
						<line number="2497" hits="0"/>
						<line number="2499" hits="0"/>
						<line number="2500" hits="0"/>
						<line number="2501" hits="0"/>
						<line number="2502" hits="0"/>
						<line number="2503" hits="0"/>
						<line number="2505" hits="0"/>
						<line number="2507" hits="0"/>
						<line number="2508" hits="0"/>
						<line number="2510" hits="0"/>
						<line number="2512" hits="0"/>
						<line number="2513" hits="0"/>
						<line number="2515" hits="0"/>
						<line number="2516" hits="0"/>
						<line number="2517" hits="0"/>
						<line number="2518" hits="0"/>
						<line number="2519" hits="0"/>
						<line number="2520" hits="0"/>
						<line number="2522" hits="1"/>
						<line number="2524" hits="0"/>
						<line number="2526" hits="0"/>
						<line number="2528" hits="0"/>
						<line number="2531" hits="0"/>
						<line number="2533" hits="0"/>
						<line number="2535" hits="0"/>
						<line number="2537" hits="0"/>
						<line number="2538" hits="0"/>
						<line number="2540" hits="0"/>
						<line number="2542" hits="0"/>
						<line number="2544" hits="0"/>
						<line number="2545" hits="0"/>
						<line number="2548" hits="0"/>
						<line number="2549" hits="0"/>
						<line number="2552" hits="0"/>
						<line number="2553" hits="0"/>
						<line number="2557" hits="0"/>
						<line number="2558" hits="0"/>
						<line number="2559" hits="0"/>
						<line number="2560" hits="0"/>
						<line number="2562" hits="1"/>
						<line number="2573" hits="0"/>
						<line number="2577" hits="0"/>
						<line number="2580" hits="0"/>
						<line number="2612" hits="0"/>
						<line number="2613" hits="0"/>
						<line number="2616" hits="0"/>
						<line number="2618" hits="0"/>
						<line number="2619" hits="0"/>
						<line number="2622" hits="0"/>
						<line number="2624" hits="1"/>
						<line number="2625" hits="1"/>
						<line number="2628" hits="0"/>
						<line number="2629" hits="0"/>
						<line number="2632" hits="0"/>
						<line number="2633" hits="0"/>
						<line number="2638" hits="0"/>
						<line number="2641" hits="0"/>
						<line number="2642" hits="0"/>
						<line number="2645" hits="0"/>
						<line number="2646" hits="0"/>
						<line number="2647" hits="0"/>
						<line number="2648" hits="0"/>
						<line number="2651" hits="0"/>
						<line number="2652" hits="0"/>
						<line number="2657" hits="0"/>
						<line number="2662" hits="0"/>
						<line number="2665" hits="0"/>
						<line number="2666" hits="0"/>
						<line number="2671" hits="0"/>
						<line number="2674" hits="0"/>
						<line number="2677" hits="0"/>
						<line number="2678" hits="0"/>
						<line number="2681" hits="0"/>
						<line number="2707" hits="0"/>
						<line number="2710" hits="0"/>
						<line number="2711" hits="0"/>
						<line number="2714" hits="0"/>
						<line number="2716" hits="0"/>
						<line number="2717" hits="0"/>
						<line number="2718" hits="0"/>
						<line number="2723" hits="0"/>
						<line number="2737" hits="0"/>
						<line number="2740" hits="0"/>
						<line number="2742" hits="0"/>
						<line number="2743" hits="0"/>
						<line number="2745" hits="0"/>
						<line number="2748" hits="0"/>
						<line number="2751" hits="0"/>
						<line number="2754" hits="0"/>
						<line number="2757" hits="0"/>
						<line number="2767" hits="1"/>
						<line number="2768" hits="1"/>
						<line number="2773" hits="0"/>
						<line number="2774" hits="0"/>
						<line number="2780" hits="0"/>
						<line number="2783" hits="0"/>
						<line number="2786" hits="0"/>
						<line number="2789" hits="0"/>
						<line number="2792" hits="0"/>
						<line number="2795" hits="0"/>
						<line number="2798" hits="0"/>
						<line number="2801" hits="0"/>
						<line number="2804" hits="0"/>
						<line number="2813" hits="0"/>
						<line number="2816" hits="0"/>
						<line number="2819" hits="0"/>
						<line number="2822" hits="0"/>
						<line number="2825" hits="0"/>
						<line number="2833" hits="0"/>
						<line number="2836" hits="0"/>
						<line number="2839" hits="0"/>
						<line number="2842" hits="0"/>
						<line number="2845" hits="0"/>
						<line number="2851" hits="0"/>
						<line number="2871" hits="0"/>
						<line number="2874" hits="0"/>
						<line number="2876" hits="1"/>
						<line number="2877" hits="1"/>
						<line number="2891" hits="0"/>
						<line number="2893" hits="0"/>
						<line number="2894" hits="0"/>
						<line number="2898" hits="0"/>
						<line number="2905" hits="0"/>
						<line number="2908" hits="0"/>
						<line number="2911" hits="0"/>
						<line number="2912" hits="0"/>
						<line number="2915" hits="0"/>
						<line number="2916" hits="0"/>
						<line number="2921" hits="0"/>
						<line number="2922" hits="0"/>
						<line number="2923" hits="0"/>
						<line number="2924" hits="0"/>
						<line number="2925" hits="0"/>
						<line number="2926" hits="0"/>
						<line number="2929" hits="0"/>
						<line number="2931" hits="0"/>
						<line number="2932" hits="0"/>
						<line number="2942" hits="1"/>
						<line number="2943" hits="1"/>
						<line number="2957" hits="0"/>
						<line number="2958" hits="0"/>
						<line number="2961" hits="0"/>
						<line number="2962" hits="0"/>
						<line number="2965" hits="0"/>
						<line number="2973" hits="1"/>
						<line number="2975" hits="0"/>
						<line number="2978" hits="0"/>
						<line number="2979" hits="0"/>
						<line number="2982" hits="0"/>
						<line number="2983" hits="0"/>
						<line number="2984" hits="0"/>
						<line number="2985" hits="0"/>
						<line number="2986" hits="0"/>
						<line number="2987" hits="0"/>
						<line number="2988" hits="0"/>
						<line number="2991" hits="0"/>
						<line number="2994" hits="0"/>
						<line number="2995" hits="0"/>
						<line number="2996" hits="0"/>
						<line number="2999" hits="0"/>
						<line number="3000" hits="0"/>
						<line number="3003" hits="0"/>
						<line number="3005" hits="1"/>
						<line number="3007" hits="0"/>
						<line number="3010" hits="0"/>
						<line number="3011" hits="0"/>
						<line number="3012" hits="0"/>
						<line number="3013" hits="0"/>
						<line number="3016" hits="0"/>
						<line number="3017" hits="0"/>
						<line number="3021" hits="0"/>
						<line number="3022" hits="0"/>
						<line number="3023" hits="0"/>
						<line number="3026" hits="1"/>
						<line number="3027" hits="1"/>
						<line number="3049" hits="0"/>
						<line number="3050" hits="0"/>
						<line number="3052" hits="0"/>
						<line number="3053" hits="0"/>
						<line number="3054" hits="0"/>
						<line number="3056" hits="0"/>
						<line number="3057" hits="0"/>
						<line number="3060" hits="0"/>
						<line number="3063" hits="0"/>
						<line number="3064" hits="0"/>
						<line number="3065" hits="0"/>
						<line number="3066" hits="0"/>
						<line number="3069" hits="0"/>
						<line number="3071" hits="0"/>
						<line number="3074" hits="0"/>
						<line number="3077" hits="0"/>
						<line number="3078" hits="0"/>
						<line number="3081" hits="0"/>
						<line number="3082" hits="0"/>
						<line number="3085" hits="0"/>
						<line number="3088" hits="0"/>
						<line number="3091" hits="0"/>
						<line number="3096" hits="0"/>
						<line number="3100" hits="0"/>
						<line number="3101" hits="0"/>
						<line number="3102" hits="0"/>
						<line number="3105" hits="0"/>
						<line number="3106" hits="0"/>
						<line number="3109" hits="0"/>
						<line number="3111" hits="0"/>
						<line number="3114" hits="0"/>
						<line number="3115" hits="0"/>
						<line number="3116" hits="0"/>
						<line number="3119" hits="0"/>
						<line number="3121" hits="0"/>
						<line number="3126" hits="0"/>
						<line number="3127" hits="0"/>
						<line number="3128" hits="0"/>
						<line number="3133" hits="0"/>
						<line number="3135" hits="0"/>
						<line number="3143" hits="0"/>
						<line number="3144" hits="0"/>
						<line number="3147" hits="0"/>
						<line number="3148" hits="0"/>
						<line number="3151" hits="0"/>
						<line number="3153" hits="0"/>
						<line number="3156" hits="0"/>
						<line number="3157" hits="0"/>
						<line number="3160" hits="0"/>
						<line number="3162" hits="0"/>
						<line number="3165" hits="0"/>
						<line number="3169" hits="1"/>
						<line number="3183" hits="0"/>
						<line number="3186" hits="0"/>
						<line number="3187" hits="0"/>
						<line number="3190" hits="0"/>
						<line number="3191" hits="0"/>
						<line number="3192" hits="0"/>
						<line number="3194" hits="0"/>
						<line number="3197" hits="0"/>
						<line number="3198" hits="0"/>
						<line number="3199" hits="0"/>
						<line number="3203" hits="0"/>
						<line number="3204" hits="0"/>
						<line number="3208" hits="0"/>
						<line number="3209" hits="0"/>
						<line number="3215" hits="0"/>
						<line number="3218" hits="0"/>
						<line number="3219" hits="0"/>
						<line number="3222" hits="0"/>
						<line number="3223" hits="0"/>
						<line number="3226" hits="0"/>
						<line number="3227" hits="0"/>
						<line number="3230" hits="0"/>
						<line number="3233" hits="0"/>
						<line number="3234" hits="0"/>
						<line number="3237" hits="0"/>
						<line number="3240" hits="0"/>
						<line number="3244" hits="1"/>
						<line number="3269" hits="0"/>
						<line number="3272" hits="0"/>
						<line number="3273" hits="0"/>
						<line number="3274" hits="0"/>
						<line number="3275" hits="0"/>
						<line number="3278" hits="0"/>
						<line number="3281" hits="0"/>
						<line number="3282" hits="0"/>
						<line number="3285" hits="0"/>
						<line number="3288" hits="0"/>
						<line number="3293" hits="0"/>
						<line number="3299" hits="0"/>
						<line number="3304" hits="0"/>
						<line number="3305" hits="0"/>
						<line number="3310" hits="0"/>
						<line number="3311" hits="0"/>
						<line number="3314" hits="0"/>
						<line number="3315" hits="0"/>
						<line number="3320" hits="0"/>
						<line number="3323" hits="0"/>
						<line number="3328" hits="0"/>
						<line number="3329" hits="0"/>
						<line number="3331" hits="0"/>
						<line number="3332" hits="0"/>
						<line number="3337" hits="0"/>
						<line number="3340" hits="0"/>
						<line number="3345" hits="0"/>
						<line number="3346" hits="0"/>
						<line number="3348" hits="0"/>
						<line number="3349" hits="0"/>
						<line number="3354" hits="0"/>
						<line number="3355" hits="0"/>
						<line number="3358" hits="0"/>
						<line number="3359" hits="0"/>
						<line number="3364" hits="0"/>
						<line number="3367" hits="0"/>
						<line number="3374" hits="0"/>
						<line number="3377" hits="0"/>
						<line number="3380" hits="0"/>
						<line number="3384" hits="1"/>
						<line number="3398" hits="0"/>
						<line number="3403" hits="0"/>
						<line number="3410" hits="0"/>
						<line number="3413" hits="0"/>
						<line number="3414" hits="0"/>
						<line number="3415" hits="0"/>
						<line number="3418" hits="0"/>
						<line number="3420" hits="1"/>
						<line number="3433" hits="0"/>
						<line number="3436" hits="0"/>
						<line number="3437" hits="0"/>
						<line number="3438" hits="0"/>
						<line number="3440" hits="0"/>
						<line number="3443" hits="0"/>
						<line number="3451" hits="1"/>
						<line number="3493" hits="0"/>
						<line number="3499" hits="0"/>
						<line number="3500" hits="0"/>
						<line number="3503" hits="0"/>
						<line number="3504" hits="0"/>
						<line number="3505" hits="0"/>
						<line number="3506" hits="0"/>
						<line number="3507" hits="0"/>
						<line number="3510" hits="0"/>
						<line number="3511" hits="0"/>
						<line number="3512" hits="0"/>
						<line number="3515" hits="0"/>
						<line number="3516" hits="0"/>
						<line number="3517" hits="0"/>
						<line number="3518" hits="0"/>
						<line number="3521" hits="0"/>
						<line number="3524" hits="0"/>
						<line number="3525" hits="0"/>
						<line number="3526" hits="0"/>
						<line number="3527" hits="0"/>
						<line number="3528" hits="0"/>
						<line number="3529" hits="0"/>
						<line number="3531" hits="0"/>
						<line number="3532" hits="0"/>
						<line number="3536" hits="0"/>
						<line number="3537" hits="0"/>
						<line number="3540" hits="0"/>
						<line number="3553" hits="0"/>
						<line number="3556" hits="0"/>
						<line number="3557" hits="0"/>
						<line number="3558" hits="0"/>
						<line number="3559" hits="0"/>
						<line number="3560" hits="0"/>
						<line number="3561" hits="0"/>
						<line number="3562" hits="0"/>
						<line number="3563" hits="0"/>
						<line number="3566" hits="0"/>
						<line number="3567" hits="0"/>
						<line number="3568" hits="0"/>
						<line number="3569" hits="0"/>
						<line number="3570" hits="0"/>
						<line number="3571" hits="0"/>
						<line number="3572" hits="0"/>
						<line number="3573" hits="0"/>
						<line number="3581" hits="0"/>
						<line number="3582" hits="0"/>
						<line number="3583" hits="0"/>
						<line number="3584" hits="0"/>
						<line number="3587" hits="1"/>
						<line number="3611" hits="0"/>
						<line number="3617" hits="0"/>
						<line number="3620" hits="0"/>
						<line number="3621" hits="0"/>
						<line number="3622" hits="0"/>
						<line number="3625" hits="0"/>
						<line number="3626" hits="0"/>
						<line number="3629" hits="0"/>
						<line number="3630" hits="0"/>
						<line number="3633" hits="0"/>
						<line number="3635" hits="0"/>
						<line number="3636" hits="0"/>
						<line number="3637" hits="0"/>
						<line number="3640" hits="1"/>
						<line number="3665" hits="0"/>
						<line number="3667" hits="0"/>
						<line number="3670" hits="0"/>
						<line number="3673" hits="0"/>
						<line number="3674" hits="0"/>
						<line number="3677" hits="0"/>
						<line number="3679" hits="0"/>
						<line number="3680" hits="0"/>
						<line number="3681" hits="0"/>
						<line number="3684" hits="1"/>
						<line number="3692" hits="0"/>
						<line number="3695" hits="0"/>
						<line number="3696" hits="0"/>
						<line number="3699" hits="0"/>
						<line number="3700" hits="0"/>
						<line number="3703" hits="0"/>
						<line number="3704" hits="0"/>
						<line number="3707" hits="0"/>
						<line number="3710" hits="0"/>
						<line number="3713" hits="0"/>
						<line number="3716" hits="0"/>
						<line number="3719" hits="0"/>
						<line number="3720" hits="0"/>
						<line number="3723" hits="0"/>
						<line number="3725" hits="0"/>
						<line number="3726" hits="0"/>
						<line number="3727" hits="0"/>
						<line number="3730" hits="1"/>
						<line number="3734" hits="0"/>
						<line number="3740" hits="0"/>
						<line number="3743" hits="0"/>
						<line number="3744" hits="0"/>
						<line number="3745" hits="0"/>
						<line number="3748" hits="0"/>
						<line number="3751" hits="0"/>
						<line number="3752" hits="0"/>
						<line number="3757" hits="0"/>
						<line number="3758" hits="0"/>
						<line number="3761" hits="0"/>
						<line number="3764" hits="1"/>
						<line number="3772" hits="0"/>
						<line number="3778" hits="0"/>
						<line number="3781" hits="0"/>
						<line number="3782" hits="0"/>
						<line number="3783" hits="0"/>
						<line number="3786" hits="0"/>
						<line number="3787" hits="0"/>
						<line number="3788" hits="0"/>
						<line number="3791" hits="0"/>
						<line number="3792" hits="0"/>
						<line number="3797" hits="0"/>
						<line number="3798" hits="0"/>
						<line number="3801" hits="0"/>
						<line number="3806" hits="0"/>
						<line number="3807" hits="0"/>
						<line number="3810" hits="0"/>
						<line number="3814" hits="1"/>
						<line number="3824" hits="0"/>
						<line number="3826" hits="0"/>
						<line number="3827" hits="0"/>
						<line number="3831" hits="0"/>
						<line number="3832" hits="0"/>
						<line number="3835" hits="0"/>
						<line number="3836" hits="0"/>
						<line number="3837" hits="0"/>
						<line number="3838" hits="0"/>
						<line number="3841" hits="0"/>
						<line number="3846" hits="0"/>
						<line number="3849" hits="0"/>
						<line number="3851" hits="0"/>
						<line number="3852" hits="0"/>
						<line number="3853" hits="0"/>
						<line number="3854" hits="0"/>
						<line number="3856" hits="1"/>
						<line number="3857" hits="1"/>
						<line number="3870" hits="0"/>
						<line number="3871" hits="0"/>
						<line number="3872" hits="0"/>
						<line number="3873" hits="0"/>
						<line number="3876" hits="0"/>
						<line number="3877" hits="0"/>
						<line number="3878" hits="0"/>
						<line number="3879" hits="0"/>
						<line number="3882" hits="0"/>
						<line number="3883" hits="0"/>
						<line number="3888" hits="0"/>
						<line number="3889" hits="0"/>
						<line number="3892" hits="0"/>
						<line number="3895" hits="0"/>
						<line number="3896" hits="0"/>
						<line number="3899" hits="0"/>
						<line number="3900" hits="0"/>
						<line number="3901" hits="0"/>
						<line number="3904" hits="0"/>
						<line number="3906" hits="0"/>
						<line number="3907" hits="0"/>
						<line number="3911" hits="1"/>
						<line number="3921" hits="0"/>
						<line number="3923" hits="0"/>
						<line number="3924" hits="0"/>
						<line number="3928" hits="0"/>
						<line number="3929" hits="0"/>
						<line number="3932" hits="0"/>
						<line number="3933" hits="0"/>
						<line number="3934" hits="0"/>
						<line number="3935" hits="0"/>
						<line number="3936" hits="0"/>
						<line number="3939" hits="0"/>
						<line number="3944" hits="0"/>
						<line number="3947" hits="0"/>
						<line number="3949" hits="0"/>
						<line number="3950" hits="0"/>
						<line number="3951" hits="0"/>
						<line number="3952" hits="0"/>
						<line number="3954" hits="1"/>
						<line number="3974" hits="0"/>
						<line number="3975" hits="0"/>
						<line number="3976" hits="0"/>
						<line number="3978" hits="0"/>
						<line number="3981" hits="0"/>
						<line number="3982" hits="0"/>
						<line number="3983" hits="0"/>
						<line number="3984" hits="0"/>
						<line number="3989" hits="0"/>
						<line number="3995" hits="0"/>
						<line number="3999" hits="0"/>
						<line number="4002" hits="0"/>
						<line number="4005" hits="0"/>
						<line number="4006" hits="0"/>
						<line number="4007" hits="0"/>
						<line number="4010" hits="0"/>
						<line number="4011" hits="0"/>
						<line number="4014" hits="0"/>
						<line number="4015" hits="0"/>
						<line number="4016" hits="0"/>
						<line number="4019" hits="0"/>
						<line number="4021" hits="0"/>
						<line number="4022" hits="0"/>
						<line number="4026" hits="1"/>
						<line number="4047" hits="0"/>
						<line number="4056" hits="1"/>
						<line number="4077" hits="0"/>
						<line number="4078" hits="0"/>
						<line number="4079" hits="0"/>
						<line number="4081" hits="0"/>
						<line number="4084" hits="0"/>
						<line number="4085" hits="0"/>
						<line number="4086" hits="0"/>
						<line number="4087" hits="0"/>
						<line number="4092" hits="0"/>
						<line number="4100" hits="0"/>
						<line number="4101" hits="0"/>
						<line number="4105" hits="0"/>
						<line number="4108" hits="0"/>
						<line number="4111" hits="0"/>
						<line number="4112" hits="0"/>
						<line number="4113" hits="0"/>
						<line number="4116" hits="0"/>
						<line number="4117" hits="0"/>
						<line number="4120" hits="0"/>
						<line number="4121" hits="0"/>
						<line number="4122" hits="0"/>
						<line number="4125" hits="0"/>
						<line number="4127" hits="0"/>
						<line number="4128" hits="0"/>
						<line number="4130" hits="1"/>
						<line number="4131" hits="1"/>
						<line number="4142" hits="0"/>
						<line number="4146" hits="1"/>
						<line number="4147" hits="1"/>
						<line number="4162" hits="0"/>
						<line number="4163" hits="0"/>
						<line number="4164" hits="0"/>
						<line number="4166" hits="0"/>
						<line number="4167" hits="0"/>
						<line number="4170" hits="0"/>
						<line number="4171" hits="0"/>
						<line number="4175" hits="0"/>
						<line number="4178" hits="0"/>
						<line number="4179" hits="0"/>
						<line number="4180" hits="0"/>
						<line number="4183" hits="0"/>
						<line number="4185" hits="0"/>
						<line number="4186" hits="0"/>
						<line number="4188" hits="1"/>
						<line number="4197" hits="0"/>
						<line number="4198" hits="0"/>
						<line number="4200" hits="0"/>
						<line number="4201" hits="0"/>
						<line number="4202" hits="0"/>
						<line number="4205" hits="0"/>
						<line number="4206" hits="0"/>
						<line number="4207" hits="0"/>
						<line number="4210" hits="0"/>
						<line number="4211" hits="0"/>
						<line number="4212" hits="0"/>
						<line number="4215" hits="0"/>
						<line number="4217" hits="0"/>
						<line number="4218" hits="0"/>
						<line number="4220" hits="1"/>
						<line number="4228" hits="0"/>
						<line number="4229" hits="0"/>
						<line number="4231" hits="0"/>
						<line number="4232" hits="0"/>
						<line number="4233" hits="0"/>
						<line number="4234" hits="0"/>
						<line number="4237" hits="0"/>
						<line number="4239" hits="0"/>
						<line number="4240" hits="0"/>
						<line number="4259" hits="1"/>
						<line number="4291" hits="0"/>
						<line number="4292" hits="0"/>
						<line number="4293" hits="0"/>
						<line number="4294" hits="0"/>
						<line number="4295" hits="0"/>
						<line number="4296" hits="0"/>
						<line number="4297" hits="0"/>
						<line number="4298" hits="0"/>
						<line number="4299" hits="0"/>
						<line number="4300" hits="0"/>
						<line number="4301" hits="0"/>
						<line number="4303" hits="0"/>
						<line number="4306" hits="0"/>
						<line number="4307" hits="0"/>
						<line number="4308" hits="0"/>
						<line number="4309" hits="0"/>
						<line number="4310" hits="0"/>
						<line number="4311" hits="0"/>
						<line number="4316" hits="0"/>
						<line number="4319" hits="0"/>
						<line number="4322" hits="0"/>
						<line number="4323" hits="0"/>
						<line number="4324" hits="0"/>
						<line number="4325" hits="0"/>
						<line number="4328" hits="0"/>
						<line number="4329" hits="0"/>
						<line number="4330" hits="0"/>
						<line number="4339" hits="0"/>
						<line number="4351" hits="0"/>
						<line number="4354" hits="0"/>
						<line number="4357" hits="0"/>
						<line number="4362" hits="0"/>
						<line number="4363" hits="0"/>
						<line number="4366" hits="0"/>
						<line number="4369" hits="0"/>
						<line number="4373" hits="0"/>
						<line number="4376" hits="0"/>
						<line number="4389" hits="0"/>
						<line number="4401" hits="1"/>
						<line number="4436" hits="0"/>
						<line number="4441" hits="0"/>
						<line number="4442" hits="0"/>
						<line number="4443" hits="0"/>
						<line number="4444" hits="0"/>
						<line number="4448" hits="0"/>
						<line number="4455" hits="0"/>
						<line number="4458" hits="0"/>
						<line number="4459" hits="0"/>
						<line number="4463" hits="0"/>
						<line number="4469" hits="0"/>
						<line number="4470" hits="0"/>
						<line number="4475" hits="0"/>
						<line number="4479" hits="0"/>
						<line number="4483" hits="0"/>
						<line number="4486" hits="0"/>
						<line number="4489" hits="0"/>
						<line number="4494" hits="0"/>
						<line number="4499" hits="1"/>
						<line number="4523" hits="0"/>
						<line number="4526" hits="0"/>
						<line number="4529" hits="0"/>
						<line number="4530" hits="0"/>
						<line number="4531" hits="0"/>
						<line number="4533" hits="0"/>
						<line number="4534" hits="0"/>
						<line number="4539" hits="0"/>
						<line number="4540" hits="0"/>
						<line number="4543" hits="0"/>
						<line number="4546" hits="0"/>
						<line number="4551" hits="0"/>
						<line number="4555" hits="1"/>
						<line number="4569" hits="0"/>
						<line number="4572" hits="0"/>
						<line number="4573" hits="0"/>
						<line number="4576" hits="0"/>
						<line number="4577" hits="0"/>
						<line number="4580" hits="0"/>
						<line number="4583" hits="0"/>
						<line number="4588" hits="1"/>
						<line number="4605" hits="0"/>
						<line number="4608" hits="0"/>
						<line number="4609" hits="0"/>
						<line number="4612" hits="0"/>
						<line number="4615" hits="0"/>
						<line number="4618" hits="0"/>
						<line number="4624" hits="1"/>
						<line number="4641" hits="0"/>
						<line number="4644" hits="0"/>
						<line number="4645" hits="0"/>
						<line number="4646" hits="0"/>
						<line number="4649" hits="0"/>
						<line number="4650" hits="0"/>
						<line number="4653" hits="0"/>
						<line number="4656" hits="0"/>
						<line number="4657" hits="0"/>
						<line number="4659" hits="0"/>
						<line number="4660" hits="0"/>
						<line number="4663" hits="0"/>
						<line number="4669" hits="0"/>
						<line number="4670" hits="0"/>
						<line number="4673" hits="0"/>
						<line number="4677" hits="0"/>
						<line number="4682" hits="0"/>
						<line number="4685" hits="0"/>
						<line number="4686" hits="0"/>
						<line number="4687" hits="0"/>
						<line number="4692" hits="0"/>
						<line number="4693" hits="0"/>
						<line number="4696" hits="0"/>
						<line number="4699" hits="0"/>
						<line number="4700" hits="0"/>
						<line number="4703" hits="0"/>
						<line number="4706" hits="0"/>
						<line number="4707" hits="0"/>
						<line number="4710" hits="0"/>
						<line number="4714" hits="0"/>
						<line number="4717" hits="0"/>
						<line number="4718" hits="0"/>
						<line number="4723" hits="0"/>
						<line number="4726" hits="0"/>
						<line number="4729" hits="1"/>
						<line number="4748" hits="0"/>
						<line number="4753" hits="0"/>
						<line number="4754" hits="0"/>
						<line number="4757" hits="0"/>
						<line number="4760" hits="0"/>
						<line number="4761" hits="0"/>
						<line number="4764" hits="0"/>
						<line number="4767" hits="0"/>
						<line number="4768" hits="0"/>
						<line number="4771" hits="0"/>
						<line number="4774" hits="0"/>
						<line number="4777" hits="0"/>
						<line number="4780" hits="0"/>
						<line number="4785" hits="0"/>
						<line number="4786" hits="0"/>
						<line number="4789" hits="0"/>
						<line number="4792" hits="0"/>
						<line number="4793" hits="0"/>
						<line number="4796" hits="0"/>
						<line number="4797" hits="0"/>
						<line number="4800" hits="0"/>
						<line number="4801" hits="0"/>
						<line number="4804" hits="0"/>
						<line number="4805" hits="0"/>
						<line number="4808" hits="0"/>
						<line number="4811" hits="0"/>
						<line number="4817" hits="1"/>
						<line number="4830" hits="0"/>
						<line number="4831" hits="0"/>
						<line number="4834" hits="0"/>
						<line number="4835" hits="0"/>
						<line number="4838" hits="0"/>
						<line number="4839" hits="0"/>
						<line number="4840" hits="0"/>
						<line number="4843" hits="0"/>
						<line number="4846" hits="0"/>
						<line number="4852" hits="1"/>
						<line number="4863" hits="0"/>
						<line number="4864" hits="0"/>
						<line number="4867" hits="0"/>
						<line number="4870" hits="0"/>
						<line number="4873" hits="0"/>
						<line number="4874" hits="0"/>
						<line number="4875" hits="0"/>
						<line number="4876" hits="0"/>
						<line number="4879" hits="0"/>
						<line number="4885" hits="1"/>
						<line number="4897" hits="0"/>
						<line number="4900" hits="0"/>
						<line number="4903" hits="0"/>
						<line number="4906" hits="0"/>
						<line number="4909" hits="0"/>
						<line number="4914" hits="0"/>
						<line number="4915" hits="0"/>
						<line number="4916" hits="0"/>
						<line number="4917" hits="0"/>
						<line number="4918" hits="0"/>
						<line number="4921" hits="0"/>
						<line number="4926" hits="0"/>
						<line number="4927" hits="0"/>
						<line number="4930" hits="0"/>
						<line number="4933" hits="0"/>
						<line number="4938" hits="0"/>
						<line number="4939" hits="0"/>
						<line number="4944" hits="0"/>
						<line number="4945" hits="0"/>
						<line number="4948" hits="0"/>
						<line number="4956" hits="1"/>
						<line number="4957" hits="1"/>
						<line number="4971" hits="0"/>
						<line number="4973" hits="1"/>
						<line number="4992" hits="0"/>
						<line number="4994" hits="0"/>
						<line number="4995" hits="0"/>
						<line number="5001" hits="0"/>
						<line number="5002" hits="0"/>
						<line number="5005" hits="0"/>
						<line number="5007" hits="0"/>
						<line number="5008" hits="0"/>
						<line number="5010" hits="1"/>
						<line number="5020" hits="0"/>
						<line number="5023" hits="0"/>
						<line number="5024" hits="0"/>
						<line number="5030" hits="0"/>
						<line number="5031" hits="0"/>
						<line number="5034" hits="0"/>
						<line number="5036" hits="0"/>
						<line number="5037" hits="0"/>
						<line number="5041" hits="1"/>
						<line number="5054" hits="0"/>
						<line number="5059" hits="0"/>
						<line number="5062" hits="0"/>
						<line number="5063" hits="0"/>
						<line number="5064" hits="0"/>
						<line number="5067" hits="0"/>
						<line number="5072" hits="1"/>
						<line number="5075" hits="0"/>
						<line number="5077" hits="1"/>
						<line number="5080" hits="0"/>
						<line number="5082" hits="1"/>
						<line number="5085" hits="0"/>
						<line number="5089" hits="1"/>
						<line number="5092" hits="0"/>
						<line number="5094" hits="1"/>
						<line number="5095" hits="0"/>
						<line number="5097" hits="1"/>
						<line number="5098" hits="0"/>
						<line number="5100" hits="1"/>
						<line number="5101" hits="0"/>
						<line number="5103" hits="1"/>
						<line number="5104" hits="0"/>
						<line number="5106" hits="1"/>
						<line number="5107" hits="0"/>
						<line number="5109" hits="1"/>
						<line number="5110" hits="0"/>
						<line number="5112" hits="1"/>
						<line number="5113" hits="0"/>
						<line number="5115" hits="1"/>
						<line number="5116" hits="0"/>
						<line number="5118" hits="1"/>
						<line number="5119" hits="0"/>
						<line number="5121" hits="1"/>
						<line number="5122" hits="0"/>
						<line number="5124" hits="1"/>
						<line number="5125" hits="0"/>
						<line number="5127" hits="1"/>
						<line number="5128" hits="0"/>
						<line number="5130" hits="1"/>
						<line number="5132" hits="0"/>
						<line number="5133" hits="0"/>
						<line number="5136" hits="0"/>
						<line number="5138" hits="1"/>
						<line number="5140" hits="0"/>
						<line number="5141" hits="0"/>
						<line number="5142" hits="0"/>
						<line number="5144" hits="1"/>
						<line number="5146" hits="0"/>
						<line number="5149" hits="0"/>
						<line number="5152" hits="0"/>
						<line number="5154" hits="1"/>
						<line number="5156" hits="0"/>
						<line number="5157" hits="0"/>
						<line number="5158" hits="0"/>
						<line number="5160" hits="1"/>
						<line number="5161" hits="0"/>
						<line number="5163" hits="1"/>
						<line number="5164" hits="0"/>
						<line number="5166" hits="1"/>
						<line number="5167" hits="0"/>
						<line number="5169" hits="1"/>
						<line number="5170" hits="0"/>
						<line number="5172" hits="1"/>
						<line number="5173" hits="0"/>
						<line number="5175" hits="1"/>
						<line number="5184" hits="0"/>
						<line number="5190" hits="0"/>
						<line number="5193" hits="0"/>
						<line number="5194" hits="0"/>
						<line number="5195" hits="0"/>
						<line number="5199" hits="0"/>
						<line number="5200" hits="0"/>
						<line number="5203" hits="0"/>
						<line number="5204" hits="0"/>
						<line number="5205" hits="0"/>
						<line number="5212" hits="1"/>
						<line number="5224" hits="0"/>
						<line number="5227" hits="0"/>
						<line number="5232" hits="0"/>
						<line number="5233" hits="0"/>
						<line number="5234" hits="0"/>
						<line number="5239" hits="0"/>
						<line number="5242" hits="0"/>
						<line number="5245" hits="0"/>
						<line number="5247" hits="1"/>
						<line number="5248" hits="0"/>
						<line number="5254" hits="1"/>
						<line number="5255" hits="0"/>
						<line number="5261" hits="1"/>
						<line number="5262" hits="0"/>
						<line number="5268" hits="1"/>
						<line number="5269" hits="0"/>
						<line number="5275" hits="1"/>
						<line number="5276" hits="0"/>
						<line number="5278" hits="1"/>
						<line number="5279" hits="0"/>
						<line number="5285" hits="1"/>
						<line number="5286" hits="0"/>
						<line number="5288" hits="1"/>
						<line number="5289" hits="0"/>
						<line number="5293" hits="1"/>
						<line number="5294" hits="0"/>
						<line number="5296" hits="1"/>
						<line number="5297" hits="0"/>
						<line number="5303" hits="1"/>
						<line number="5304" hits="0"/>
						<line number="5310" hits="1"/>
						<line number="5311" hits="0"/>
						<line number="5317" hits="1"/>
						<line number="5318" hits="0"/>
						<line number="5320" hits="1"/>
						<line number="5321" hits="0"/>
						<line number="5323" hits="1"/>
						<line number="5324" hits="0"/>
						<line number="5326" hits="1"/>
						<line number="5327" hits="0"/>
						<line number="5329" hits="1"/>
						<line number="5330" hits="0"/>
						<line number="5332" hits="1"/>
						<line number="5333" hits="0"/>
						<line number="5335" hits="1"/>
						<line number="5336" hits="0"/>
						<line number="5338" hits="1"/>
						<line number="5339" hits="0"/>
						<line number="5341" hits="1"/>
						<line number="5342" hits="0"/>
						<line number="5344" hits="1"/>
						<line number="5345" hits="0"/>
						<line number="5347" hits="1"/>
						<line number="5348" hits="0"/>
						<line number="5350" hits="1"/>
						<line number="5351" hits="0"/>
						<line number="5353" hits="1"/>
						<line number="5354" hits="0"/>
					</lines>
				</class>
			</classes>
		</package>
		<package name="cascade_correlation_config" line-rate="0.2778" branch-rate="0" complexity="0">
			<classes>
				<class name="__init__.py" filename="cascade_correlation_config/__init__.py" complexity="0" line-rate="1" branch-rate="0">
					<methods/>
					<lines/>
				</class>
				<class name="cascade_correlation_config.py" filename="cascade_correlation_config/cascade_correlation_config.py" complexity="0" line-rate="0.2778" branch-rate="0">
					<methods/>
					<lines>
						<line number="37" hits="1"/>
						<line number="38" hits="1"/>
						<line number="39" hits="1"/>
						<line number="40" hits="1"/>
						<line number="43" hits="1"/>
						<line number="93" hits="1"/>
						<line number="94" hits="1"/>
						<line number="96" hits="1"/>
						<line number="97" hits="1"/>
						<line number="98" hits="1"/>
						<line number="99" hits="1"/>
						<line number="100" hits="1"/>
						<line number="101" hits="1"/>
						<line number="102" hits="1"/>
						<line number="107" hits="1"/>
						<line number="110" hits="1"/>
						<line number="177" hits="0"/>
						<line number="178" hits="0"/>
						<line number="179" hits="0"/>
						<line number="182" hits="0"/>
						<line number="183" hits="0"/>
						<line number="186" hits="0"/>
						<line number="187" hits="0"/>
						<line number="188" hits="0"/>
						<line number="189" hits="0"/>
						<line number="190" hits="0"/>
						<line number="191" hits="0"/>
						<line number="192" hits="0"/>
						<line number="195" hits="0"/>
						<line number="198" hits="0"/>
						<line number="199" hits="0"/>
						<line number="202" hits="0"/>
						<line number="203" hits="0"/>
						<line number="204" hits="0"/>
						<line number="205" hits="0"/>
						<line number="206" hits="0"/>
						<line number="209" hits="0"/>
						<line number="210" hits="0"/>
						<line number="211" hits="0"/>
						<line number="212" hits="0"/>
						<line number="215" hits="0"/>
						<line number="216" hits="0"/>
						<line number="217" hits="0"/>
						<line number="218" hits="0"/>
						<line number="219" hits="0"/>
						<line number="220" hits="0"/>
						<line number="221" hits="0"/>
						<line number="222" hits="0"/>
						<line number="223" hits="0"/>
						<line number="224" hits="0"/>
						<line number="225" hits="0"/>
						<line number="226" hits="0"/>
						<line number="229" hits="0"/>
						<line number="230" hits="0"/>
						<line number="231" hits="0"/>
						<line number="232" hits="0"/>
						<line number="233" hits="0"/>
						<line number="234" hits="0"/>
						<line number="235" hits="0"/>
						<line number="238" hits="0"/>
						<line number="241" hits="0"/>
						<line number="244" hits="0"/>
						<line number="246" hits="1"/>
						<line number="248" hits="0"/>
						<line number="250" hits="0"/>
						<line number="251" hits="0"/>
						<line number="253" hits="1"/>
						<line number="255" hits="0"/>
						<line number="257" hits="0"/>
						<line number="259" hits="1"/>
						<line number="260" hits="1"/>
						<line number="281" hits="0"/>
					</lines>
				</class>
			</classes>
		</package>
		<package name="cascade_correlation_exceptions" line-rate="1" branch-rate="0" complexity="0">
			<classes>
				<class name="__init__.py" filename="cascade_correlation_exceptions/__init__.py" complexity="0" line-rate="1" branch-rate="0">
					<methods/>
					<lines/>
				</class>
				<class name="cascade_correlation_exceptions.py" filename="cascade_correlation_exceptions/cascade_correlation_exceptions.py" complexity="0" line-rate="1" branch-rate="0">
					<methods/>
					<lines>
						<line number="42" hits="1"/>
						<line number="44" hits="1"/>
						<line number="47" hits="1"/>
						<line number="49" hits="1"/>
						<line number="52" hits="1"/>
						<line number="54" hits="1"/>
						<line number="57" hits="1"/>
						<line number="63" hits="1"/>
						<line number="66" hits="1"/>
						<line number="68" hits="1"/>
					</lines>
				</class>
			</classes>
		</package>
	</packages>
</coverage>
